#
# There is insufficient memory for the Java Runtime Environment to continue.
# Native memory allocation (mmap) failed to map 252706816 bytes for Failed to commit area from 0x0000000095900000 to 0x00000000a4a00000 of length 252706816.
# Possible reasons:
#   The system is out of physical RAM or swap space
#   The process is running with CompressedOops enabled, and the Java Heap may be blocking the growth of the native heap
# Possible solutions:
#   Reduce memory load on the system
#   Increase physical memory or swap space
#   Check if swap backing store is full
#   Decrease Java heap size (-Xmx/-Xms)
#   Decrease number of Java threads
#   Decrease Java thread stack sizes (-Xss)
#   Set larger code cache with -XX:ReservedCodeCacheSize=
#   JVM is running with Unscaled Compressed Oops mode in which the Java heap is
#     placed in the first 4GB address space. The Java Heap base address is the
#     maximum limit for the native heap growth. Please use -XX:HeapBaseMinAddress
#     to set the Java Heap base and to place the Java Heap above 4GB virtual address.
# This output file may be truncated or incomplete.
#
#  Out of Memory Error (./src/hotspot/os/windows/os_windows.cpp:3301), pid=7084, tid=868
#
# JRE version: OpenJDK Runtime Environment (11.0.10) (build 11.0.10+0-b96-7249189)
# Java VM: OpenJDK 64-Bit Server VM (11.0.10+0-b96-7249189, mixed mode, tiered, compressed oops, g1 gc, windows-amd64)
# No core dump will be written. Minidumps are not enabled by default on client versions of Windows
#

---------------  S U M M A R Y ------------

Command Line: --add-opens=java.base/java.util=ALL-UNNAMED --add-opens=java.base/java.lang=ALL-UNNAMED --add-opens=java.base/java.lang.invoke=ALL-UNNAMED --add-opens=java.base/java.util=ALL-UNNAMED --add-opens=java.prefs/java.util.prefs=ALL-UNNAMED --add-opens=java.prefs/java.util.prefs=ALL-UNNAMED --add-opens=java.base/java.nio.charset=ALL-UNNAMED --add-opens=java.base/java.net=ALL-UNNAMED --add-opens=java.base/java.util.concurrent.atomic=ALL-UNNAMED -Xmx2048m -Dfile.encoding=UTF-8 -Duser.country=RU -Duser.language=ru -Duser.variant org.gradle.launcher.daemon.bootstrap.GradleDaemon 7.0.2

Host: Intel(R) Core(TM) i3-2370M CPU @ 2.40GHz, 4 cores, 3G,  Windows 10 , 64 bit Build 17763 (10.0.17763.2145)
Time: Mon Jan 31 10:35:12 2022 RTZ 2 (ceia) elapsed time: 85.092548 seconds (0d 0h 1m 25s)

---------------  T H R E A D  ---------------

Current thread (0x000002044acae000):  VMThread "VM Thread" [stack: 0x0000004e4ed00000,0x0000004e4ee00000] [id=868]

Stack: [0x0000004e4ed00000,0x0000004e4ee00000]
[error occurred during error reporting (printing stack bounds), id 0xc0000005, EXCEPTION_ACCESS_VIOLATION (0xc0000005) at pc=0x0000020434bf0f2d]

Native frames: (J=compiled Java code, j=interpreted, Vv=VM code, C=native code)
V  [jvm.dll+0x5ecfaa]
V  [jvm.dll+0x722bd5]
V  [jvm.dll+0x72412d]
V  [jvm.dll+0x724745]
V  [jvm.dll+0x7246fb]
V  [jvm.dll+0x5ec348]
V  [jvm.dll+0x5ecad8]
C  [ntdll.dll+0xa4a2f]
C  [ntdll.dll+0x4cef]
C  [ntdll.dll+0xa379e]
C  0x0000020434bf0f2d

VM_Operation (0x0000004e530fc830): G1CollectForAllocation, mode: safepoint, requested by thread 0x000002044d97e000


---------------  P R O C E S S  ---------------

Threads class SMR info:
_java_thread_list=0x000002044dc05e30, length=68, elements={
0x000002043110c000, 0x000002044acb1800, 0x000002044acb3000, 0x000002044acbc800,
0x000002044acd2000, 0x000002044acd5800, 0x000002044acda800, 0x000002044ace5000,
0x000002044acf7000, 0x000002044b781000, 0x000002044cc8d800, 0x000002044b8ed800,
0x000002044e1fe800, 0x000002044c979800, 0x000002044dca2000, 0x000002044dde9000,
0x000002044ed21800, 0x000002044c73f800, 0x000002044e715800, 0x000002044e718000,
0x000002044e712000, 0x000002044e719000, 0x000002044e717000, 0x000002044e716800,
0x000002044e713000, 0x000002044e714800, 0x000002044e714000, 0x00000204509e0800,
0x00000204509e6000, 0x00000204509e5000, 0x00000204509e1000, 0x00000204509e7000,
0x00000204509ee000, 0x00000204509ed800, 0x00000204509e8800, 0x00000204509eb000,
0x00000204509eb800, 0x00000204509ef000, 0x00000204509ec800, 0x00000204509e9800,
0x000002044eed9800, 0x000002044eedb800, 0x000002044eed8000, 0x000002044eede800,
0x000002044eedd800, 0x000002044eedc000, 0x000002044eed9000, 0x000002044eee4800,
0x000002044eee0000, 0x000002044eee3800, 0x000002044eee5000, 0x000002044eee2000,
0x000002044eee1000, 0x000002044eee2800, 0x000002044d977800, 0x000002044d979000,
0x000002044d978000, 0x000002044d97a000, 0x000002044d974000, 0x000002044d97e000,
0x000002044d97e800, 0x000002044d973000, 0x000002044d97a800, 0x000002044d982000,
0x000002044d97c000, 0x000002044d980800, 0x000002044d97d000, 0x000002044d981000
}

Java Threads: ( => current thread )
  0x000002043110c000 JavaThread "main" [_thread_blocked, id=3720, stack(0x0000004e4e700000,0x0000004e4e800000)]
  0x000002044acb1800 JavaThread "Reference Handler" daemon [_thread_blocked, id=7584, stack(0x0000004e4ee00000,0x0000004e4ef00000)]
  0x000002044acb3000 JavaThread "Finalizer" daemon [_thread_blocked, id=7596, stack(0x0000004e4ef00000,0x0000004e4f000000)]
  0x000002044acbc800 JavaThread "Signal Dispatcher" daemon [_thread_blocked, id=1084, stack(0x0000004e4f000000,0x0000004e4f100000)]
  0x000002044acd2000 JavaThread "Attach Listener" daemon [_thread_blocked, id=6928, stack(0x0000004e4f100000,0x0000004e4f200000)]
  0x000002044acd5800 JavaThread "Service Thread" daemon [_thread_blocked, id=8024, stack(0x0000004e4f200000,0x0000004e4f300000)]
  0x000002044acda800 JavaThread "C2 CompilerThread0" daemon [_thread_blocked, id=1744, stack(0x0000004e4f300000,0x0000004e4f400000)]
  0x000002044ace5000 JavaThread "C1 CompilerThread0" daemon [_thread_blocked, id=7928, stack(0x0000004e4f400000,0x0000004e4f500000)]
  0x000002044acf7000 JavaThread "Sweeper thread" daemon [_thread_blocked, id=4992, stack(0x0000004e4f500000,0x0000004e4f600000)]
  0x000002044b781000 JavaThread "Common-Cleaner" daemon [_thread_blocked, id=7916, stack(0x0000004e4f600000,0x0000004e4f700000)]
  0x000002044cc8d800 JavaThread "Daemon health stats" [_thread_blocked, id=8068, stack(0x0000004e4fa00000,0x0000004e4fb00000)]
  0x000002044b8ed800 JavaThread "Incoming local TCP Connector on port 50114" [_thread_in_native, id=5636, stack(0x0000004e4f800000,0x0000004e4f900000)]
  0x000002044e1fe800 JavaThread "Daemon periodic checks" [_thread_blocked, id=3640, stack(0x0000004e4fd00000,0x0000004e4fe00000)]
  0x000002044c979800 JavaThread "Daemon" [_thread_blocked, id=1428, stack(0x0000004e4fe00000,0x0000004e4ff00000)]
  0x000002044dca2000 JavaThread "Handler for socket connection from /127.0.0.1:50114 to /127.0.0.1:50115" [_thread_in_native, id=7468, stack(0x0000004e4ff00000,0x0000004e50000000)]
  0x000002044dde9000 JavaThread "Cancel handler" [_thread_blocked, id=6140, stack(0x0000004e50000000,0x0000004e50100000)]
  0x000002044ed21800 JavaThread "Daemon worker" [_thread_blocked, id=7832, stack(0x0000004e50100000,0x0000004e50200000)]
  0x000002044c73f800 JavaThread "Asynchronous log dispatcher for DefaultDaemonConnection: socket connection from /127.0.0.1:50114 to /127.0.0.1:50115" [_thread_blocked, id=7900, stack(0x0000004e50200000,0x0000004e50300000)]
  0x000002044e715800 JavaThread "Daemon client event forwarder" [_thread_blocked, id=4948, stack(0x0000004e50400000,0x0000004e50500000)]
  0x000002044e718000 JavaThread "Cache worker for file hash cache (C:\Users\Home\.gradle\caches\7.0.2\fileHashes)" [_thread_blocked, id=4328, stack(0x0000004e50500000,0x0000004e50600000)]
  0x000002044e712000 JavaThread "File lock request listener" [_thread_in_native, id=5492, stack(0x0000004e50600000,0x0000004e50700000)]
  0x000002044e719000 JavaThread "Cache worker for journal cache (C:\Users\Home\.gradle\caches\journal-1)" [_thread_blocked, id=3212, stack(0x0000004e50700000,0x0000004e50800000)]
  0x000002044e717000 JavaThread "Cache worker for file hash cache (D:\AndroidProjects\UseCase\.gradle\7.0.2\fileHashes)" [_thread_blocked, id=7124, stack(0x0000004e50800000,0x0000004e50900000)]
  0x000002044e716800 JavaThread "File watcher server" daemon [_thread_blocked, id=360, stack(0x0000004e50900000,0x0000004e50a00000)]
  0x000002044e713000 JavaThread "File watcher consumer" daemon [_thread_blocked, id=6604, stack(0x0000004e50a00000,0x0000004e50b00000)]
  0x000002044e714800 JavaThread "Cache worker for checksums cache (D:\AndroidProjects\UseCase\.gradle\checksums)" [_thread_blocked, id=6916, stack(0x0000004e50b00000,0x0000004e50c00000)]
  0x000002044e714000 JavaThread "Cache worker for cache directory md-supplier (C:\Users\Home\.gradle\caches\7.0.2\md-supplier)" [_thread_blocked, id=4824, stack(0x0000004e50c00000,0x0000004e50d00000)]
  0x00000204509e0800 JavaThread "Cache worker for cache directory md-rule (C:\Users\Home\.gradle\caches\7.0.2\md-rule)" [_thread_blocked, id=1836, stack(0x0000004e50e00000,0x0000004e50f00000)]
  0x00000204509e6000 JavaThread "Cache worker for execution history cache (C:\Users\Home\.gradle\caches\7.0.2\executionHistory)" [_thread_blocked, id=7692, stack(0x0000004e50f00000,0x0000004e51000000)]
  0x00000204509e5000 JavaThread "jar transforms" [_thread_blocked, id=3768, stack(0x0000004e51000000,0x0000004e51100000)]
  0x00000204509e1000 JavaThread "jar transforms Thread 2" [_thread_blocked, id=2436, stack(0x0000004e51100000,0x0000004e51200000)]
  0x00000204509e7000 JavaThread "Cache worker for file content cache (C:\Users\Home\.gradle\caches\7.0.2\fileContent)" [_thread_blocked, id=1544, stack(0x0000004e51200000,0x0000004e51300000)]
  0x00000204509ee000 JavaThread "Cache worker for dependencies-accessors (D:\AndroidProjects\UseCase\.gradle\7.0.2\dependencies-accessors)" [_thread_blocked, id=5480, stack(0x0000004e51300000,0x0000004e51400000)]
  0x00000204509ed800 JavaThread "jar transforms Thread 3" [_thread_blocked, id=1464, stack(0x0000004e51400000,0x0000004e51500000)]
  0x00000204509e8800 JavaThread "Cache worker for Build Output Cleanup Cache (D:\AndroidProjects\UseCase\.gradle\buildOutputCleanup)" [_thread_blocked, id=7192, stack(0x0000004e51500000,0x0000004e51600000)]
  0x00000204509eb000 JavaThread "Build operations" [_thread_blocked, id=7112, stack(0x0000004e51600000,0x0000004e51700000)]
  0x00000204509eb800 JavaThread "Build operations Thread 2" [_thread_blocked, id=2736, stack(0x0000004e51700000,0x0000004e51800000)]
  0x00000204509ef000 JavaThread "Build operations Thread 3" [_thread_blocked, id=2396, stack(0x0000004e51800000,0x0000004e51900000)]
  0x00000204509ec800 JavaThread "Build operations Thread 4" [_thread_blocked, id=6564, stack(0x0000004e51900000,0x0000004e51a00000)]
  0x00000204509e9800 JavaThread "jar transforms Thread 4" [_thread_blocked, id=652, stack(0x0000004e51a00000,0x0000004e51b00000)]
  0x000002044eed9800 JavaThread "Memory manager" [_thread_blocked, id=5332, stack(0x0000004e51b00000,0x0000004e51c00000)]
  0x000002044eedb800 JavaThread "build event listener" [_thread_blocked, id=4432, stack(0x0000004e51c00000,0x0000004e51d00000)]
  0x000002044eed8000 JavaThread "build event listener" [_thread_blocked, id=2380, stack(0x0000004e51d00000,0x0000004e51e00000)]
  0x000002044eede800 JavaThread "Execution worker for ':'" [_thread_blocked, id=7768, stack(0x0000004e51e00000,0x0000004e51f00000)]
  0x000002044eedd800 JavaThread "Execution worker for ':' Thread 2" [_thread_blocked, id=340, stack(0x0000004e51f00000,0x0000004e52000000)]
  0x000002044eedc000 JavaThread "Execution worker for ':' Thread 3" [_thread_blocked, id=800, stack(0x0000004e52000000,0x0000004e52100000)]
  0x000002044eed9000 JavaThread "Cache worker for execution history cache (D:\AndroidProjects\UseCase\.gradle\7.0.2\executionHistory)" [_thread_blocked, id=5832, stack(0x0000004e52100000,0x0000004e52200000)]
  0x000002044eee4800 JavaThread "RMI Scheduler(0)" daemon [_thread_blocked, id=7200, stack(0x0000004e52200000,0x0000004e52300000)]
  0x000002044eee0000 JavaThread "RMI GC Daemon" daemon [_thread_blocked, id=1540, stack(0x0000004e52400000,0x0000004e52500000)]
  0x000002044eee3800 JavaThread "RMI TCP Accept-0" daemon [_thread_in_native, id=1076, stack(0x0000004e52500000,0x0000004e52600000)]
  0x000002044eee5000 JavaThread "RMI Reaper" [_thread_blocked, id=3000, stack(0x0000004e52600000,0x0000004e52700000)]
  0x000002044eee2000 JavaThread "RMI TCP Connection(idle)" daemon [_thread_blocked, id=8076, stack(0x0000004e52700000,0x0000004e52800000)]
  0x000002044eee1000 JavaThread "pool-2-thread-1" [_thread_blocked, id=1928, stack(0x0000004e4e400000,0x0000004e4e500000)]
  0x000002044eee2800 JavaThread "stderr" [_thread_in_native, id=832, stack(0x0000004e52300000,0x0000004e52400000)]
  0x000002044d977800 JavaThread "stdout" [_thread_in_native, id=7120, stack(0x0000004e52800000,0x0000004e52900000)]
  0x000002044d979000 JavaThread "WorkerExecutor Queue" [_thread_blocked, id=5220, stack(0x0000004e52b00000,0x0000004e52c00000)]
  0x000002044d978000 JavaThread "RMI TCP Connection(idle)" daemon [_thread_blocked, id=5176, stack(0x0000004e52d00000,0x0000004e52e00000)]
  0x000002044d97a000 JavaThread "Cache worker for Java compile cache (C:\Users\Home\.gradle\caches\7.0.2\javaCompile)" [_thread_blocked, id=8100, stack(0x0000004e52c00000,0x0000004e52d00000)]
  0x000002044d974000 JavaThread "Cache worker for Java compile cache (D:\AndroidProjects\UseCase\.gradle\7.0.2\javaCompile)" [_thread_blocked, id=3700, stack(0x0000004e52e00000,0x0000004e52f00000)]
  0x000002044d97e000 JavaThread "WorkerExecutor Queue Thread 3" [_thread_blocked, id=3052, stack(0x0000004e53000000,0x0000004e53100000)]
  0x000002044d97e800 JavaThread "RMI TCP Connection(idle)" daemon [_thread_blocked, id=6324, stack(0x0000004e53200000,0x0000004e53300000)]
  0x000002044d973000 JavaThread "C2 CompilerThread1" daemon [_thread_blocked, id=1472, stack(0x0000004e50d00000,0x0000004e50e00000)]
  0x000002044d97a800 JavaThread "WorkerExecutor Queue Thread 4" [_thread_blocked, id=7808, stack(0x0000004e4e500000,0x0000004e4e600000)]
  0x000002044d982000 JavaThread "WorkerExecutor Queue Thread 5" [_thread_blocked, id=3324, stack(0x0000004e4e600000,0x0000004e4e700000)]
  0x000002044d97c000 JavaThread "ForkJoinPool-1-worker-3" daemon [_thread_blocked, id=5172, stack(0x0000004e50300000,0x0000004e50400000)]
  0x000002044d980800 JavaThread "ForkJoinPool-1-worker-5" daemon [_thread_blocked, id=2928, stack(0x0000004e53100000,0x0000004e53200000)]
  0x000002044d97d000 JavaThread "ForkJoinPool-1-worker-7" daemon [_thread_blocked, id=8060, stack(0x0000004e53300000,0x0000004e53400000)]
  0x000002044d981000 JavaThread "ForkJoinPool-1-worker-1" daemon [_thread_blocked, id=3728, stack(0x0000004e53400000,0x0000004e53500000)]

Other Threads:
=>0x000002044acae000 VMThread "VM Thread" [stack: 0x0000004e4ed00000,0x0000004e4ee00000] [id=868]
  0x000002044b7a4000 WatcherThread [stack: 0x0000004e4f700000,0x0000004e4f800000] [id=6004]
  0x0000020431123800 GCTaskThread "GC Thread#0" [stack: 0x0000004e4e800000,0x0000004e4e900000] [id=8116]
  0x000002044bf2c000 GCTaskThread "GC Thread#1" [stack: 0x0000004e4f900000,0x0000004e4fa00000] [id=300]
  0x000002044dbd9800 GCTaskThread "GC Thread#2" [stack: 0x0000004e4fb00000,0x0000004e4fc00000] [id=3664]
  0x000002044ccbf000 GCTaskThread "GC Thread#3" [stack: 0x0000004e4fc00000,0x0000004e4fd00000] [id=4456]
  0x0000020431156800 ConcurrentGCThread "G1 Main Marker" [stack: 0x0000004e4e900000,0x0000004e4ea00000] [id=8080]
  0x0000020431158000 ConcurrentGCThread "G1 Conc#0" [stack: 0x0000004e4ea00000,0x0000004e4eb00000] [id=6152]
  0x00000204311b0800 ConcurrentGCThread "G1 Refine#0" [stack: 0x0000004e4eb00000,0x0000004e4ec00000] [id=6724]
  0x0000020452bfb000 ConcurrentGCThread "G1 Refine#1" [stack: 0x0000004e52f00000,0x0000004e53000000] [id=7092]
  0x0000020452b6c000 ConcurrentGCThread "G1 Refine#2" [stack: 0x0000004e53500000,0x0000004e53600000] [id=4780]
  0x00000204311b1800 ConcurrentGCThread "G1 Young RemSet Sampling" [stack: 0x0000004e4ec00000,0x0000004e4ed00000] [id=7576]

Threads with active compile tasks:
C2 CompilerThread0  85108 21217   !   4       com.android.tools.r8.graph.i::a (1446 bytes)
C1 CompilerThread0  85108 21422   !   2       com.google.common.io.MultiInputStream::close (31 bytes)
C2 CompilerThread1  85108 21084       4       java.util.Arrays::sort (47 bytes)

VM state:at safepoint (normal execution)

VM Mutex/Monitor currently owned by a thread:  ([mutex/lock_event])
[0x0000020431109e10] Threads_lock - owner thread: 0x000002044acae000
[0x000002043110b2e0] Heap_lock - owner thread: 0x000002044d97e000

Heap address: 0x0000000080000000, size: 2048 MB, Compressed Oops mode: 32-bit
Narrow klass base: 0x0000000000000000, Narrow klass shift: 3
Compressed class space size: 1073741824 Address: 0x0000000100000000

Heap:
 garbage-first heap   total 600064K, used 222813K [0x0000000080000000, 0x0000000100000000)
  region size 1024K, 5 young (5120K), 5 survivors (5120K)
 Metaspace       used 125720K, capacity 129138K, committed 129228K, reserved 1161216K
  class space    used 15978K, capacity 17291K, committed 17356K, reserved 1048576K
Heap Regions: E=young(eden), S=young(survivor), O=old, HS=humongous(starts), HC=humongous(continues), CS=collection set, F=free, A=archive, TAMS=top-at-mark-start (previous, next)
|   0|0x0000000080000000, 0x0000000080100000, 0x0000000080100000|100%| O|  |TAMS 0x0000000080100000, 0x0000000080000000| Untracked 
|   1|0x0000000080100000, 0x0000000080200000, 0x0000000080200000|100%| O|  |TAMS 0x0000000080200000, 0x0000000080100000| Untracked 
|   2|0x0000000080200000, 0x0000000080300000, 0x0000000080300000|100%| O|  |TAMS 0x0000000080300000, 0x0000000080200000| Untracked 
|   3|0x0000000080300000, 0x0000000080400000, 0x0000000080400000|100%|HS|  |TAMS 0x0000000080400000, 0x0000000080300000| Complete 
|   4|0x0000000080400000, 0x0000000080500000, 0x0000000080500000|100%|HC|  |TAMS 0x0000000080500000, 0x0000000080400000| Complete 
|   5|0x0000000080500000, 0x0000000080600000, 0x0000000080600000|100%|HC|  |TAMS 0x0000000080600000, 0x0000000080500000| Complete 
|   6|0x0000000080600000, 0x0000000080700000, 0x0000000080700000|100%| O|  |TAMS 0x0000000080700000, 0x0000000080600000| Untracked 
|   7|0x0000000080700000, 0x0000000080800000, 0x0000000080800000|100%| O|  |TAMS 0x0000000080800000, 0x0000000080700000| Untracked 
|   8|0x0000000080800000, 0x0000000080900000, 0x0000000080900000|100%| O|  |TAMS 0x0000000080900000, 0x0000000080800000| Untracked 
|   9|0x0000000080900000, 0x0000000080a00000, 0x0000000080a00000|100%| O|  |TAMS 0x0000000080a00000, 0x0000000080900000| Untracked 
|  10|0x0000000080a00000, 0x0000000080b00000, 0x0000000080b00000|100%| O|  |TAMS 0x0000000080b00000, 0x0000000080a00000| Untracked 
|  11|0x0000000080b00000, 0x0000000080c00000, 0x0000000080c00000|100%| O|  |TAMS 0x0000000080c00000, 0x0000000080b00000| Untracked 
|  12|0x0000000080c00000, 0x0000000080d00000, 0x0000000080d00000|100%| O|  |TAMS 0x0000000080d00000, 0x0000000080c00000| Untracked 
|  13|0x0000000080d00000, 0x0000000080e00000, 0x0000000080e00000|100%| O|  |TAMS 0x0000000080e00000, 0x0000000080d00000| Untracked 
|  14|0x0000000080e00000, 0x0000000080f00000, 0x0000000080f00000|100%| O|  |TAMS 0x0000000080f00000, 0x0000000080e00000| Untracked 
|  15|0x0000000080f00000, 0x0000000081000000, 0x0000000081000000|100%| O|  |TAMS 0x0000000081000000, 0x0000000080f00000| Untracked 
|  16|0x0000000081000000, 0x0000000081100000, 0x0000000081100000|100%| O|  |TAMS 0x0000000081100000, 0x0000000081000000| Untracked 
|  17|0x0000000081100000, 0x0000000081200000, 0x0000000081200000|100%| O|  |TAMS 0x0000000081200000, 0x0000000081100000| Untracked 
|  18|0x0000000081200000, 0x0000000081300000, 0x0000000081300000|100%| O|  |TAMS 0x0000000081300000, 0x0000000081200000| Untracked 
|  19|0x0000000081300000, 0x0000000081400000, 0x0000000081400000|100%| O|  |TAMS 0x0000000081400000, 0x0000000081300000| Untracked 
|  20|0x0000000081400000, 0x0000000081500000, 0x0000000081500000|100%| O|  |TAMS 0x0000000081500000, 0x0000000081400000| Untracked 
|  21|0x0000000081500000, 0x0000000081600000, 0x0000000081600000|100%| O|  |TAMS 0x0000000081600000, 0x0000000081500000| Untracked 
|  22|0x0000000081600000, 0x0000000081700000, 0x0000000081700000|100%| O|  |TAMS 0x0000000081700000, 0x0000000081600000| Untracked 
|  23|0x0000000081700000, 0x0000000081800000, 0x0000000081800000|100%| O|  |TAMS 0x0000000081800000, 0x0000000081700000| Untracked 
|  24|0x0000000081800000, 0x0000000081900000, 0x0000000081900000|100%| O|  |TAMS 0x0000000081900000, 0x0000000081800000| Untracked 
|  25|0x0000000081900000, 0x0000000081a00000, 0x0000000081a00000|100%| O|  |TAMS 0x0000000081a00000, 0x0000000081900000| Untracked 
|  26|0x0000000081a00000, 0x0000000081b00000, 0x0000000081b00000|100%|HS|  |TAMS 0x0000000081b00000, 0x0000000081a00000| Complete 
|  27|0x0000000081b00000, 0x0000000081c00000, 0x0000000081c00000|100%|HS|  |TAMS 0x0000000081c00000, 0x0000000081b00000| Complete 
|  28|0x0000000081c00000, 0x0000000081d00000, 0x0000000081d00000|100%|HS|  |TAMS 0x0000000081d00000, 0x0000000081c00000| Complete 
|  29|0x0000000081d00000, 0x0000000081e00000, 0x0000000081e00000|100%|HS|  |TAMS 0x0000000081e00000, 0x0000000081d00000| Complete 
|  30|0x0000000081e00000, 0x0000000081f00000, 0x0000000081f00000|100%|HC|  |TAMS 0x0000000081f00000, 0x0000000081e00000| Complete 
|  31|0x0000000081f00000, 0x0000000082000000, 0x0000000082000000|100%|HC|  |TAMS 0x0000000082000000, 0x0000000081f00000| Complete 
|  32|0x0000000082000000, 0x0000000082100000, 0x0000000082100000|100%| O|  |TAMS 0x0000000082100000, 0x0000000082000000| Untracked 
|  33|0x0000000082100000, 0x0000000082200000, 0x0000000082200000|100%| O|  |TAMS 0x0000000082200000, 0x0000000082100000| Untracked 
|  34|0x0000000082200000, 0x0000000082300000, 0x0000000082300000|100%| O|  |TAMS 0x0000000082300000, 0x0000000082200000| Untracked 
|  35|0x0000000082300000, 0x0000000082400000, 0x0000000082400000|100%| O|  |TAMS 0x0000000082400000, 0x0000000082300000| Untracked 
|  36|0x0000000082400000, 0x0000000082500000, 0x0000000082500000|100%|HS|  |TAMS 0x0000000082500000, 0x0000000082400000| Complete 
|  37|0x0000000082500000, 0x0000000082600000, 0x0000000082600000|100%|HC|  |TAMS 0x0000000082600000, 0x0000000082500000| Complete 
|  38|0x0000000082600000, 0x0000000082700000, 0x0000000082700000|100%| O|  |TAMS 0x0000000082700000, 0x0000000082600000| Untracked 
|  39|0x0000000082700000, 0x0000000082800000, 0x0000000082800000|100%| O|  |TAMS 0x0000000082800000, 0x0000000082700000| Untracked 
|  40|0x0000000082800000, 0x0000000082900000, 0x0000000082900000|100%| O|  |TAMS 0x0000000082900000, 0x0000000082800000| Untracked 
|  41|0x0000000082900000, 0x0000000082a00000, 0x0000000082a00000|100%| O|  |TAMS 0x0000000082a00000, 0x0000000082900000| Untracked 
|  42|0x0000000082a00000, 0x0000000082b00000, 0x0000000082b00000|100%| O|  |TAMS 0x0000000082b00000, 0x0000000082a00000| Untracked 
|  43|0x0000000082b00000, 0x0000000082c00000, 0x0000000082c00000|100%| O|  |TAMS 0x0000000082c00000, 0x0000000082b00000| Untracked 
|  44|0x0000000082c00000, 0x0000000082d00000, 0x0000000082d00000|100%| O|  |TAMS 0x0000000082d00000, 0x0000000082c00000| Untracked 
|  45|0x0000000082d00000, 0x0000000082e00000, 0x0000000082e00000|100%| O|  |TAMS 0x0000000082e00000, 0x0000000082d00000| Untracked 
|  46|0x0000000082e00000, 0x0000000082f00000, 0x0000000082f00000|100%| O|  |TAMS 0x0000000082f00000, 0x0000000082e00000| Untracked 
|  47|0x0000000082f00000, 0x0000000083000000, 0x0000000083000000|100%| O|  |TAMS 0x0000000083000000, 0x0000000082f00000| Untracked 
|  48|0x0000000083000000, 0x0000000083100000, 0x0000000083100000|100%| O|  |TAMS 0x0000000083100000, 0x0000000083000000| Untracked 
|  49|0x0000000083100000, 0x0000000083200000, 0x0000000083200000|100%| O|  |TAMS 0x0000000083200000, 0x0000000083100000| Untracked 
|  50|0x0000000083200000, 0x0000000083300000, 0x0000000083300000|100%| O|  |TAMS 0x0000000083300000, 0x0000000083200000| Untracked 
|  51|0x0000000083300000, 0x0000000083400000, 0x0000000083400000|100%| O|  |TAMS 0x0000000083400000, 0x0000000083300000| Untracked 
|  52|0x0000000083400000, 0x0000000083500000, 0x0000000083500000|100%| O|  |TAMS 0x0000000083500000, 0x0000000083400000| Untracked 
|  53|0x0000000083500000, 0x0000000083600000, 0x0000000083600000|100%| O|  |TAMS 0x0000000083600000, 0x0000000083500000| Untracked 
|  54|0x0000000083600000, 0x0000000083700000, 0x0000000083700000|100%| O|  |TAMS 0x0000000083700000, 0x0000000083600000| Untracked 
|  55|0x0000000083700000, 0x0000000083800000, 0x0000000083800000|100%| O|  |TAMS 0x0000000083800000, 0x0000000083700000| Untracked 
|  56|0x0000000083800000, 0x0000000083900000, 0x0000000083900000|100%| O|  |TAMS 0x0000000083900000, 0x0000000083800000| Untracked 
|  57|0x0000000083900000, 0x0000000083a00000, 0x0000000083a00000|100%| O|  |TAMS 0x0000000083a00000, 0x0000000083900000| Untracked 
|  58|0x0000000083a00000, 0x0000000083b00000, 0x0000000083b00000|100%| O|  |TAMS 0x0000000083b00000, 0x0000000083a00000| Untracked 
|  59|0x0000000083b00000, 0x0000000083c00000, 0x0000000083c00000|100%| O|  |TAMS 0x0000000083c00000, 0x0000000083b00000| Untracked 
|  60|0x0000000083c00000, 0x0000000083d00000, 0x0000000083d00000|100%| O|  |TAMS 0x0000000083d00000, 0x0000000083c00000| Untracked 
|  61|0x0000000083d00000, 0x0000000083e00000, 0x0000000083e00000|100%| O|  |TAMS 0x0000000083e00000, 0x0000000083d00000| Untracked 
|  62|0x0000000083e00000, 0x0000000083f00000, 0x0000000083f00000|100%| O|  |TAMS 0x0000000083f00000, 0x0000000083e00000| Untracked 
|  63|0x0000000083f00000, 0x0000000084000000, 0x0000000084000000|100%| O|  |TAMS 0x0000000084000000, 0x0000000083f00000| Untracked 
|  64|0x0000000084000000, 0x0000000084100000, 0x0000000084100000|100%| O|  |TAMS 0x0000000084100000, 0x0000000084000000| Untracked 
|  65|0x0000000084100000, 0x0000000084200000, 0x0000000084200000|100%| O|  |TAMS 0x0000000084200000, 0x0000000084100000| Untracked 
|  66|0x0000000084200000, 0x0000000084300000, 0x0000000084300000|100%| O|  |TAMS 0x0000000084300000, 0x0000000084200000| Untracked 
|  67|0x0000000084300000, 0x0000000084400000, 0x0000000084400000|100%| O|  |TAMS 0x0000000084400000, 0x0000000084300000| Untracked 
|  68|0x0000000084400000, 0x0000000084500000, 0x0000000084500000|100%| O|  |TAMS 0x0000000084500000, 0x0000000084400000| Untracked 
|  69|0x0000000084500000, 0x0000000084600000, 0x0000000084600000|100%| O|  |TAMS 0x0000000084600000, 0x0000000084500000| Untracked 
|  70|0x0000000084600000, 0x0000000084700000, 0x0000000084700000|100%| O|  |TAMS 0x0000000084700000, 0x0000000084600000| Untracked 
|  71|0x0000000084700000, 0x0000000084800000, 0x0000000084800000|100%| O|  |TAMS 0x0000000084800000, 0x0000000084700000| Untracked 
|  72|0x0000000084800000, 0x0000000084900000, 0x0000000084900000|100%| O|  |TAMS 0x0000000084900000, 0x0000000084800000| Untracked 
|  73|0x0000000084900000, 0x0000000084a00000, 0x0000000084a00000|100%| O|  |TAMS 0x0000000084a00000, 0x0000000084900000| Untracked 
|  74|0x0000000084a00000, 0x0000000084b00000, 0x0000000084b00000|100%| O|  |TAMS 0x0000000084b00000, 0x0000000084a00000| Untracked 
|  75|0x0000000084b00000, 0x0000000084c00000, 0x0000000084c00000|100%| O|  |TAMS 0x0000000084c00000, 0x0000000084b00000| Untracked 
|  76|0x0000000084c00000, 0x0000000084d00000, 0x0000000084d00000|100%| O|  |TAMS 0x0000000084d00000, 0x0000000084c00000| Untracked 
|  77|0x0000000084d00000, 0x0000000084e00000, 0x0000000084e00000|100%| O|  |TAMS 0x0000000084e00000, 0x0000000084d00000| Untracked 
|  78|0x0000000084e00000, 0x0000000084f00000, 0x0000000084f00000|100%| O|  |TAMS 0x0000000084f00000, 0x0000000084e00000| Untracked 
|  79|0x0000000084f00000, 0x0000000085000000, 0x0000000085000000|100%| O|  |TAMS 0x0000000085000000, 0x0000000084f00000| Untracked 
|  80|0x0000000085000000, 0x0000000085100000, 0x0000000085100000|100%| O|  |TAMS 0x0000000085100000, 0x0000000085000000| Untracked 
|  81|0x0000000085100000, 0x0000000085200000, 0x0000000085200000|100%| O|  |TAMS 0x0000000085200000, 0x0000000085100000| Untracked 
|  82|0x0000000085200000, 0x0000000085300000, 0x0000000085300000|100%| O|  |TAMS 0x0000000085300000, 0x0000000085200000| Untracked 
|  83|0x0000000085300000, 0x0000000085400000, 0x0000000085400000|100%| O|  |TAMS 0x0000000085400000, 0x0000000085300000| Untracked 
|  84|0x0000000085400000, 0x0000000085500000, 0x0000000085500000|100%| O|  |TAMS 0x0000000085500000, 0x0000000085400000| Untracked 
|  85|0x0000000085500000, 0x0000000085600000, 0x0000000085600000|100%| O|  |TAMS 0x0000000085600000, 0x0000000085500000| Untracked 
|  86|0x0000000085600000, 0x0000000085700000, 0x0000000085700000|100%| O|  |TAMS 0x0000000085700000, 0x0000000085600000| Untracked 
|  87|0x0000000085700000, 0x0000000085800000, 0x0000000085800000|100%| O|  |TAMS 0x0000000085800000, 0x0000000085700000| Untracked 
|  88|0x0000000085800000, 0x0000000085900000, 0x0000000085900000|100%| O|  |TAMS 0x0000000085900000, 0x0000000085800000| Untracked 
|  89|0x0000000085900000, 0x0000000085a00000, 0x0000000085a00000|100%| O|  |TAMS 0x0000000085a00000, 0x0000000085900000| Untracked 
|  90|0x0000000085a00000, 0x0000000085b00000, 0x0000000085b00000|100%| O|  |TAMS 0x0000000085b00000, 0x0000000085a00000| Untracked 
|  91|0x0000000085b00000, 0x0000000085c00000, 0x0000000085c00000|100%| O|  |TAMS 0x0000000085c00000, 0x0000000085b00000| Untracked 
|  92|0x0000000085c00000, 0x0000000085d00000, 0x0000000085d00000|100%| O|  |TAMS 0x0000000085d00000, 0x0000000085c00000| Untracked 
|  93|0x0000000085d00000, 0x0000000085e00000, 0x0000000085e00000|100%| O|  |TAMS 0x0000000085e00000, 0x0000000085d00000| Untracked 
|  94|0x0000000085e00000, 0x0000000085f00000, 0x0000000085f00000|100%| O|  |TAMS 0x0000000085f00000, 0x0000000085e00000| Untracked 
|  95|0x0000000085f00000, 0x0000000086000000, 0x0000000086000000|100%| O|  |TAMS 0x0000000085f00000, 0x0000000085f00000| Untracked 
|  96|0x0000000086000000, 0x0000000086100000, 0x0000000086100000|100%| O|  |TAMS 0x0000000086100000, 0x0000000086000000| Untracked 
|  97|0x0000000086100000, 0x0000000086200000, 0x0000000086200000|100%| O|  |TAMS 0x0000000086200000, 0x0000000086100000| Untracked 
|  98|0x0000000086200000, 0x0000000086300000, 0x0000000086300000|100%| O|  |TAMS 0x0000000086300000, 0x0000000086200000| Untracked 
|  99|0x0000000086300000, 0x0000000086400000, 0x0000000086400000|100%| O|  |TAMS 0x0000000086379600, 0x0000000086300000| Untracked 
| 100|0x0000000086400000, 0x0000000086500000, 0x0000000086500000|100%| O|  |TAMS 0x0000000086500000, 0x0000000086400000| Untracked 
| 101|0x0000000086500000, 0x0000000086600000, 0x0000000086600000|100%|HS|  |TAMS 0x0000000086600000, 0x0000000086500000| Complete 
| 102|0x0000000086600000, 0x0000000086700000, 0x0000000086700000|100%| O|  |TAMS 0x0000000086700000, 0x0000000086600000| Untracked 
| 103|0x0000000086700000, 0x0000000086800000, 0x0000000086800000|100%| O|  |TAMS 0x0000000086800000, 0x0000000086700000| Untracked 
| 104|0x0000000086800000, 0x0000000086900000, 0x0000000086900000|100%| O|  |TAMS 0x0000000086900000, 0x0000000086800000| Untracked 
| 105|0x0000000086900000, 0x0000000086a00000, 0x0000000086a00000|100%| O|  |TAMS 0x0000000086a00000, 0x0000000086900000| Untracked 
| 106|0x0000000086a00000, 0x0000000086b00000, 0x0000000086b00000|100%| O|  |TAMS 0x0000000086a00000, 0x0000000086a00000| Untracked 
| 107|0x0000000086b00000, 0x0000000086c00000, 0x0000000086c00000|100%| O|  |TAMS 0x0000000086b00000, 0x0000000086b00000| Untracked 
| 108|0x0000000086c00000, 0x0000000086d00000, 0x0000000086d00000|100%| O|  |TAMS 0x0000000086c00000, 0x0000000086c00000| Untracked 
| 109|0x0000000086d00000, 0x0000000086e00000, 0x0000000086e00000|100%| O|  |TAMS 0x0000000086e00000, 0x0000000086d00000| Untracked 
| 110|0x0000000086e00000, 0x0000000086f00000, 0x0000000086f00000|100%| O|  |TAMS 0x0000000086f00000, 0x0000000086e00000| Untracked 
| 111|0x0000000086f00000, 0x0000000087000000, 0x0000000087000000|100%| O|  |TAMS 0x0000000087000000, 0x0000000086f00000| Untracked 
| 112|0x0000000087000000, 0x0000000087100000, 0x0000000087100000|100%| O|  |TAMS 0x0000000087100000, 0x0000000087000000| Untracked 
| 113|0x0000000087100000, 0x0000000087200000, 0x0000000087200000|100%| O|  |TAMS 0x0000000087200000, 0x0000000087100000| Untracked 
| 114|0x0000000087200000, 0x0000000087300000, 0x0000000087300000|100%| O|  |TAMS 0x0000000087300000, 0x0000000087200000| Untracked 
| 115|0x0000000087300000, 0x0000000087400000, 0x0000000087400000|100%| O|  |TAMS 0x0000000087400000, 0x0000000087300000| Untracked 
| 116|0x0000000087400000, 0x0000000087500000, 0x0000000087500000|100%| O|  |TAMS 0x0000000087500000, 0x0000000087400000| Untracked 
| 117|0x0000000087500000, 0x0000000087600000, 0x0000000087600000|100%| O|  |TAMS 0x0000000087600000, 0x0000000087500000| Untracked 
| 118|0x0000000087600000, 0x0000000087700000, 0x0000000087700000|100%| O|  |TAMS 0x0000000087700000, 0x0000000087600000| Untracked 
| 119|0x0000000087700000, 0x0000000087800000, 0x0000000087800000|100%| O|  |TAMS 0x0000000087800000, 0x0000000087700000| Untracked 
| 120|0x0000000087800000, 0x0000000087900000, 0x0000000087900000|100%|HS|  |TAMS 0x0000000087900000, 0x0000000087800000| Complete 
| 121|0x0000000087900000, 0x0000000087a00000, 0x0000000087a00000|100%| O|  |TAMS 0x0000000087a00000, 0x0000000087900000| Untracked 
| 122|0x0000000087a00000, 0x0000000087b00000, 0x0000000087b00000|100%| O|  |TAMS 0x0000000087b00000, 0x0000000087a00000| Untracked 
| 123|0x0000000087b00000, 0x0000000087c00000, 0x0000000087c00000|100%| O|  |TAMS 0x0000000087c00000, 0x0000000087b00000| Untracked 
| 124|0x0000000087c00000, 0x0000000087d00000, 0x0000000087d00000|100%| O|  |TAMS 0x0000000087d00000, 0x0000000087c00000| Untracked 
| 125|0x0000000087d00000, 0x0000000087e00000, 0x0000000087e00000|100%| O|  |TAMS 0x0000000087d00000, 0x0000000087d00000| Untracked 
| 126|0x0000000087e00000, 0x0000000087f00000, 0x0000000087f00000|100%| O|  |TAMS 0x0000000087f00000, 0x0000000087e00000| Untracked 
| 127|0x0000000087f00000, 0x0000000087f00000, 0x0000000088000000|  0%| F|  |TAMS 0x0000000087f00000, 0x0000000087f00000| Untracked 
| 128|0x0000000088000000, 0x0000000088000000, 0x0000000088100000|  0%| F|  |TAMS 0x0000000088000000, 0x0000000088000000| Untracked 
| 129|0x0000000088100000, 0x0000000088200000, 0x0000000088200000|100%|HS|  |TAMS 0x0000000088200000, 0x0000000088100000| Complete 
| 130|0x0000000088200000, 0x0000000088300000, 0x0000000088300000|100%| O|  |TAMS 0x0000000088200000, 0x0000000088200000| Untracked 
| 131|0x0000000088300000, 0x0000000088400000, 0x0000000088400000|100%| O|  |TAMS 0x0000000088400000, 0x0000000088300000| Untracked 
| 132|0x0000000088400000, 0x0000000088500000, 0x0000000088500000|100%| O|  |TAMS 0x0000000088500000, 0x0000000088400000| Untracked 
| 133|0x0000000088500000, 0x0000000088500000, 0x0000000088600000|  0%| F|  |TAMS 0x0000000088500000, 0x0000000088500000| Untracked 
| 134|0x0000000088600000, 0x0000000088600000, 0x0000000088700000|  0%| F|  |TAMS 0x0000000088600000, 0x0000000088600000| Untracked 
| 135|0x0000000088700000, 0x0000000088800000, 0x0000000088800000|100%| O|  |TAMS 0x0000000088700000, 0x0000000088700000| Untracked 
| 136|0x0000000088800000, 0x0000000088900000, 0x0000000088900000|100%| O|  |TAMS 0x0000000088900000, 0x0000000088800000| Untracked 
| 137|0x0000000088900000, 0x0000000088a00000, 0x0000000088a00000|100%| O|  |TAMS 0x0000000088900000, 0x0000000088900000| Untracked 
| 138|0x0000000088a00000, 0x0000000088b00000, 0x0000000088b00000|100%| O|  |TAMS 0x0000000088a00000, 0x0000000088a00000| Untracked 
| 139|0x0000000088b00000, 0x0000000088c00000, 0x0000000088c00000|100%| O|  |TAMS 0x0000000088b00000, 0x0000000088b00000| Untracked 
| 140|0x0000000088c00000, 0x0000000088d00000, 0x0000000088d00000|100%| O|  |TAMS 0x0000000088c00000, 0x0000000088c00000| Untracked 
| 141|0x0000000088d00000, 0x0000000088e00000, 0x0000000088e00000|100%| O|  |TAMS 0x0000000088e00000, 0x0000000088d00000| Untracked 
| 142|0x0000000088e00000, 0x0000000088f00000, 0x0000000088f00000|100%| O|  |TAMS 0x0000000088f00000, 0x0000000088e00000| Untracked 
| 143|0x0000000088f00000, 0x0000000089000000, 0x0000000089000000|100%|HS|  |TAMS 0x0000000088f00000, 0x0000000088f00000| Complete 
| 144|0x0000000089000000, 0x0000000089100000, 0x0000000089100000|100%|HS|  |TAMS 0x0000000089000000, 0x0000000089000000| Complete 
| 145|0x0000000089100000, 0x0000000089200000, 0x0000000089200000|100%|HS|  |TAMS 0x0000000089200000, 0x0000000089100000| Complete 
| 146|0x0000000089200000, 0x0000000089300000, 0x0000000089300000|100%|HC|  |TAMS 0x0000000089300000, 0x0000000089200000| Complete 
| 147|0x0000000089300000, 0x0000000089400000, 0x0000000089400000|100%|HS|  |TAMS 0x0000000089400000, 0x0000000089300000| Complete 
| 148|0x0000000089400000, 0x0000000089500000, 0x0000000089500000|100%|HC|  |TAMS 0x0000000089500000, 0x0000000089400000| Complete 
| 149|0x0000000089500000, 0x0000000089600000, 0x0000000089600000|100%|HC|  |TAMS 0x0000000089600000, 0x0000000089500000| Complete 
| 150|0x0000000089600000, 0x0000000089700000, 0x0000000089700000|100%| O|  |TAMS 0x0000000089600000, 0x0000000089600000| Untracked 
| 151|0x0000000089700000, 0x0000000089800000, 0x0000000089800000|100%| O|  |TAMS 0x0000000089700000, 0x0000000089700000| Untracked 
| 152|0x0000000089800000, 0x0000000089900000, 0x0000000089900000|100%|HS|  |TAMS 0x0000000089900000, 0x0000000089800000| Complete 
| 153|0x0000000089900000, 0x0000000089a00000, 0x0000000089a00000|100%|HC|  |TAMS 0x0000000089a00000, 0x0000000089900000| Complete 
| 154|0x0000000089a00000, 0x0000000089b00000, 0x0000000089b00000|100%|HS|  |TAMS 0x0000000089b00000, 0x0000000089a00000| Complete 
| 155|0x0000000089b00000, 0x0000000089c00000, 0x0000000089c00000|100%| O|  |TAMS 0x0000000089b00000, 0x0000000089b00000| Untracked 
| 156|0x0000000089c00000, 0x0000000089d00000, 0x0000000089d00000|100%|HS|  |TAMS 0x0000000089d00000, 0x0000000089c00000| Complete 
| 157|0x0000000089d00000, 0x0000000089e00000, 0x0000000089e00000|100%| O|  |TAMS 0x0000000089d00000, 0x0000000089d00000| Untracked 
| 158|0x0000000089e00000, 0x0000000089f00000, 0x0000000089f00000|100%| O|  |TAMS 0x0000000089e00000, 0x0000000089e00000| Untracked 
| 159|0x0000000089f00000, 0x000000008a000000, 0x000000008a000000|100%| O|  |TAMS 0x0000000089f00000, 0x0000000089f00000| Untracked 
| 160|0x000000008a000000, 0x000000008a100000, 0x000000008a100000|100%|HS|  |TAMS 0x000000008a000000, 0x000000008a000000| Complete 
| 161|0x000000008a100000, 0x000000008a200000, 0x000000008a200000|100%|HC|  |TAMS 0x000000008a100000, 0x000000008a100000| Complete 
| 162|0x000000008a200000, 0x000000008a300000, 0x000000008a300000|100%|HC|  |TAMS 0x000000008a200000, 0x000000008a200000| Complete 
| 163|0x000000008a300000, 0x000000008a400000, 0x000000008a400000|100%| O|  |TAMS 0x000000008a300000, 0x000000008a300000| Untracked 
| 164|0x000000008a400000, 0x000000008a500000, 0x000000008a500000|100%| O|  |TAMS 0x000000008a400000, 0x000000008a400000| Untracked 
| 165|0x000000008a500000, 0x000000008a600000, 0x000000008a600000|100%| O|  |TAMS 0x000000008a500000, 0x000000008a500000| Untracked 
| 166|0x000000008a600000, 0x000000008a700000, 0x000000008a700000|100%| O|  |TAMS 0x000000008a600000, 0x000000008a600000| Untracked 
| 167|0x000000008a700000, 0x000000008a800000, 0x000000008a800000|100%| O|  |TAMS 0x000000008a700000, 0x000000008a700000| Untracked 
| 168|0x000000008a800000, 0x000000008a900000, 0x000000008a900000|100%| O|  |TAMS 0x000000008a800000, 0x000000008a800000| Untracked 
| 169|0x000000008a900000, 0x000000008aa00000, 0x000000008aa00000|100%| O|  |TAMS 0x000000008a900000, 0x000000008a900000| Untracked 
| 170|0x000000008aa00000, 0x000000008ab00000, 0x000000008ab00000|100%| O|  |TAMS 0x000000008aa00000, 0x000000008aa00000| Untracked 
| 171|0x000000008ab00000, 0x000000008abffff8, 0x000000008ac00000| 99%| O|  |TAMS 0x000000008ab00000, 0x000000008ab00000| Untracked 
| 172|0x000000008ac00000, 0x000000008ad00000, 0x000000008ad00000|100%| O|  |TAMS 0x000000008ac00000, 0x000000008ac00000| Untracked 
| 173|0x000000008ad00000, 0x000000008ae00000, 0x000000008ae00000|100%| O|  |TAMS 0x000000008ad00000, 0x000000008ad00000| Untracked 
| 174|0x000000008ae00000, 0x000000008af00000, 0x000000008af00000|100%| O|  |TAMS 0x000000008ae00000, 0x000000008ae00000| Untracked 
| 175|0x000000008af00000, 0x000000008b000000, 0x000000008b000000|100%| O|  |TAMS 0x000000008af00000, 0x000000008af00000| Untracked 
| 176|0x000000008b000000, 0x000000008b100000, 0x000000008b100000|100%| O|  |TAMS 0x000000008b000000, 0x000000008b000000| Untracked 
| 177|0x000000008b100000, 0x000000008b200000, 0x000000008b200000|100%| O|  |TAMS 0x000000008b100000, 0x000000008b100000| Untracked 
| 178|0x000000008b200000, 0x000000008b300000, 0x000000008b300000|100%| O|  |TAMS 0x000000008b200000, 0x000000008b200000| Untracked 
| 179|0x000000008b300000, 0x000000008b400000, 0x000000008b400000|100%| O|  |TAMS 0x000000008b300000, 0x000000008b300000| Untracked 
| 180|0x000000008b400000, 0x000000008b500000, 0x000000008b500000|100%| O|  |TAMS 0x000000008b400000, 0x000000008b400000| Untracked 
| 181|0x000000008b500000, 0x000000008b600000, 0x000000008b600000|100%| O|  |TAMS 0x000000008b500000, 0x000000008b500000| Untracked 
| 182|0x000000008b600000, 0x000000008b700000, 0x000000008b700000|100%| O|  |TAMS 0x000000008b600000, 0x000000008b600000| Untracked 
| 183|0x000000008b700000, 0x000000008b7cb800, 0x000000008b800000| 79%| O|  |TAMS 0x000000008b700000, 0x000000008b700000| Untracked 
| 184|0x000000008b800000, 0x000000008b800000, 0x000000008b900000|  0%| F|  |TAMS 0x000000008b800000, 0x000000008b800000| Untracked 
| 185|0x000000008b900000, 0x000000008b900000, 0x000000008ba00000|  0%| F|  |TAMS 0x000000008b900000, 0x000000008b900000| Untracked 
| 186|0x000000008ba00000, 0x000000008bb00000, 0x000000008bb00000|100%| O|  |TAMS 0x000000008ba00000, 0x000000008ba00000| Untracked 
| 187|0x000000008bb00000, 0x000000008bc00000, 0x000000008bc00000|100%| O|  |TAMS 0x000000008bb00000, 0x000000008bb00000| Untracked 
| 188|0x000000008bc00000, 0x000000008bd00000, 0x000000008bd00000|100%| O|  |TAMS 0x000000008bc00000, 0x000000008bc00000| Untracked 
| 189|0x000000008bd00000, 0x000000008be00000, 0x000000008be00000|100%| O|  |TAMS 0x000000008bd00000, 0x000000008bd00000| Untracked 
| 190|0x000000008be00000, 0x000000008bf00000, 0x000000008bf00000|100%| O|  |TAMS 0x000000008be00000, 0x000000008be00000| Untracked 
| 191|0x000000008bf00000, 0x000000008c000000, 0x000000008c000000|100%| O|  |TAMS 0x000000008bf00000, 0x000000008bf00000| Untracked 
| 192|0x000000008c000000, 0x000000008c000000, 0x000000008c100000|  0%| F|  |TAMS 0x000000008c000000, 0x000000008c000000| Untracked 
| 193|0x000000008c100000, 0x000000008c100000, 0x000000008c200000|  0%| F|  |TAMS 0x000000008c100000, 0x000000008c100000| Untracked 
| 194|0x000000008c200000, 0x000000008c200000, 0x000000008c300000|  0%| F|  |TAMS 0x000000008c200000, 0x000000008c200000| Untracked 
| 195|0x000000008c300000, 0x000000008c300000, 0x000000008c400000|  0%| F|  |TAMS 0x000000008c300000, 0x000000008c300000| Untracked 
| 196|0x000000008c400000, 0x000000008c400000, 0x000000008c500000|  0%| F|  |TAMS 0x000000008c400000, 0x000000008c400000| Untracked 
| 197|0x000000008c500000, 0x000000008c500000, 0x000000008c600000|  0%| F|  |TAMS 0x000000008c500000, 0x000000008c500000| Untracked 
| 198|0x000000008c600000, 0x000000008c600000, 0x000000008c700000|  0%| F|  |TAMS 0x000000008c600000, 0x000000008c600000| Untracked 
| 199|0x000000008c700000, 0x000000008c700000, 0x000000008c800000|  0%| F|  |TAMS 0x000000008c700000, 0x000000008c700000| Untracked 
| 200|0x000000008c800000, 0x000000008c800000, 0x000000008c900000|  0%| F|  |TAMS 0x000000008c800000, 0x000000008c800000| Untracked 
| 201|0x000000008c900000, 0x000000008c900000, 0x000000008ca00000|  0%| F|  |TAMS 0x000000008c900000, 0x000000008c900000| Untracked 
| 202|0x000000008ca00000, 0x000000008cb00000, 0x000000008cb00000|100%| O|  |TAMS 0x000000008ca00000, 0x000000008ca00000| Untracked 
| 203|0x000000008cb00000, 0x000000008cc00000, 0x000000008cc00000|100%| O|  |TAMS 0x000000008cb00000, 0x000000008cb00000| Untracked 
| 204|0x000000008cc00000, 0x000000008cd00000, 0x000000008cd00000|100%| O|  |TAMS 0x000000008cc00000, 0x000000008cc00000| Untracked 
| 205|0x000000008cd00000, 0x000000008ce00000, 0x000000008ce00000|100%| O|  |TAMS 0x000000008cd00000, 0x000000008cd00000| Untracked 
| 206|0x000000008ce00000, 0x000000008cf00000, 0x000000008cf00000|100%| O|  |TAMS 0x000000008ce00000, 0x000000008ce00000| Untracked 
| 207|0x000000008cf00000, 0x000000008d000000, 0x000000008d000000|100%| O|  |TAMS 0x000000008cf00000, 0x000000008cf00000| Untracked 
| 208|0x000000008d000000, 0x000000008d100000, 0x000000008d100000|100%| O|  |TAMS 0x000000008d000000, 0x000000008d000000| Untracked 
| 209|0x000000008d100000, 0x000000008d200000, 0x000000008d200000|100%| O|  |TAMS 0x000000008d100000, 0x000000008d100000| Untracked 
| 210|0x000000008d200000, 0x000000008d300000, 0x000000008d300000|100%| O|  |TAMS 0x000000008d200000, 0x000000008d200000| Untracked 
| 211|0x000000008d300000, 0x000000008d300000, 0x000000008d400000|  0%| F|  |TAMS 0x000000008d300000, 0x000000008d300000| Untracked 
| 212|0x000000008d400000, 0x000000008d400000, 0x000000008d500000|  0%| F|  |TAMS 0x000000008d400000, 0x000000008d400000| Untracked 
| 213|0x000000008d500000, 0x000000008d500000, 0x000000008d600000|  0%| F|  |TAMS 0x000000008d500000, 0x000000008d500000| Untracked 
| 214|0x000000008d600000, 0x000000008d600000, 0x000000008d700000|  0%| F|  |TAMS 0x000000008d600000, 0x000000008d600000| Untracked 
| 215|0x000000008d700000, 0x000000008d700000, 0x000000008d800000|  0%| F|  |TAMS 0x000000008d700000, 0x000000008d700000| Untracked 
| 216|0x000000008d800000, 0x000000008d800000, 0x000000008d900000|  0%| F|  |TAMS 0x000000008d800000, 0x000000008d800000| Untracked 
| 217|0x000000008d900000, 0x000000008d900000, 0x000000008da00000|  0%| F|  |TAMS 0x000000008d900000, 0x000000008d900000| Untracked 
| 218|0x000000008da00000, 0x000000008da00000, 0x000000008db00000|  0%| F|  |TAMS 0x000000008da00000, 0x000000008da00000| Untracked 
| 219|0x000000008db00000, 0x000000008db00000, 0x000000008dc00000|  0%| F|  |TAMS 0x000000008db00000, 0x000000008db00000| Untracked 
| 220|0x000000008dc00000, 0x000000008dc00000, 0x000000008dd00000|  0%| F|  |TAMS 0x000000008dc00000, 0x000000008dc00000| Untracked 
| 221|0x000000008dd00000, 0x000000008dd00000, 0x000000008de00000|  0%| F|  |TAMS 0x000000008dd00000, 0x000000008dd00000| Untracked 
| 222|0x000000008de00000, 0x000000008de00000, 0x000000008df00000|  0%| F|  |TAMS 0x000000008de00000, 0x000000008de00000| Untracked 
| 223|0x000000008df00000, 0x000000008df00000, 0x000000008e000000|  0%| F|  |TAMS 0x000000008df00000, 0x000000008df00000| Untracked 
| 224|0x000000008e000000, 0x000000008e000000, 0x000000008e100000|  0%| F|  |TAMS 0x000000008e000000, 0x000000008e000000| Untracked 
| 225|0x000000008e100000, 0x000000008e100000, 0x000000008e200000|  0%| F|  |TAMS 0x000000008e100000, 0x000000008e100000| Untracked 
| 226|0x000000008e200000, 0x000000008e200000, 0x000000008e300000|  0%| F|  |TAMS 0x000000008e200000, 0x000000008e200000| Untracked 
| 227|0x000000008e300000, 0x000000008e300000, 0x000000008e400000|  0%| F|  |TAMS 0x000000008e300000, 0x000000008e300000| Untracked 
| 228|0x000000008e400000, 0x000000008e400000, 0x000000008e500000|  0%| F|  |TAMS 0x000000008e400000, 0x000000008e400000| Untracked 
| 229|0x000000008e500000, 0x000000008e500000, 0x000000008e600000|  0%| F|  |TAMS 0x000000008e500000, 0x000000008e500000| Untracked 
| 230|0x000000008e600000, 0x000000008e600000, 0x000000008e700000|  0%| F|  |TAMS 0x000000008e600000, 0x000000008e600000| Untracked 
| 231|0x000000008e700000, 0x000000008e700000, 0x000000008e800000|  0%| F|  |TAMS 0x000000008e700000, 0x000000008e700000| Untracked 
| 232|0x000000008e800000, 0x000000008e800000, 0x000000008e900000|  0%| F|  |TAMS 0x000000008e800000, 0x000000008e800000| Untracked 
| 233|0x000000008e900000, 0x000000008e900000, 0x000000008ea00000|  0%| F|  |TAMS 0x000000008e900000, 0x000000008e900000| Untracked 
| 234|0x000000008ea00000, 0x000000008ea00000, 0x000000008eb00000|  0%| F|  |TAMS 0x000000008ea00000, 0x000000008ea00000| Untracked 
| 235|0x000000008eb00000, 0x000000008eb00000, 0x000000008ec00000|  0%| F|  |TAMS 0x000000008eb00000, 0x000000008eb00000| Untracked 
| 236|0x000000008ec00000, 0x000000008ec00000, 0x000000008ed00000|  0%| F|  |TAMS 0x000000008ec00000, 0x000000008ec00000| Untracked 
| 237|0x000000008ed00000, 0x000000008ed00000, 0x000000008ee00000|  0%| F|  |TAMS 0x000000008ed00000, 0x000000008ed00000| Untracked 
| 238|0x000000008ee00000, 0x000000008ee00000, 0x000000008ef00000|  0%| F|  |TAMS 0x000000008ee00000, 0x000000008ee00000| Untracked 
| 239|0x000000008ef00000, 0x000000008ef00000, 0x000000008f000000|  0%| F|  |TAMS 0x000000008ef00000, 0x000000008ef00000| Untracked 
| 240|0x000000008f000000, 0x000000008f000000, 0x000000008f100000|  0%| F|  |TAMS 0x000000008f000000, 0x000000008f000000| Untracked 
| 241|0x000000008f100000, 0x000000008f100000, 0x000000008f200000|  0%| F|  |TAMS 0x000000008f100000, 0x000000008f100000| Untracked 
| 242|0x000000008f200000, 0x000000008f200000, 0x000000008f300000|  0%| F|  |TAMS 0x000000008f200000, 0x000000008f200000| Untracked 
| 243|0x000000008f300000, 0x000000008f300000, 0x000000008f400000|  0%| F|  |TAMS 0x000000008f300000, 0x000000008f300000| Untracked 
| 244|0x000000008f400000, 0x000000008f400000, 0x000000008f500000|  0%| F|  |TAMS 0x000000008f400000, 0x000000008f400000| Untracked 
| 245|0x000000008f500000, 0x000000008f500000, 0x000000008f600000|  0%| F|  |TAMS 0x000000008f500000, 0x000000008f500000| Untracked 
| 246|0x000000008f600000, 0x000000008f600000, 0x000000008f700000|  0%| F|  |TAMS 0x000000008f600000, 0x000000008f600000| Untracked 
| 247|0x000000008f700000, 0x000000008f700000, 0x000000008f800000|  0%| F|  |TAMS 0x000000008f700000, 0x000000008f700000| Untracked 
| 248|0x000000008f800000, 0x000000008f800000, 0x000000008f900000|  0%| F|  |TAMS 0x000000008f800000, 0x000000008f800000| Untracked 
| 249|0x000000008f900000, 0x000000008f900000, 0x000000008fa00000|  0%| F|  |TAMS 0x000000008f900000, 0x000000008f900000| Untracked 
| 250|0x000000008fa00000, 0x000000008fa00000, 0x000000008fb00000|  0%| F|  |TAMS 0x000000008fa00000, 0x000000008fa00000| Untracked 
| 251|0x000000008fb00000, 0x000000008fb00000, 0x000000008fc00000|  0%| F|  |TAMS 0x000000008fb00000, 0x000000008fb00000| Untracked 
| 252|0x000000008fc00000, 0x000000008fc00000, 0x000000008fd00000|  0%| F|  |TAMS 0x000000008fc00000, 0x000000008fc00000| Untracked 
| 253|0x000000008fd00000, 0x000000008fd00000, 0x000000008fe00000|  0%| F|  |TAMS 0x000000008fd00000, 0x000000008fd00000| Untracked 
| 254|0x000000008fe00000, 0x000000008fe00000, 0x000000008ff00000|  0%| F|  |TAMS 0x000000008fe00000, 0x000000008fe00000| Untracked 
| 255|0x000000008ff00000, 0x000000008ff00000, 0x0000000090000000|  0%| F|  |TAMS 0x000000008ff00000, 0x000000008ff00000| Untracked 
| 256|0x0000000090000000, 0x0000000090000000, 0x0000000090100000|  0%| F|  |TAMS 0x0000000090000000, 0x0000000090000000| Untracked 
| 257|0x0000000090100000, 0x0000000090100000, 0x0000000090200000|  0%| F|  |TAMS 0x0000000090100000, 0x0000000090100000| Untracked 
| 258|0x0000000090200000, 0x0000000090200000, 0x0000000090300000|  0%| F|  |TAMS 0x0000000090200000, 0x0000000090200000| Untracked 
| 259|0x0000000090300000, 0x0000000090300000, 0x0000000090400000|  0%| F|  |TAMS 0x0000000090300000, 0x0000000090300000| Untracked 
| 260|0x0000000090400000, 0x00000000904cbde0, 0x0000000090500000| 79%| S|CS|TAMS 0x0000000090400000, 0x0000000090400000| Complete 
| 261|0x0000000090500000, 0x0000000090600000, 0x0000000090600000|100%| S|CS|TAMS 0x0000000090500000, 0x0000000090500000| Complete 
| 262|0x0000000090600000, 0x0000000090700000, 0x0000000090700000|100%| S|CS|TAMS 0x0000000090600000, 0x0000000090600000| Complete 
| 263|0x0000000090700000, 0x0000000090800000, 0x0000000090800000|100%| S|CS|TAMS 0x0000000090700000, 0x0000000090700000| Complete 
| 264|0x0000000090800000, 0x0000000090900000, 0x0000000090900000|100%| S|CS|TAMS 0x0000000090800000, 0x0000000090800000| Complete 
| 265|0x0000000090900000, 0x0000000090900000, 0x0000000090a00000|  0%| F|  |TAMS 0x0000000090900000, 0x0000000090900000| Untracked 
| 266|0x0000000090a00000, 0x0000000090a00000, 0x0000000090b00000|  0%| F|  |TAMS 0x0000000090a00000, 0x0000000090a00000| Untracked 
| 267|0x0000000090b00000, 0x0000000090b00000, 0x0000000090c00000|  0%| F|  |TAMS 0x0000000090b00000, 0x0000000090b00000| Untracked 
| 268|0x0000000090c00000, 0x0000000090c00000, 0x0000000090d00000|  0%| F|  |TAMS 0x0000000090c00000, 0x0000000090c00000| Untracked 
| 269|0x0000000090d00000, 0x0000000090d00000, 0x0000000090e00000|  0%| F|  |TAMS 0x0000000090d00000, 0x0000000090d00000| Untracked 
| 270|0x0000000090e00000, 0x0000000090e00000, 0x0000000090f00000|  0%| F|  |TAMS 0x0000000090e00000, 0x0000000090e00000| Untracked 
| 271|0x0000000090f00000, 0x0000000090f00000, 0x0000000091000000|  0%| F|  |TAMS 0x0000000090f00000, 0x0000000090f00000| Untracked 
| 272|0x0000000091000000, 0x0000000091000000, 0x0000000091100000|  0%| F|  |TAMS 0x0000000091000000, 0x0000000091000000| Untracked 
| 273|0x0000000091100000, 0x0000000091100000, 0x0000000091200000|  0%| F|  |TAMS 0x0000000091100000, 0x0000000091100000| Untracked 
| 274|0x0000000091200000, 0x0000000091200000, 0x0000000091300000|  0%| F|  |TAMS 0x0000000091200000, 0x0000000091200000| Untracked 
| 275|0x0000000091300000, 0x0000000091300000, 0x0000000091400000|  0%| F|  |TAMS 0x0000000091300000, 0x0000000091300000| Untracked 
| 276|0x0000000091400000, 0x0000000091400000, 0x0000000091500000|  0%| F|  |TAMS 0x0000000091400000, 0x0000000091400000| Untracked 
| 277|0x0000000091500000, 0x0000000091500000, 0x0000000091600000|  0%| F|  |TAMS 0x0000000091500000, 0x0000000091500000| Untracked 
| 278|0x0000000091600000, 0x0000000091600000, 0x0000000091700000|  0%| F|  |TAMS 0x0000000091600000, 0x0000000091600000| Untracked 
| 279|0x0000000091700000, 0x0000000091700000, 0x0000000091800000|  0%| F|  |TAMS 0x0000000091700000, 0x0000000091700000| Untracked 
| 280|0x0000000091800000, 0x0000000091800000, 0x0000000091900000|  0%| F|  |TAMS 0x0000000091800000, 0x0000000091800000| Untracked 
| 281|0x0000000091900000, 0x0000000091900000, 0x0000000091a00000|  0%| F|  |TAMS 0x0000000091900000, 0x0000000091900000| Untracked 
| 282|0x0000000091a00000, 0x0000000091a00000, 0x0000000091b00000|  0%| F|  |TAMS 0x0000000091a00000, 0x0000000091a00000| Untracked 
| 283|0x0000000091b00000, 0x0000000091b00000, 0x0000000091c00000|  0%| F|  |TAMS 0x0000000091b00000, 0x0000000091b00000| Untracked 
| 284|0x0000000091c00000, 0x0000000091c00000, 0x0000000091d00000|  0%| F|  |TAMS 0x0000000091c00000, 0x0000000091c00000| Untracked 
| 285|0x0000000091d00000, 0x0000000091d00000, 0x0000000091e00000|  0%| F|  |TAMS 0x0000000091d00000, 0x0000000091d00000| Untracked 
| 286|0x0000000091e00000, 0x0000000091e00000, 0x0000000091f00000|  0%| F|  |TAMS 0x0000000091e00000, 0x0000000091e00000| Untracked 
| 287|0x0000000091f00000, 0x0000000091f00000, 0x0000000092000000|  0%| F|  |TAMS 0x0000000091f00000, 0x0000000091f00000| Untracked 
| 288|0x0000000092000000, 0x0000000092000000, 0x0000000092100000|  0%| F|  |TAMS 0x0000000092000000, 0x0000000092000000| Untracked 
| 289|0x0000000092100000, 0x0000000092100000, 0x0000000092200000|  0%| F|  |TAMS 0x0000000092100000, 0x0000000092100000| Untracked 
| 290|0x0000000092200000, 0x0000000092200000, 0x0000000092300000|  0%| F|  |TAMS 0x0000000092200000, 0x0000000092200000| Untracked 
| 291|0x0000000092300000, 0x0000000092300000, 0x0000000092400000|  0%| F|  |TAMS 0x0000000092300000, 0x0000000092300000| Untracked 
| 292|0x0000000092400000, 0x0000000092400000, 0x0000000092500000|  0%| F|  |TAMS 0x0000000092400000, 0x0000000092400000| Untracked 
| 293|0x0000000092500000, 0x0000000092500000, 0x0000000092600000|  0%| F|  |TAMS 0x0000000092500000, 0x0000000092500000| Untracked 
| 294|0x0000000092600000, 0x0000000092600000, 0x0000000092700000|  0%| F|  |TAMS 0x0000000092600000, 0x0000000092600000| Untracked 
| 295|0x0000000092700000, 0x0000000092700000, 0x0000000092800000|  0%| F|  |TAMS 0x0000000092700000, 0x0000000092700000| Untracked 
| 296|0x0000000092800000, 0x0000000092800000, 0x0000000092900000|  0%| F|  |TAMS 0x0000000092800000, 0x0000000092800000| Untracked 
| 297|0x0000000092900000, 0x0000000092900000, 0x0000000092a00000|  0%| F|  |TAMS 0x0000000092900000, 0x0000000092900000| Untracked 
| 298|0x0000000092a00000, 0x0000000092a00000, 0x0000000092b00000|  0%| F|  |TAMS 0x0000000092a00000, 0x0000000092a00000| Untracked 
| 299|0x0000000092b00000, 0x0000000092b00000, 0x0000000092c00000|  0%| F|  |TAMS 0x0000000092b00000, 0x0000000092b00000| Untracked 
| 300|0x0000000092c00000, 0x0000000092c00000, 0x0000000092d00000|  0%| F|  |TAMS 0x0000000092c00000, 0x0000000092c00000| Untracked 
| 301|0x0000000092d00000, 0x0000000092d00000, 0x0000000092e00000|  0%| F|  |TAMS 0x0000000092d00000, 0x0000000092d00000| Untracked 
| 302|0x0000000092e00000, 0x0000000092e00000, 0x0000000092f00000|  0%| F|  |TAMS 0x0000000092e00000, 0x0000000092e00000| Untracked 
| 303|0x0000000092f00000, 0x0000000092f00000, 0x0000000093000000|  0%| F|  |TAMS 0x0000000092f00000, 0x0000000092f00000| Untracked 
| 304|0x0000000093000000, 0x0000000093000000, 0x0000000093100000|  0%| F|  |TAMS 0x0000000093000000, 0x0000000093000000| Untracked 
| 305|0x0000000093100000, 0x0000000093100000, 0x0000000093200000|  0%| F|  |TAMS 0x0000000093100000, 0x0000000093100000| Untracked 
| 306|0x0000000093200000, 0x0000000093200000, 0x0000000093300000|  0%| F|  |TAMS 0x0000000093200000, 0x0000000093200000| Untracked 
| 307|0x0000000093300000, 0x0000000093300000, 0x0000000093400000|  0%| F|  |TAMS 0x0000000093300000, 0x0000000093300000| Untracked 
| 308|0x0000000093400000, 0x0000000093400000, 0x0000000093500000|  0%| F|  |TAMS 0x0000000093400000, 0x0000000093400000| Untracked 
| 309|0x0000000093500000, 0x0000000093500000, 0x0000000093600000|  0%| F|  |TAMS 0x0000000093500000, 0x0000000093500000| Untracked 
| 310|0x0000000093600000, 0x0000000093600000, 0x0000000093700000|  0%| F|  |TAMS 0x0000000093600000, 0x0000000093600000| Untracked 
| 311|0x0000000093700000, 0x0000000093700000, 0x0000000093800000|  0%| F|  |TAMS 0x0000000093700000, 0x0000000093700000| Untracked 
| 312|0x0000000093800000, 0x0000000093800000, 0x0000000093900000|  0%| F|  |TAMS 0x0000000093800000, 0x0000000093800000| Untracked 
| 313|0x0000000093900000, 0x0000000093900000, 0x0000000093a00000|  0%| F|  |TAMS 0x0000000093900000, 0x0000000093900000| Untracked 
| 314|0x0000000093a00000, 0x0000000093a00000, 0x0000000093b00000|  0%| F|  |TAMS 0x0000000093a00000, 0x0000000093a00000| Untracked 
| 315|0x0000000093b00000, 0x0000000093b00000, 0x0000000093c00000|  0%| F|  |TAMS 0x0000000093b00000, 0x0000000093b00000| Untracked 
| 316|0x0000000093c00000, 0x0000000093c00000, 0x0000000093d00000|  0%| F|  |TAMS 0x0000000093c00000, 0x0000000093c00000| Untracked 
| 317|0x0000000093d00000, 0x0000000093d00000, 0x0000000093e00000|  0%| F|  |TAMS 0x0000000093d00000, 0x0000000093d00000| Untracked 
| 318|0x0000000093e00000, 0x0000000093e00000, 0x0000000093f00000|  0%| F|  |TAMS 0x0000000093e00000, 0x0000000093e00000| Untracked 
| 319|0x0000000093f00000, 0x0000000093f00000, 0x0000000094000000|  0%| F|  |TAMS 0x0000000093f00000, 0x0000000093f00000| Untracked 
| 320|0x0000000094000000, 0x0000000094000000, 0x0000000094100000|  0%| F|  |TAMS 0x0000000094000000, 0x0000000094000000| Untracked 
| 321|0x0000000094100000, 0x0000000094100000, 0x0000000094200000|  0%| F|  |TAMS 0x0000000094100000, 0x0000000094100000| Untracked 
| 322|0x0000000094200000, 0x0000000094200000, 0x0000000094300000|  0%| F|  |TAMS 0x0000000094200000, 0x0000000094200000| Untracked 
| 323|0x0000000094300000, 0x0000000094300000, 0x0000000094400000|  0%| F|  |TAMS 0x0000000094300000, 0x0000000094300000| Untracked 
| 324|0x0000000094400000, 0x0000000094400000, 0x0000000094500000|  0%| F|  |TAMS 0x0000000094400000, 0x0000000094400000| Untracked 
| 325|0x0000000094500000, 0x0000000094500000, 0x0000000094600000|  0%| F|  |TAMS 0x0000000094500000, 0x0000000094500000| Untracked 
| 326|0x0000000094600000, 0x0000000094600000, 0x0000000094700000|  0%| F|  |TAMS 0x0000000094600000, 0x0000000094600000| Untracked 
| 327|0x0000000094700000, 0x0000000094800000, 0x0000000094800000|100%| O|  |TAMS 0x0000000094700000, 0x0000000094700000| Untracked 
| 328|0x0000000094800000, 0x0000000094900000, 0x0000000094900000|100%| O|  |TAMS 0x0000000094800000, 0x0000000094800000| Untracked 
| 329|0x0000000094900000, 0x0000000094a00000, 0x0000000094a00000|100%| O|  |TAMS 0x0000000094900000, 0x0000000094900000| Untracked 
| 330|0x0000000094a00000, 0x0000000094b00000, 0x0000000094b00000|100%| O|  |TAMS 0x0000000094a00000, 0x0000000094a00000| Untracked 
| 331|0x0000000094b00000, 0x0000000094c00000, 0x0000000094c00000|100%| O|  |TAMS 0x0000000094b00000, 0x0000000094b00000| Untracked 
| 332|0x0000000094c00000, 0x0000000094d00000, 0x0000000094d00000|100%| O|  |TAMS 0x0000000094c00000, 0x0000000094c00000| Untracked 
| 333|0x0000000094d00000, 0x0000000094e00000, 0x0000000094e00000|100%| O|  |TAMS 0x0000000094d00000, 0x0000000094d00000| Untracked 
| 334|0x0000000094e00000, 0x0000000094f00000, 0x0000000094f00000|100%| O|  |TAMS 0x0000000094e00000, 0x0000000094e00000| Untracked 
| 335|0x0000000094f00000, 0x0000000095000000, 0x0000000095000000|100%| O|  |TAMS 0x0000000094f00000, 0x0000000094f00000| Untracked 
| 336|0x0000000095000000, 0x0000000095100000, 0x0000000095100000|100%| O|  |TAMS 0x0000000095000000, 0x0000000095000000| Untracked 
| 337|0x0000000095100000, 0x0000000095200000, 0x0000000095200000|100%| O|  |TAMS 0x0000000095100000, 0x0000000095100000| Untracked 
| 338|0x0000000095200000, 0x0000000095300000, 0x0000000095300000|100%| O|  |TAMS 0x0000000095200000, 0x0000000095200000| Untracked 
| 339|0x0000000095300000, 0x0000000095400000, 0x0000000095400000|100%| O|  |TAMS 0x0000000095300000, 0x0000000095300000| Untracked 
| 340|0x0000000095400000, 0x0000000095500000, 0x0000000095500000|100%| O|  |TAMS 0x0000000095400000, 0x0000000095400000| Untracked 
| 341|0x0000000095500000, 0x0000000095600000, 0x0000000095600000|100%| O|  |TAMS 0x0000000095500000, 0x0000000095500000| Untracked 
| 342|0x0000000095600000, 0x0000000095700000, 0x0000000095700000|100%| O|  |TAMS 0x0000000095600000, 0x0000000095600000| Untracked 
| 343|0x0000000095700000, 0x0000000095800000, 0x0000000095800000|100%| O|  |TAMS 0x0000000095700000, 0x0000000095700000| Untracked 
| 344|0x0000000095800000, 0x0000000095900000, 0x0000000095900000|100%| O|  |TAMS 0x0000000095800000, 0x0000000095800000| Untracked 

Card table byte_map: [0x0000020443ff0000,0x00000204443f0000] _byte_map_base: 0x0000020443bf0000

Marking Bits (Prev, Next): (CMBitMap*) 0x000002043114da08, (CMBitMap*) 0x000002043114da40
 Prev Bits: [0x00000204447f0000, 0x00000204467f0000)
 Next Bits: [0x00000204467f0000, 0x00000204487f0000)

Polling page: 0x000002042ef50000

Metaspace:

Usage:
  Non-class:    109.23 MB capacity,   107.17 MB ( 98%) used,     1.64 MB (  2%) free+waste,   424.63 KB ( <1%) overhead. 
      Class:     16.89 MB capacity,    15.60 MB ( 92%) used,     1.10 MB (  7%) free+waste,   185.13 KB (  1%) overhead. 
       Both:    126.11 MB capacity,   122.77 MB ( 97%) used,     2.74 MB (  2%) free+waste,   609.75 KB ( <1%) overhead. 

Virtual space:
  Non-class space:      110.00 MB reserved,     109.25 MB (>99%) committed 
      Class space:        1.00 GB reserved,      16.95 MB (  2%) committed 
             Both:        1.11 GB reserved,     126.20 MB ( 11%) committed 

Chunk freelists:
   Non-Class:  25.00 KB
       Class:  21.00 KB
        Both:  46.00 KB

MaxMetaspaceSize: 17179869184.00 GB
CompressedClassSpaceSize: 1.00 GB

CodeHeap 'non-profiled nmethods': size=120064Kb used=13022Kb max_used=13022Kb free=107041Kb
 bounds [0x000002043c6b0000, 0x000002043d370000, 0x0000020443bf0000]
CodeHeap 'profiled nmethods': size=120000Kb used=47527Kb max_used=47527Kb free=72472Kb
 bounds [0x0000020435180000, 0x0000020438010000, 0x000002043c6b0000]
CodeHeap 'non-nmethods': size=5696Kb used=2370Kb max_used=2450Kb free=3325Kb
 bounds [0x0000020434bf0000, 0x0000020434e60000, 0x0000020435180000]
 total_blobs=20394 nmethods=19393 adapters=910
 compilation: enabled
              stopped_count=0, restarted_count=0
 full_count=0

Compilation events (20 events):
Event: 85.016 Thread 0x000002044ace5000 nmethod 21410 0x0000020438002a10 code [0x0000020438002be0, 0x0000020438002d18]
Event: 85.019 Thread 0x000002044ace5000 21411       2       com.google.common.util.concurrent.AbstractFuture$TrustedFuture::get (5 bytes)
Event: 85.019 Thread 0x000002044ace5000 nmethod 21411 0x0000020438002e10 code [0x0000020438002fc0, 0x00000204380030c8]
Event: 85.019 Thread 0x000002044ace5000 21412       2       com.google.common.collect.SingletonImmutableList::iterator (8 bytes)
Event: 85.019 Thread 0x000002044ace5000 nmethod 21412 0x0000020438003190 code [0x0000020438003340, 0x00000204380034d8]
Event: 85.026 Thread 0x000002044ace5000 21413       2       com.google.common.collect.HashBiMap::seekByValue (47 bytes)
Event: 85.027 Thread 0x000002044ace5000 nmethod 21413 0x0000020438003590 code [0x0000020438003760, 0x00000204380039c8]
Event: 85.027 Thread 0x000002044ace5000 21414       2       com.google.common.collect.HashBiMap::rehashIfNecessary (87 bytes)
Event: 85.028 Thread 0x000002044ace5000 nmethod 21414 0x0000020438003b10 code [0x0000020438003d00, 0x0000020438004128]
Event: 85.028 Thread 0x000002044ace5000 21415       2       com.google.common.collect.Hashing::needsResizing (22 bytes)
Event: 85.028 Thread 0x000002044ace5000 nmethod 21415 0x0000020438004290 code [0x0000020438004440, 0x0000020438004578]
Event: 85.028 Thread 0x000002044ace5000 21416       2       com.google.common.collect.HashBiMap::put (188 bytes)
Event: 85.030 Thread 0x000002044ace5000 nmethod 21416 0x0000020438004610 code [0x00000204380048e0, 0x00000204380052d8]
Event: 85.030 Thread 0x000002044ace5000 21418  s    1       com.android.tools.build.apkzlib.bytestorage.TemporaryDirectoryStorage::getBytesUsed (5 bytes)
Event: 85.031 Thread 0x000002044ace5000 nmethod 21418 0x000002043d369690 code [0x000002043d369840, 0x000002043d369a58]
Event: 85.032 Thread 0x000002044ace5000 21419   !   2       java.util.zip.Deflater::finished (19 bytes)
Event: 85.032 Thread 0x000002044ace5000 nmethod 21419 0x0000020438005810 code [0x00000204380059c0, 0x0000020438005c58]
Event: 85.035 Thread 0x000002044ace5000 21420       2       java.security.MessageDigest$Delegate::clone (60 bytes)
Event: 85.035 Thread 0x000002044ace5000 nmethod 21420 0x0000020438005d10 code [0x0000020438005f00, 0x00000204380062f8]
Event: 85.049 Thread 0x000002044ace5000 21422   !   2       com.google.common.io.MultiInputStream::close (31 bytes)

GC Heap History (20 events):
Event: 74.129 GC heap after
{Heap after GC invocations=91 (full 0):
 garbage-first heap   total 278528K, used 144908K [0x0000000080000000, 0x0000000100000000)
  region size 1024K, 4 young (4096K), 4 survivors (4096K)
 Metaspace       used 122092K, capacity 125310K, committed 125388K, reserved 1157120K
  class space    used 15575K, capacity 16809K, committed 16844K, reserved 1048576K
}
Event: 74.716 GC heap before
{Heap before GC invocations=91 (full 0):
 garbage-first heap   total 278528K, used 237068K [0x0000000080000000, 0x0000000100000000)
  region size 1024K, 94 young (96256K), 4 survivors (4096K)
 Metaspace       used 122110K, capacity 125322K, committed 125388K, reserved 1157120K
  class space    used 15577K, capacity 16813K, committed 16844K, reserved 1048576K
}
Event: 74.728 GC heap after
{Heap after GC invocations=92 (full 0):
 garbage-first heap   total 278528K, used 145668K [0x0000000080000000, 0x0000000100000000)
  region size 1024K, 4 young (4096K), 4 survivors (4096K)
 Metaspace       used 122110K, capacity 125322K, committed 125388K, reserved 1157120K
  class space    used 15577K, capacity 16813K, committed 16844K, reserved 1048576K
}
Event: 75.328 GC heap before
{Heap before GC invocations=92 (full 0):
 garbage-first heap   total 278528K, used 238852K [0x0000000080000000, 0x0000000100000000)
  region size 1024K, 95 young (97280K), 4 survivors (4096K)
 Metaspace       used 122401K, capacity 125658K, committed 125772K, reserved 1159168K
  class space    used 15619K, capacity 16860K, committed 16972K, reserved 1048576K
}
Event: 75.341 GC heap after
{Heap after GC invocations=93 (full 0):
 garbage-first heap   total 278528K, used 145971K [0x0000000080000000, 0x0000000100000000)
  region size 1024K, 5 young (5120K), 5 survivors (5120K)
 Metaspace       used 122401K, capacity 125658K, committed 125772K, reserved 1159168K
  class space    used 15619K, capacity 16860K, committed 16972K, reserved 1048576K
}
Event: 76.160 GC heap before
{Heap before GC invocations=93 (full 0):
 garbage-first heap   total 278528K, used 239155K [0x0000000080000000, 0x0000000100000000)
  region size 1024K, 96 young (98304K), 5 survivors (5120K)
 Metaspace       used 122795K, capacity 126117K, committed 126284K, reserved 1159168K
  class space    used 15669K, capacity 16939K, committed 16972K, reserved 1048576K
}
Event: 76.183 GC heap after
{Heap after GC invocations=94 (full 0):
 garbage-first heap   total 334848K, used 147371K [0x0000000080000000, 0x0000000100000000)
  region size 1024K, 6 young (6144K), 6 survivors (6144K)
 Metaspace       used 122795K, capacity 126117K, committed 126284K, reserved 1159168K
  class space    used 15669K, capacity 16939K, committed 16972K, reserved 1048576K
}
Event: 77.547 GC heap before
{Heap before GC invocations=94 (full 0):
 garbage-first heap   total 334848K, used 266155K [0x0000000080000000, 0x0000000100000000)
  region size 1024K, 121 young (123904K), 6 survivors (6144K)
 Metaspace       used 122956K, capacity 126281K, committed 126540K, reserved 1159168K
  class space    used 15669K, capacity 16939K, committed 16972K, reserved 1048576K
}
Event: 77.563 GC heap after
{Heap after GC invocations=95 (full 0):
 garbage-first heap   total 334848K, used 145802K [0x0000000080000000, 0x0000000100000000)
  region size 1024K, 4 young (4096K), 4 survivors (4096K)
 Metaspace       used 122956K, capacity 126281K, committed 126540K, reserved 1159168K
  class space    used 15669K, capacity 16939K, committed 16972K, reserved 1048576K
}
Event: 79.322 GC heap before
{Heap before GC invocations=95 (full 0):
 garbage-first heap   total 334848K, used 286090K [0x0000000080000000, 0x0000000100000000)
  region size 1024K, 141 young (144384K), 4 survivors (4096K)
 Metaspace       used 122970K, capacity 126293K, committed 126540K, reserved 1159168K
  class space    used 15671K, capacity 16943K, committed 16972K, reserved 1048576K
}
Event: 79.340 GC heap after
{Heap after GC invocations=96 (full 0):
 garbage-first heap   total 334848K, used 146448K [0x0000000080000000, 0x0000000100000000)
  region size 1024K, 5 young (5120K), 5 survivors (5120K)
 Metaspace       used 122970K, capacity 126293K, committed 126540K, reserved 1159168K
  class space    used 15671K, capacity 16943K, committed 16972K, reserved 1048576K
}
Event: 81.275 GC heap before
{Heap before GC invocations=96 (full 0):
 garbage-first heap   total 334848K, used 304144K [0x0000000080000000, 0x0000000100000000)
  region size 1024K, 140 young (143360K), 5 survivors (5120K)
 Metaspace       used 123723K, capacity 127022K, committed 127180K, reserved 1159168K
  class space    used 15756K, capacity 17024K, committed 17100K, reserved 1048576K
}
Event: 81.295 GC heap after
{Heap after GC invocations=97 (full 0):
 garbage-first heap   total 334848K, used 163929K [0x0000000080000000, 0x0000000100000000)
  region size 1024K, 7 young (7168K), 7 survivors (7168K)
 Metaspace       used 123723K, capacity 127022K, committed 127180K, reserved 1159168K
  class space    used 15756K, capacity 17024K, committed 17100K, reserved 1048576K
}
Event: 83.221 GC heap before
{Heap before GC invocations=98 (full 0):
 garbage-first heap   total 334848K, used 297049K [0x0000000080000000, 0x0000000100000000)
  region size 1024K, 132 young (135168K), 7 survivors (7168K)
 Metaspace       used 125055K, capacity 128468K, committed 128716K, reserved 1161216K
  class space    used 15907K, capacity 17225K, committed 17356K, reserved 1048576K
}
Event: 83.384 GC heap after
{Heap after GC invocations=99 (full 0):
 garbage-first heap   total 353280K, used 213884K [0x0000000080000000, 0x0000000100000000)
  region size 1024K, 17 young (17408K), 17 survivors (17408K)
 Metaspace       used 125055K, capacity 128468K, committed 128716K, reserved 1161216K
  class space    used 15907K, capacity 17225K, committed 17356K, reserved 1048576K
}
Event: 83.445 GC heap before
{Heap before GC invocations=99 (full 0):
 garbage-first heap   total 353280K, used 214908K [0x0000000080000000, 0x0000000100000000)
  region size 1024K, 18 young (18432K), 17 survivors (17408K)
 Metaspace       used 125056K, capacity 128468K, committed 128716K, reserved 1161216K
  class space    used 15907K, capacity 17225K, committed 17356K, reserved 1048576K
}
Event: 83.539 GC heap after
{Heap after GC invocations=100 (full 0):
 garbage-first heap   total 353280K, used 204287K [0x0000000080000000, 0x0000000100000000)
  region size 1024K, 2 young (2048K), 2 survivors (2048K)
 Metaspace       used 125056K, capacity 128468K, committed 128716K, reserved 1161216K
  class space    used 15907K, capacity 17225K, committed 17356K, reserved 1048576K
}
Event: 84.408 GC heap before
{Heap before GC invocations=100 (full 0):
 garbage-first heap   total 353280K, used 275967K [0x0000000080000000, 0x0000000100000000)
  region size 1024K, 73 young (74752K), 2 survivors (2048K)
 Metaspace       used 125285K, capacity 128653K, committed 128972K, reserved 1161216K
  class space    used 15920K, capacity 17237K, committed 17356K, reserved 1048576K
}
Event: 84.454 GC heap after
{Heap after GC invocations=101 (full 0):
 garbage-first heap   total 353280K, used 218111K [0x0000000080000000, 0x0000000100000000)
  region size 1024K, 10 young (10240K), 10 survivors (10240K)
 Metaspace       used 125285K, capacity 128653K, committed 128972K, reserved 1161216K
  class space    used 15920K, capacity 17237K, committed 17356K, reserved 1048576K
}
Event: 85.050 GC heap before
{Heap before GC invocations=101 (full 0):
 garbage-first heap   total 353280K, used 285695K [0x0000000080000000, 0x0000000100000000)
  region size 1024K, 72 young (73728K), 10 survivors (10240K)
 Metaspace       used 125720K, capacity 129138K, committed 129228K, reserved 1161216K
  class space    used 15978K, capacity 17291K, committed 17356K, reserved 1048576K
}

Deoptimization events (20 events):
Event: 84.736 Thread 0x000002044d97a800 Uncommon trap: trap_request=0xffffffc6 fr.pc=0x000002043ccce4d8 relative=0x00000000000002f8
Event: 84.736 Thread 0x000002044d97a800 Uncommon trap: reason=bimorphic_or_optimized_type_check action=maybe_recompile pc=0x000002043ccce4d8 method=java.util.function.Predicate.lambda$and$0(Ljava/util/function/Predicate;Ljava/lang/Object;)Z @ 2 c2
Event: 84.736 Thread 0x000002044d97a800 DEOPT PACKING pc=0x000002043ccce4d8 sp=0x0000004e4e5fd5c0
Event: 84.736 Thread 0x000002044d97a800 DEOPT UNPACKING pc=0x0000020434c1782f sp=0x0000004e4e5fd4f8 mode 2
Event: 84.736 Thread 0x000002044d97a800 Uncommon trap: trap_request=0xffffff4d fr.pc=0x000002043ce0e4d0 relative=0x0000000000001330
Event: 84.736 Thread 0x000002044d97a800 Uncommon trap: reason=unstable_if action=reinterpret pc=0x000002043ce0e4d0 method=sun.nio.fs.WindowsPathParser.parse(Ljava/lang/String;Z)Lsun/nio/fs/WindowsPathParser$Result; @ 45 c2
Event: 84.736 Thread 0x000002044d97a800 DEOPT PACKING pc=0x000002043ce0e4d0 sp=0x0000004e4e5fd210
Event: 84.736 Thread 0x000002044d97a800 DEOPT UNPACKING pc=0x0000020434c1782f sp=0x0000004e4e5fd1d8 mode 2
Event: 84.787 Thread 0x000002044d97a800 DEOPT PACKING pc=0x00000204363b57af sp=0x0000004e4e5fd270
Event: 84.787 Thread 0x000002044d97a800 DEOPT UNPACKING pc=0x0000020434c1764e sp=0x0000004e4e5fc738 mode 0
Event: 84.976 Thread 0x000002044eedc000 Uncommon trap: trap_request=0xffffffde fr.pc=0x000002043cde37dc relative=0x000000000000077c
Event: 84.976 Thread 0x000002044eedc000 Uncommon trap: reason=class_check action=maybe_recompile pc=0x000002043cde37dc method=java.security.MessageDigest$Delegate.clone()Ljava/lang/Object; @ 4 c2
Event: 84.976 Thread 0x000002044eedc000 DEOPT PACKING pc=0x000002043cde37dc sp=0x0000004e520f98d0
Event: 84.976 Thread 0x000002044eedc000 DEOPT UNPACKING pc=0x0000020434c1782f sp=0x0000004e520f98a0 mode 2
Event: 84.981 Thread 0x000002044eedc000 Uncommon trap: trap_request=0xffffffde fr.pc=0x000002043cde37dc relative=0x000000000000077c
Event: 84.981 Thread 0x000002044eedc000 Uncommon trap: reason=class_check action=maybe_recompile pc=0x000002043cde37dc method=java.security.MessageDigest$Delegate.clone()Ljava/lang/Object; @ 4 c2
Event: 84.981 Thread 0x000002044eedc000 DEOPT PACKING pc=0x000002043cde37dc sp=0x0000004e520fa2f0
Event: 84.981 Thread 0x000002044eedc000 DEOPT UNPACKING pc=0x0000020434c1782f sp=0x0000004e520fa2c0 mode 2
Event: 85.010 Thread 0x000002044d97e000 DEOPT PACKING pc=0x0000020437f98d9e sp=0x0000004e530fd2d0
Event: 85.010 Thread 0x000002044d97e000 DEOPT UNPACKING pc=0x0000020434c1764e sp=0x0000004e530fc738 mode 0

Classes redefined (0 events):
No events

Internal exceptions (20 events):
Event: 84.141 Thread 0x000002044d982000 Exception <a 'sun/nio/fs/WindowsException'{0x0000000091a92678}> (0x0000000091a92678) thrown at [./src/hotspot/share/prims/jni.cpp, line 615]
Event: 84.161 Thread 0x000002044d982000 Exception <a 'sun/nio/fs/WindowsException'{0x0000000091a94fe0}> (0x0000000091a94fe0) thrown at [./src/hotspot/share/prims/jni.cpp, line 615]
Event: 84.245 Thread 0x000002044eedc000 Exception <a 'sun/nio/fs/WindowsException'{0x0000000090dc3b10}> (0x0000000090dc3b10) thrown at [./src/hotspot/share/prims/jni.cpp, line 615]
Event: 84.260 Thread 0x000002044eedc000 Exception <a 'sun/nio/fs/WindowsException'{0x0000000090be1e68}> (0x0000000090be1e68) thrown at [./src/hotspot/share/prims/jni.cpp, line 615]
Event: 84.341 Thread 0x000002044eede800 Exception <a 'sun/nio/fs/WindowsException'{0x000000009090a0a8}> (0x000000009090a0a8) thrown at [./src/hotspot/share/prims/jni.cpp, line 615]
Event: 84.347 Thread 0x000002044eede800 Exception <a 'sun/nio/fs/WindowsException'{0x00000000902597f8}> (0x00000000902597f8) thrown at [./src/hotspot/share/prims/jni.cpp, line 615]
Event: 84.381 Thread 0x000002044eede800 Exception <a 'sun/nio/fs/WindowsException'{0x000000008ff6f930}> (0x000000008ff6f930) thrown at [./src/hotspot/share/prims/jni.cpp, line 615]
Event: 84.381 Thread 0x000002044eede800 Exception <a 'sun/nio/fs/WindowsException'{0x000000008ff70b90}> (0x000000008ff70b90) thrown at [./src/hotspot/share/prims/jni.cpp, line 615]
Event: 84.381 Thread 0x000002044eede800 Exception <a 'sun/nio/fs/WindowsException'{0x000000008ff70d20}> (0x000000008ff70d20) thrown at [./src/hotspot/share/prims/jni.cpp, line 615]
Event: 84.381 Thread 0x000002044eede800 Exception <a 'sun/nio/fs/WindowsException'{0x000000008ff72f88}> (0x000000008ff72f88) thrown at [./src/hotspot/share/prims/jni.cpp, line 615]
Event: 84.381 Thread 0x000002044eede800 Exception <a 'sun/nio/fs/WindowsException'{0x000000008ff73108}> (0x000000008ff73108) thrown at [./src/hotspot/share/prims/jni.cpp, line 615]
Event: 84.381 Thread 0x000002044eede800 Exception <a 'sun/nio/fs/WindowsException'{0x000000008ff75358}> (0x000000008ff75358) thrown at [./src/hotspot/share/prims/jni.cpp, line 615]
Event: 84.381 Thread 0x000002044eede800 Exception <a 'sun/nio/fs/WindowsException'{0x000000008ff754c8}> (0x000000008ff754c8) thrown at [./src/hotspot/share/prims/jni.cpp, line 615]
Event: 84.382 Thread 0x000002044eede800 Exception <a 'sun/nio/fs/WindowsException'{0x000000008fff51b0}> (0x000000008fff51b0) thrown at [./src/hotspot/share/prims/jni.cpp, line 615]
Event: 84.382 Thread 0x000002044eede800 Exception <a 'sun/nio/fs/WindowsException'{0x000000008fff5310}> (0x000000008fff5310) thrown at [./src/hotspot/share/prims/jni.cpp, line 615]
Event: 84.382 Thread 0x000002044eede800 Exception <a 'sun/nio/fs/WindowsException'{0x000000008fff7540}> (0x000000008fff7540) thrown at [./src/hotspot/share/prims/jni.cpp, line 615]
Event: 84.695 Thread 0x000002044eede800 Exception <a 'sun/nio/fs/WindowsException'{0x00000000939d6ab0}> (0x00000000939d6ab0) thrown at [./src/hotspot/share/prims/jni.cpp, line 615]
Event: 84.726 Thread 0x000002044d97a800 Exception <a 'java/lang/NoSuchMethodError'{0x000000009314ce10}: 'java.lang.Object java.lang.invoke.DirectMethodHandle$Holder.invokeVirtual(java.lang.Object, java.lang.Object, int)'> (0x000000009314ce10) thrown at [./src/hotspot/share/interpreter/linkResolver.cpp, line 773]
Event: 84.826 Thread 0x000002044eede800 Exception <a 'sun/nio/fs/WindowsException'{0x0000000092d525b0}> (0x0000000092d525b0) thrown at [./src/hotspot/share/prims/jni.cpp, line 615]
Event: 85.045 Thread 0x000002044eedc000 Exception <a 'sun/nio/fs/WindowsException'{0x00000000911cfe78}> (0x00000000911cfe78) thrown at [./src/hotspot/share/prims/jni.cpp, line 615]

Events (20 events):
Event: 84.954 loading class com/android/build/gradle/internal/tasks/DexArchiveBuilderTaskDelegate done
Event: 84.963 loading class com/android/build/gradle/internal/tasks/DexArchiveBuilderTaskDelegate$Companion
Event: 84.963 loading class com/android/build/gradle/internal/tasks/DexArchiveBuilderTaskDelegate$Companion done
Event: 84.964 loading class com/android/ide/common/internal/WaitableExecutor
Event: 84.964 loading class com/android/ide/common/internal/WaitableExecutor done
Event: 84.967 loading class com/android/build/gradle/internal/tasks/DexArchiveBuilderTaskDelegate$OutputMapping
Event: 84.967 loading class com/android/build/gradle/internal/tasks/DexArchiveBuilderTaskDelegate$OutputMapping done
Event: 84.969 loading class kotlin/sequences/SequencesKt__SequencesKt$flatten$2
Event: 84.969 loading class kotlin/sequences/SequencesKt__SequencesKt$flatten$2 done
Event: 84.971 loading class kotlin/sequences/SequencesKt__SequencesKt$flatten$3
Event: 84.971 loading class kotlin/sequences/SequencesKt__SequencesKt$flatten$3 done
Event: 84.972 loading class com/android/build/gradle/internal/tasks/DexArchiveBuilderTaskDelegate$OutputMapping$getAllFilesToProcess$1
Event: 84.972 loading class com/android/build/gradle/internal/tasks/DexArchiveBuilderTaskDelegate$OutputMapping$getAllFilesToProcess$1 done
Event: 84.973 loading class com/google/common/hash/Hashing$Sha256Holder
Event: 84.973 loading class com/google/common/hash/Hashing$Sha256Holder done
Event: 84.974 loading class com/google/common/hash/MessageDigestHashFunction
Event: 84.974 loading class com/google/common/hash/MessageDigestHashFunction done
Event: 84.980 loading class com/google/common/hash/MessageDigestHashFunction$MessageDigestHasher
Event: 84.980 loading class com/google/common/hash/MessageDigestHashFunction$MessageDigestHasher done
Event: 85.050 Executing VM operation: G1CollectForAllocation


Dynamic libraries:
0x00007ff68e220000 - 0x00007ff68e22a000 	D:\Android\Android Studio\jre\bin\java.exe
0x00007ffc87b20000 - 0x00007ffc87d0d000 	C:\Windows\SYSTEM32\ntdll.dll
0x00007ffc86dc0000 - 0x00007ffc86e74000 	C:\Windows\System32\KERNEL32.DLL
0x00007ffc84840000 - 0x00007ffc84ad5000 	C:\Windows\System32\KERNELBASE.dll
0x00007ffc83cb0000 - 0x00007ffc83daa000 	C:\Windows\System32\ucrtbase.dll
0x00007ffc77b70000 - 0x00007ffc77b89000 	D:\Android\Android Studio\jre\bin\jli.dll
0x00007ffc6fdc0000 - 0x00007ffc6fdd7000 	D:\Android\Android Studio\jre\bin\VCRUNTIME140.dll
0x00007ffc87530000 - 0x00007ffc876c8000 	C:\Windows\System32\USER32.dll
0x00007ffc84820000 - 0x00007ffc84840000 	C:\Windows\System32\win32u.dll
0x00007ffc74d80000 - 0x00007ffc74ff9000 	C:\Windows\WinSxS\amd64_microsoft.windows.common-controls_6595b64144ccf1df_6.0.17763.2183_none_de75a23453475286\COMCTL32.dll
0x00007ffc868d0000 - 0x00007ffc868f9000 	C:\Windows\System32\GDI32.dll
0x00007ffc873b0000 - 0x00007ffc8744e000 	C:\Windows\System32\msvcrt.dll
0x00007ffc84ae0000 - 0x00007ffc84c7c000 	C:\Windows\System32\gdi32full.dll
0x00007ffc86910000 - 0x00007ffc86c3d000 	C:\Windows\System32\combase.dll
0x00007ffc84cb0000 - 0x00007ffc84d50000 	C:\Windows\System32\msvcp_win.dll
0x00007ffc879d0000 - 0x00007ffc87aef000 	C:\Windows\System32\RPCRT4.dll
0x00007ffc83e60000 - 0x00007ffc83ee2000 	C:\Windows\System32\bcryptPrimitives.dll
0x00007ffc86840000 - 0x00007ffc8686e000 	C:\Windows\System32\IMM32.DLL
0x00007ffc6eab0000 - 0x00007ffc6eb4d000 	D:\Android\Android Studio\jre\bin\msvcp140.dll
0x00007ffc59c00000 - 0x00007ffc5a6cf000 	D:\Android\Android Studio\jre\bin\server\jvm.dll
0x00007ffc876d0000 - 0x00007ffc87774000 	C:\Windows\System32\ADVAPI32.dll
0x00007ffc84d50000 - 0x00007ffc84dee000 	C:\Windows\System32\sechost.dll
0x00007ffc86c40000 - 0x00007ffc86c48000 	C:\Windows\System32\PSAPI.DLL
0x00007ffc80450000 - 0x00007ffc80459000 	C:\Windows\SYSTEM32\WSOCK32.dll
0x00007ffc81c70000 - 0x00007ffc81c94000 	C:\Windows\SYSTEM32\WINMM.dll
0x00007ffc75ad0000 - 0x00007ffc75ada000 	C:\Windows\SYSTEM32\VERSION.dll
0x00007ffc81c10000 - 0x00007ffc81c3d000 	C:\Windows\SYSTEM32\WINMMBASE.dll
0x00007ffc87960000 - 0x00007ffc879cd000 	C:\Windows\System32\WS2_32.dll
0x00007ffc83c40000 - 0x00007ffc83c8a000 	C:\Windows\System32\cfgmgr32.dll
0x00007ffc83b60000 - 0x00007ffc83b71000 	C:\Windows\System32\kernel.appcore.dll
0x00007ffc7ceb0000 - 0x00007ffc7cec1000 	D:\Android\Android Studio\jre\bin\verify.dll
0x00007ffc735c0000 - 0x00007ffc737ad000 	C:\Windows\SYSTEM32\DBGHELP.DLL
0x00007ffc73590000 - 0x00007ffc735ba000 	C:\Windows\SYSTEM32\dbgcore.DLL
0x00007ffc7c510000 - 0x00007ffc7c539000 	D:\Android\Android Studio\jre\bin\java.dll
0x00007ffc7fe10000 - 0x00007ffc7fe1b000 	D:\Android\Android Studio\jre\bin\jimage.dll
0x00007ffc7cb40000 - 0x00007ffc7cb58000 	D:\Android\Android Studio\jre\bin\zip.dll
0x00007ffc85340000 - 0x00007ffc86838000 	C:\Windows\System32\SHELL32.dll
0x00007ffc86cb0000 - 0x00007ffc86d58000 	C:\Windows\System32\shcore.dll
0x00007ffc83ef0000 - 0x00007ffc8463a000 	C:\Windows\System32\windows.storage.dll
0x00007ffc83b10000 - 0x00007ffc83b34000 	C:\Windows\System32\profapi.dll
0x00007ffc83b80000 - 0x00007ffc83bdd000 	C:\Windows\System32\powrprof.dll
0x00007ffc86d60000 - 0x00007ffc86db2000 	C:\Windows\System32\shlwapi.dll
0x00007ffc83c90000 - 0x00007ffc83ca7000 	C:\Windows\System32\cryptsp.dll
0x00007ffc7c590000 - 0x00007ffc7c5aa000 	D:\Android\Android Studio\jre\bin\net.dll
0x00007ffc7f5f0000 - 0x00007ffc7f6e1000 	C:\Windows\SYSTEM32\WINHTTP.dll
0x00007ffc83300000 - 0x00007ffc83367000 	C:\Windows\system32\mswsock.dll
0x00007ffc7c4d0000 - 0x00007ffc7c4e4000 	D:\Android\Android Studio\jre\bin\nio.dll
0x00007ffc80460000 - 0x00007ffc80487000 	C:\Users\Home\.gradle\native\8bec1ad78214c89d9ad589b4d07fe93259594b29d510b10fafb7a158f7737e5d\windows-amd64\native-platform.dll
0x00007ffc6eb50000 - 0x00007ffc6ec8d000 	C:\Users\Home\.gradle\native\53dbd7edfb1c66fb8903c78663c9afc45aea4f116125fa6feffd364cf09443e8\windows-amd64\native-platform-file-events.dll
0x00007ffc7e630000 - 0x00007ffc7e63a000 	D:\Android\Android Studio\jre\bin\management.dll
0x00007ffc7cea0000 - 0x00007ffc7ceac000 	D:\Android\Android Studio\jre\bin\management_ext.dll
0x00007ffc82e90000 - 0x00007ffc82ec3000 	C:\Windows\system32\rsaenh.dll
0x00007ffc84c80000 - 0x00007ffc84ca6000 	C:\Windows\System32\bcrypt.dll
0x00007ffc83a40000 - 0x00007ffc83a69000 	C:\Windows\SYSTEM32\USERENV.dll
0x00007ffc834d0000 - 0x00007ffc834dc000 	C:\Windows\SYSTEM32\CRYPTBASE.dll
0x00007ffc83020000 - 0x00007ffc8305d000 	C:\Windows\SYSTEM32\IPHLPAPI.DLL
0x00007ffc84fa0000 - 0x00007ffc84fa8000 	C:\Windows\System32\NSI.dll
0x00007ffc7bb10000 - 0x00007ffc7bb26000 	C:\Windows\SYSTEM32\dhcpcsvc6.DLL
0x00007ffc7cb20000 - 0x00007ffc7cb3c000 	C:\Windows\SYSTEM32\dhcpcsvc.DLL
0x00007ffc83060000 - 0x00007ffc83126000 	C:\Windows\SYSTEM32\DNSAPI.dll
0x00007ffc803a0000 - 0x00007ffc803a8000 	D:\Android\Android Studio\jre\bin\rmi.dll
0x00007ffc6b660000 - 0x00007ffc6b676000 	C:\Windows\system32\napinsp.dll
0x00007ffc6b480000 - 0x00007ffc6b49a000 	C:\Windows\system32\pnrpnsp.dll
0x00007ffc6b420000 - 0x00007ffc6b42e000 	C:\Windows\System32\winrnr.dll
0x00007ffc80370000 - 0x00007ffc8038b000 	C:\Windows\system32\NLAapi.dll
0x00007ffc6b400000 - 0x00007ffc6b415000 	C:\Windows\system32\wshbth.dll
0x00007ffc7ae60000 - 0x00007ffc7ae6a000 	C:\Windows\System32\rasadhlp.dll
0x00007ffc7af70000 - 0x00007ffc7afe9000 	C:\Windows\System32\fwpuclnt.dll
0x00007ffc82b70000 - 0x00007ffc82ba1000 	C:\Windows\SYSTEM32\ntmarta.dll
0x00007ffc81da0000 - 0x00007ffc81e2c000 	C:\Windows\system32\apphelp.dll

dbghelp: loaded successfully - version: 4.0.5 - missing functions: none
symbol engine: initialized successfully - sym options: 0x614 - pdb path: .;D:\Android\Android Studio\jre\bin;C:\Windows\SYSTEM32;C:\Windows\WinSxS\amd64_microsoft.windows.common-controls_6595b64144ccf1df_6.0.17763.2183_none_de75a23453475286;D:\Android\Android Studio\jre\bin\server;C:\Users\Home\.gradle\native\8bec1ad78214c89d9ad589b4d07fe93259594b29d510b10fafb7a158f7737e5d\windows-amd64;C:\Users\Home\.gradle\native\53dbd7edfb1c66fb8903c78663c9afc45aea4f116125fa6feffd364cf09443e8\windows-amd64

VM Arguments:
jvm_args: --add-opens=java.base/java.util=ALL-UNNAMED --add-opens=java.base/java.lang=ALL-UNNAMED --add-opens=java.base/java.lang.invoke=ALL-UNNAMED --add-opens=java.base/java.util=ALL-UNNAMED --add-opens=java.prefs/java.util.prefs=ALL-UNNAMED --add-opens=java.prefs/java.util.prefs=ALL-UNNAMED --add-opens=java.base/java.nio.charset=ALL-UNNAMED --add-opens=java.base/java.net=ALL-UNNAMED --add-opens=java.base/java.util.concurrent.atomic=ALL-UNNAMED -Xmx2048m -Dfile.encoding=UTF-8 -Duser.country=RU -Duser.language=ru -Duser.variant 
java_command: org.gradle.launcher.daemon.bootstrap.GradleDaemon 7.0.2
java_class_path (initial): C:\Users\Home\.gradle\wrapper\dists\gradle-7.0.2-bin\857tjihv64xamwrf0h14cai3r\gradle-7.0.2\lib\gradle-launcher-7.0.2.jar
Launcher Type: SUN_STANDARD

[Global flags]
     intx CICompilerCount                          = 3                                         {product} {ergonomic}
     uint ConcGCThreads                            = 1                                         {product} {ergonomic}
     uint G1ConcRefinementThreads                  = 4                                         {product} {ergonomic}
   size_t G1HeapRegionSize                         = 1048576                                   {product} {ergonomic}
    uintx GCDrainStackTargetSize                   = 64                                        {product} {ergonomic}
   size_t InitialHeapSize                          = 65011712                                  {product} {ergonomic}
   size_t MarkStackSize                            = 4194304                                   {product} {ergonomic}
   size_t MaxHeapSize                              = 2147483648                                {product} {command line}
   size_t MaxNewSize                               = 1287651328                                {product} {ergonomic}
   size_t MinHeapDeltaBytes                        = 1048576                                   {product} {ergonomic}
    uintx NonNMethodCodeHeapSize                   = 5830732                                {pd product} {ergonomic}
    uintx NonProfiledCodeHeapSize                  = 122913754                              {pd product} {ergonomic}
    uintx ProfiledCodeHeapSize                     = 122913754                              {pd product} {ergonomic}
    uintx ReservedCodeCacheSize                    = 251658240                              {pd product} {ergonomic}
     bool SegmentedCodeCache                       = true                                      {product} {ergonomic}
     bool UseCompressedClassPointers               = true                                 {lp64_product} {ergonomic}
     bool UseCompressedOops                        = true                                 {lp64_product} {ergonomic}
     bool UseG1GC                                  = true                                      {product} {ergonomic}
     bool UseLargePagesIndividualAllocation        = false                                  {pd product} {ergonomic}

Logging:
Log output configuration:
 #0: stdout all=warning uptime,level,tags
 #1: stderr all=off uptime,level,tags

Environment Variables:
PATH=C:\Program Files (x86)\Common Files\Oracle\Java\javapath;C:\Windows\system32;C:\Windows;C:\Windows\System32\Wbem;C:\Windows\System32\WindowsPowerShell\v1.0\;C:\Windows\System32\OpenSSH\;D:\AndroidProjects\Git\cmd;C:\Users\Home\AppData\Local\Microsoft\WindowsApps;
USERNAME=Home
OS=Windows_NT
PROCESSOR_IDENTIFIER=Intel64 Family 6 Model 42 Stepping 7, GenuineIntel



---------------  S Y S T E M  ---------------

OS: Windows 10 , 64 bit Build 17763 (10.0.17763.2145)
OS uptime: 0 days 0:44 hours

CPU:total 4 (initial active 4) (2 cores per cpu, 2 threads per core) family 6 model 42 stepping 7 microcode 0x2f, cmov, cx8, fxsr, mmx, sse, sse2, sse3, ssse3, sse4.1, sse4.2, popcnt, avx, clmul, ht, tsc, tscinvbit

Memory: 4k page, system-wide physical 3932M (605M free)
TotalPageFile size 4722M (AvailPageFile size 91M)
current process WorkingSet (physical memory assigned to process): 750M, peak: 750M
current process commit charge ("private bytes"): 785M, peak: 1026M

vm_info: OpenJDK 64-Bit Server VM (11.0.10+0-b96-7249189) for windows-amd64 JRE (11.0.10+0-b96-7249189), built on Mar 31 2021 21:44:00 by "builder" with MS VC++ 14.0 (VS2015)

END.
