#
# There is insufficient memory for the Java Runtime Environment to continue.
# Native memory allocation (mmap) failed to map 179306496 bytes for Failed to commit area from 0x0000000096c00000 to 0x00000000a1700000 of length 179306496.
# Possible reasons:
#   The system is out of physical RAM or swap space
#   The process is running with CompressedOops enabled, and the Java Heap may be blocking the growth of the native heap
# Possible solutions:
#   Reduce memory load on the system
#   Increase physical memory or swap space
#   Check if swap backing store is full
#   Decrease Java heap size (-Xmx/-Xms)
#   Decrease number of Java threads
#   Decrease Java thread stack sizes (-Xss)
#   Set larger code cache with -XX:ReservedCodeCacheSize=
#   JVM is running with Unscaled Compressed Oops mode in which the Java heap is
#     placed in the first 4GB address space. The Java Heap base address is the
#     maximum limit for the native heap growth. Please use -XX:HeapBaseMinAddress
#     to set the Java Heap base and to place the Java Heap above 4GB virtual address.
# This output file may be truncated or incomplete.
#
#  Out of Memory Error (./src/hotspot/os/windows/os_windows.cpp:3301), pid=5188, tid=5248
#
# JRE version: OpenJDK Runtime Environment (11.0.10) (build 11.0.10+0-b96-7249189)
# Java VM: OpenJDK 64-Bit Server VM (11.0.10+0-b96-7249189, mixed mode, tiered, compressed oops, g1 gc, windows-amd64)
# No core dump will be written. Minidumps are not enabled by default on client versions of Windows
#

---------------  S U M M A R Y ------------

Command Line: --add-opens=java.base/java.util=ALL-UNNAMED --add-opens=java.base/java.lang=ALL-UNNAMED --add-opens=java.base/java.lang.invoke=ALL-UNNAMED --add-opens=java.base/java.util=ALL-UNNAMED --add-opens=java.prefs/java.util.prefs=ALL-UNNAMED --add-opens=java.prefs/java.util.prefs=ALL-UNNAMED --add-opens=java.base/java.nio.charset=ALL-UNNAMED --add-opens=java.base/java.net=ALL-UNNAMED --add-opens=java.base/java.util.concurrent.atomic=ALL-UNNAMED -Xmx2048m -Dfile.encoding=UTF-8 -Duser.country=RU -Duser.language=ru -Duser.variant org.gradle.launcher.daemon.bootstrap.GradleDaemon 7.0.2

Host: Intel(R) Core(TM) i3-2370M CPU @ 2.40GHz, 4 cores, 3G,  Windows 10 , 64 bit Build 17763 (10.0.17763.2145)
Time: Mon Jan 31 10:32:22 2022 RTZ 2 (ceia) elapsed time: 807.553139 seconds (0d 0h 13m 27s)

---------------  T H R E A D  ---------------

Current thread (0x000001f341ec2000):  VMThread "VM Thread" [stack: 0x00000069f5d00000,0x00000069f5e00000] [id=5248]

Stack: [0x00000069f5d00000,0x00000069f5e00000]
[error occurred during error reporting (printing stack bounds), id 0xc0000005, EXCEPTION_ACCESS_VIOLATION (0xc0000005) at pc=0x000001f32b6d0f2d]

Native frames: (J=compiled Java code, j=interpreted, Vv=VM code, C=native code)
V  [jvm.dll+0x5ecfaa]
V  [jvm.dll+0x722bd5]
V  [jvm.dll+0x72412d]
V  [jvm.dll+0x724745]
V  [jvm.dll+0x7246fb]
V  [jvm.dll+0x5ec348]
V  [jvm.dll+0x5ecad8]
C  [ntdll.dll+0xa4a2f]
C  [ntdll.dll+0x4cef]
C  [ntdll.dll+0xa379e]
C  0x000001f32b6d0f2d

VM_Operation (0x00000069f86f8b30): G1CollectForAllocation, mode: safepoint, requested by thread 0x000001f346cca000


---------------  P R O C E S S  ---------------

Threads class SMR info:
_java_thread_list=0x000001f349530460, length=57, elements={
0x000001f3263cb000, 0x000001f341ec7800, 0x000001f341ec9000, 0x000001f342883000,
0x000001f341ee4800, 0x000001f341ee7000, 0x000001f341eea800, 0x000001f3428a0000,
0x000001f3428a3800, 0x000001f342991800, 0x000001f34406d800, 0x000001f344055000,
0x000001f34389a000, 0x000001f3443fc800, 0x000001f3443fd000, 0x000001f3443ff000,
0x000001f3443fe000, 0x000001f3443ff800, 0x000001f3443fb800, 0x000001f346cc2000,
0x000001f346cbd000, 0x000001f346cc1000, 0x000001f346cc0800, 0x000001f346cc7000,
0x000001f3443f9000, 0x000001f3496af000, 0x000001f3496ae000, 0x000001f3496b3000,
0x000001f3496b2000, 0x000001f3496b4800, 0x000001f3496b0000, 0x000001f3496b0800,
0x000001f346cc3800, 0x000001f346cbf800, 0x000001f346cbe000, 0x000001f346cbe800,
0x000001f346cc8800, 0x000001f346cc9800, 0x000001f346cca000, 0x000001f346cc4800,
0x000001f346ccb000, 0x000001f346cc5800, 0x000001f3450c4800, 0x000001f3450c5000,
0x000001f3450c6000, 0x000001f3450c7000, 0x000001f3450c2800, 0x000001f3450c1000,
0x000001f3450c7800, 0x000001f3443fa000, 0x000001f3454c4800, 0x000001f3454c8800,
0x000001f3454c7000, 0x000001f3454c9800, 0x000001f3454c3800, 0x000001f3454cb000,
0x000001f3454c7800
}

Java Threads: ( => current thread )
  0x000001f3263cb000 JavaThread "main" [_thread_blocked, id=2992, stack(0x00000069f5600000,0x00000069f5700000)]
  0x000001f341ec7800 JavaThread "Reference Handler" daemon [_thread_blocked, id=7680, stack(0x00000069f5e00000,0x00000069f5f00000)]
  0x000001f341ec9000 JavaThread "Finalizer" daemon [_thread_blocked, id=1264, stack(0x00000069f5f00000,0x00000069f6000000)]
  0x000001f342883000 JavaThread "Signal Dispatcher" daemon [_thread_blocked, id=880, stack(0x00000069f6000000,0x00000069f6100000)]
  0x000001f341ee4800 JavaThread "Attach Listener" daemon [_thread_blocked, id=2672, stack(0x00000069f6100000,0x00000069f6200000)]
  0x000001f341ee7000 JavaThread "Service Thread" daemon [_thread_blocked, id=2592, stack(0x00000069f6200000,0x00000069f6300000)]
  0x000001f341eea800 JavaThread "C2 CompilerThread0" daemon [_thread_blocked, id=1172, stack(0x00000069f6300000,0x00000069f6400000)]
  0x000001f3428a0000 JavaThread "C1 CompilerThread0" daemon [_thread_blocked, id=7640, stack(0x00000069f6400000,0x00000069f6500000)]
  0x000001f3428a3800 JavaThread "Sweeper thread" daemon [_thread_blocked, id=6304, stack(0x00000069f6500000,0x00000069f6600000)]
  0x000001f342991800 JavaThread "Common-Cleaner" daemon [_thread_blocked, id=304, stack(0x00000069f6600000,0x00000069f6700000)]
  0x000001f34406d800 JavaThread "Daemon health stats" [_thread_blocked, id=6576, stack(0x00000069f6a00000,0x00000069f6b00000)]
  0x000001f344055000 JavaThread "Incoming local TCP Connector on port 49994" [_thread_in_native, id=4304, stack(0x00000069f6800000,0x00000069f6900000)]
  0x000001f34389a000 JavaThread "Daemon periodic checks" [_thread_blocked, id=7236, stack(0x00000069f6d00000,0x00000069f6e00000)]
  0x000001f3443fc800 JavaThread "Cache worker for file hash cache (C:\Users\Home\.gradle\caches\7.0.2\fileHashes)" [_thread_blocked, id=6432, stack(0x00000069f7000000,0x00000069f7100000)]
  0x000001f3443fd000 JavaThread "File lock request listener" [_thread_in_native, id=4700, stack(0x00000069f7600000,0x00000069f7700000)]
  0x000001f3443ff000 JavaThread "Cache worker for journal cache (C:\Users\Home\.gradle\caches\journal-1)" [_thread_blocked, id=6216, stack(0x00000069f7700000,0x00000069f7800000)]
  0x000001f3443fe000 JavaThread "File watcher server" daemon [_thread_blocked, id=1068, stack(0x00000069f7a00000,0x00000069f7b00000)]
  0x000001f3443ff800 JavaThread "File watcher consumer" daemon [_thread_blocked, id=7060, stack(0x00000069f7b00000,0x00000069f7c00000)]
  0x000001f3443fb800 JavaThread "jar transforms" [_thread_blocked, id=6136, stack(0x00000069f7c00000,0x00000069f7d00000)]
  0x000001f346cc2000 JavaThread "jar transforms Thread 2" [_thread_blocked, id=6472, stack(0x00000069f7d00000,0x00000069f7e00000)]
  0x000001f346cbd000 JavaThread "jar transforms Thread 3" [_thread_blocked, id=1364, stack(0x00000069f7e00000,0x00000069f7f00000)]
  0x000001f346cc1000 JavaThread "jar transforms Thread 4" [_thread_blocked, id=6800, stack(0x00000069f7f00000,0x00000069f8000000)]
  0x000001f346cc0800 JavaThread "Cache worker for execution history cache (C:\Users\Home\.gradle\caches\7.0.2\executionHistory)" [_thread_blocked, id=5092, stack(0x00000069f8300000,0x00000069f8400000)]
  0x000001f346cc7000 JavaThread "Cache worker for file content cache (C:\Users\Home\.gradle\caches\7.0.2\fileContent)" [_thread_blocked, id=7032, stack(0x00000069f8400000,0x00000069f8500000)]
  0x000001f3443f9000 JavaThread "Memory manager" [_thread_blocked, id=748, stack(0x00000069f8b00000,0x00000069f8c00000)]
  0x000001f3496af000 JavaThread "Daemon Thread 5" [_thread_blocked, id=5708, stack(0x00000069f5500000,0x00000069f5600000)]
  0x000001f3496ae000 JavaThread "Handler for socket connection from /127.0.0.1:49994 to /127.0.0.1:50101" [_thread_in_native, id=7952, stack(0x00000069f6f00000,0x00000069f7000000)]
  0x000001f3496b3000 JavaThread "Cancel handler" [_thread_blocked, id=3064, stack(0x00000069f7100000,0x00000069f7200000)]
  0x000001f3496b2000 JavaThread "Daemon worker Thread 5" [_thread_blocked, id=2752, stack(0x00000069f7200000,0x00000069f7300000)]
  0x000001f3496b4800 JavaThread "Asynchronous log dispatcher for DefaultDaemonConnection: socket connection from /127.0.0.1:49994 to /127.0.0.1:50101" [_thread_blocked, id=7432, stack(0x00000069f7300000,0x00000069f7400000)]
  0x000001f3496b0000 JavaThread "Stdin handler" [_thread_blocked, id=6412, stack(0x00000069f7400000,0x00000069f7500000)]
  0x000001f3496b0800 JavaThread "Daemon client event forwarder" [_thread_blocked, id=1032, stack(0x00000069f7500000,0x00000069f7600000)]
  0x000001f346cc3800 JavaThread "Cache worker for file hash cache (D:\AndroidProjects\UseCase\.gradle\7.0.2\fileHashes)" [_thread_blocked, id=6592, stack(0x00000069f7800000,0x00000069f7900000)]
  0x000001f346cbf800 JavaThread "Cache worker for checksums cache (D:\AndroidProjects\UseCase\.gradle\checksums)" [_thread_blocked, id=6308, stack(0x00000069f7900000,0x00000069f7a00000)]
  0x000001f346cbe000 JavaThread "Cache worker for cache directory md-supplier (C:\Users\Home\.gradle\caches\7.0.2\md-supplier)" [_thread_blocked, id=6476, stack(0x00000069f8000000,0x00000069f8100000)]
  0x000001f346cbe800 JavaThread "Cache worker for cache directory md-rule (C:\Users\Home\.gradle\caches\7.0.2\md-rule)" [_thread_blocked, id=7076, stack(0x00000069f8100000,0x00000069f8200000)]
  0x000001f346cc8800 JavaThread "Cache worker for dependencies-accessors (D:\AndroidProjects\UseCase\.gradle\7.0.2\dependencies-accessors)" [_thread_blocked, id=6424, stack(0x00000069f8200000,0x00000069f8300000)]
  0x000001f346cc9800 JavaThread "Cache worker for Build Output Cleanup Cache (D:\AndroidProjects\UseCase\.gradle\buildOutputCleanup)" [_thread_blocked, id=216, stack(0x00000069f8500000,0x00000069f8600000)]
  0x000001f346cca000 JavaThread "Build operations" [_thread_blocked, id=6544, stack(0x00000069f8600000,0x00000069f8700000)]
  0x000001f346cc4800 JavaThread "Build operations Thread 2" [_thread_blocked, id=7496, stack(0x00000069f8700000,0x00000069f8800000)]
  0x000001f346ccb000 JavaThread "Build operations Thread 3" [_thread_blocked, id=6740, stack(0x00000069f8900000,0x00000069f8a00000)]
  0x000001f346cc5800 JavaThread "Build operations Thread 4" [_thread_blocked, id=4196, stack(0x00000069f8a00000,0x00000069f8b00000)]
  0x000001f3450c4800 JavaThread "build event listener" [_thread_blocked, id=6932, stack(0x00000069f8c00000,0x00000069f8d00000)]
  0x000001f3450c5000 JavaThread "build event listener" [_thread_blocked, id=6464, stack(0x00000069f8d00000,0x00000069f8e00000)]
  0x000001f3450c6000 JavaThread "Execution worker for ':'" [_thread_blocked, id=1692, stack(0x00000069f8e00000,0x00000069f8f00000)]
  0x000001f3450c7000 JavaThread "Execution worker for ':' Thread 2" [_thread_blocked, id=6332, stack(0x00000069f8f00000,0x00000069f9000000)]
  0x000001f3450c2800 JavaThread "Execution worker for ':' Thread 3" [_thread_blocked, id=7760, stack(0x00000069f9000000,0x00000069f9100000)]
  0x000001f3450c1000 JavaThread "Cache worker for execution history cache (D:\AndroidProjects\UseCase\.gradle\7.0.2\executionHistory)" [_thread_blocked, id=6364, stack(0x00000069f9100000,0x00000069f9200000)]
  0x000001f3450c7800 JavaThread "RMI Scheduler(0)" daemon [_thread_blocked, id=1656, stack(0x00000069f9200000,0x00000069f9300000)]
  0x000001f3443fa000 JavaThread "RMI GC Daemon" daemon [_thread_blocked, id=6820, stack(0x00000069f9400000,0x00000069f9500000)]
  0x000001f3454c4800 JavaThread "RMI TCP Accept-0" daemon [_thread_in_native, id=1156, stack(0x00000069f9500000,0x00000069f9600000)]
  0x000001f3454c8800 JavaThread "RMI Reaper" [_thread_blocked, id=6900, stack(0x00000069f9600000,0x00000069f9700000)]
  0x000001f3454c7000 JavaThread "RMI TCP Connection(1)-127.0.0.1" daemon [_thread_in_native, id=4596, stack(0x00000069f9700000,0x00000069f9800000)]
  0x000001f3454c9800 JavaThread "WorkerExecutor Queue" [_thread_blocked, id=2488, stack(0x00000069f9800000,0x00000069f9900000)]
  0x000001f3454c3800 JavaThread "WorkerExecutor Queue Thread 2" [_thread_blocked, id=3760, stack(0x00000069f9300000,0x00000069f9400000)]
  0x000001f3454cb000 JavaThread "WorkerExecutor Queue Thread 3" [_thread_blocked, id=8108, stack(0x00000069f9900000,0x00000069f9a00000)]
  0x000001f3454c7800 JavaThread "WorkerExecutor Queue Thread 4" [_thread_blocked, id=7844, stack(0x00000069f9a00000,0x00000069f9b00000)]

Other Threads:
=>0x000001f341ec2000 VMThread "VM Thread" [stack: 0x00000069f5d00000,0x00000069f5e00000] [id=5248]
  0x000001f3429c1000 WatcherThread [stack: 0x00000069f6700000,0x00000069f6800000] [id=1716]
  0x000001f3263e3800 GCTaskThread "GC Thread#0" [stack: 0x00000069f5800000,0x00000069f5900000] [id=2728]
  0x000001f3433a0000 GCTaskThread "GC Thread#1" [stack: 0x00000069f6900000,0x00000069f6a00000] [id=4436]
  0x000001f34417d000 GCTaskThread "GC Thread#2" [stack: 0x00000069f6b00000,0x00000069f6c00000] [id=7056]
  0x000001f343ae3000 GCTaskThread "GC Thread#3" [stack: 0x00000069f6c00000,0x00000069f6d00000] [id=3508]
  0x000001f326415800 ConcurrentGCThread "G1 Main Marker" [stack: 0x00000069f5900000,0x00000069f5a00000] [id=7924]
  0x000001f326417000 ConcurrentGCThread "G1 Conc#0" [stack: 0x00000069f5a00000,0x00000069f5b00000] [id=4132]
  0x000001f32646d000 ConcurrentGCThread "G1 Refine#0" [stack: 0x00000069f5b00000,0x00000069f5c00000] [id=6552]
  0x000001f32646e000 ConcurrentGCThread "G1 Young RemSet Sampling" [stack: 0x00000069f5c00000,0x00000069f5d00000] [id=4572]

Threads with active compile tasks:
C2 CompilerThread0 807625 25095 %     4       com.android.tools.r8.internal.U6::a @ 2560 (6044 bytes)
C1 CompilerThread0 807625 25241 %     3       com.android.tools.r8.internal.ka::a @ 437 (1420 bytes)

VM state:at safepoint (normal execution)

VM Mutex/Monitor currently owned by a thread:  ([mutex/lock_event])
[0x000001f3263c8850] Threads_lock - owner thread: 0x000001f341ec2000
[0x000001f3263c96f0] Heap_lock - owner thread: 0x000001f346cca000

Heap address: 0x0000000080000000, size: 2048 MB, Compressed Oops mode: 32-bit
Narrow klass base: 0x0000000000000000, Narrow klass shift: 3
Compressed class space size: 1073741824 Address: 0x0000000100000000

Heap:
 garbage-first heap   total 547840K, used 192770K [0x0000000080000000, 0x0000000100000000)
  region size 1024K, 4 young (4096K), 4 survivors (4096K)
 Metaspace       used 147873K, capacity 153181K, committed 153472K, reserved 1181696K
  class space    used 18662K, capacity 20536K, committed 20608K, reserved 1048576K
Heap Regions: E=young(eden), S=young(survivor), O=old, HS=humongous(starts), HC=humongous(continues), CS=collection set, F=free, A=archive, TAMS=top-at-mark-start (previous, next)
|   0|0x0000000080000000, 0x0000000080100000, 0x0000000080100000|100%| O|  |TAMS 0x0000000080100000, 0x0000000080000000| Untracked 
|   1|0x0000000080100000, 0x0000000080200000, 0x0000000080200000|100%| O|  |TAMS 0x0000000080200000, 0x0000000080100000| Untracked 
|   2|0x0000000080200000, 0x0000000080300000, 0x0000000080300000|100%| O|  |TAMS 0x0000000080300000, 0x0000000080200000| Untracked 
|   3|0x0000000080300000, 0x0000000080400000, 0x0000000080400000|100%|HS|  |TAMS 0x0000000080400000, 0x0000000080300000| Complete 
|   4|0x0000000080400000, 0x0000000080500000, 0x0000000080500000|100%|HC|  |TAMS 0x0000000080500000, 0x0000000080400000| Complete 
|   5|0x0000000080500000, 0x0000000080600000, 0x0000000080600000|100%|HC|  |TAMS 0x0000000080600000, 0x0000000080500000| Complete 
|   6|0x0000000080600000, 0x0000000080700000, 0x0000000080700000|100%| O|  |TAMS 0x0000000080700000, 0x0000000080600000| Untracked 
|   7|0x0000000080700000, 0x0000000080800000, 0x0000000080800000|100%| O|  |TAMS 0x0000000080800000, 0x0000000080700000| Untracked 
|   8|0x0000000080800000, 0x0000000080900000, 0x0000000080900000|100%| O|  |TAMS 0x0000000080900000, 0x0000000080800000| Untracked 
|   9|0x0000000080900000, 0x0000000080a00000, 0x0000000080a00000|100%| O|  |TAMS 0x0000000080a00000, 0x0000000080900000| Untracked 
|  10|0x0000000080a00000, 0x0000000080b00000, 0x0000000080b00000|100%| O|  |TAMS 0x0000000080b00000, 0x0000000080a00000| Untracked 
|  11|0x0000000080b00000, 0x0000000080c00000, 0x0000000080c00000|100%| O|  |TAMS 0x0000000080c00000, 0x0000000080b00000| Untracked 
|  12|0x0000000080c00000, 0x0000000080d00000, 0x0000000080d00000|100%| O|  |TAMS 0x0000000080d00000, 0x0000000080c00000| Untracked 
|  13|0x0000000080d00000, 0x0000000080e00000, 0x0000000080e00000|100%| O|  |TAMS 0x0000000080e00000, 0x0000000080d00000| Untracked 
|  14|0x0000000080e00000, 0x0000000080f00000, 0x0000000080f00000|100%| O|  |TAMS 0x0000000080f00000, 0x0000000080e00000| Untracked 
|  15|0x0000000080f00000, 0x0000000081000000, 0x0000000081000000|100%| O|  |TAMS 0x0000000081000000, 0x0000000080f00000| Untracked 
|  16|0x0000000081000000, 0x0000000081100000, 0x0000000081100000|100%|HS|  |TAMS 0x0000000081100000, 0x0000000081000000| Complete 
|  17|0x0000000081100000, 0x0000000081200000, 0x0000000081200000|100%|HC|  |TAMS 0x0000000081200000, 0x0000000081100000| Complete 
|  18|0x0000000081200000, 0x0000000081300000, 0x0000000081300000|100%|HS|  |TAMS 0x0000000081300000, 0x0000000081200000| Complete 
|  19|0x0000000081300000, 0x0000000081400000, 0x0000000081400000|100%|HC|  |TAMS 0x0000000081400000, 0x0000000081300000| Complete 
|  20|0x0000000081400000, 0x0000000081500000, 0x0000000081500000|100%|HC|  |TAMS 0x0000000081500000, 0x0000000081400000| Complete 
|  21|0x0000000081500000, 0x0000000081600000, 0x0000000081600000|100%|HS|  |TAMS 0x0000000081600000, 0x0000000081500000| Complete 
|  22|0x0000000081600000, 0x0000000081700000, 0x0000000081700000|100%|HC|  |TAMS 0x0000000081700000, 0x0000000081600000| Complete 
|  23|0x0000000081700000, 0x0000000081800000, 0x0000000081800000|100%|HC|  |TAMS 0x0000000081800000, 0x0000000081700000| Complete 
|  24|0x0000000081800000, 0x0000000081900000, 0x0000000081900000|100%|HC|  |TAMS 0x0000000081900000, 0x0000000081800000| Complete 
|  25|0x0000000081900000, 0x0000000081a00000, 0x0000000081a00000|100%|HC|  |TAMS 0x0000000081a00000, 0x0000000081900000| Complete 
|  26|0x0000000081a00000, 0x0000000081b00000, 0x0000000081b00000|100%| O|  |TAMS 0x0000000081b00000, 0x0000000081a00000| Complete 
|  27|0x0000000081b00000, 0x0000000081c00000, 0x0000000081c00000|100%| O|  |TAMS 0x0000000081c00000, 0x0000000081b00000| Complete 
|  28|0x0000000081c00000, 0x0000000081d00000, 0x0000000081d00000|100%| O|  |TAMS 0x0000000081d00000, 0x0000000081c00000| Complete 
|  29|0x0000000081d00000, 0x0000000081e00000, 0x0000000081e00000|100%| O|  |TAMS 0x0000000081e00000, 0x0000000081d00000| Untracked 
|  30|0x0000000081e00000, 0x0000000081f00000, 0x0000000081f00000|100%| O|  |TAMS 0x0000000081f00000, 0x0000000081e00000| Untracked 
|  31|0x0000000081f00000, 0x0000000082000000, 0x0000000082000000|100%| O|  |TAMS 0x0000000082000000, 0x0000000081f00000| Untracked 
|  32|0x0000000082000000, 0x0000000082100000, 0x0000000082100000|100%| O|  |TAMS 0x0000000082100000, 0x0000000082000000| Untracked 
|  33|0x0000000082100000, 0x0000000082200000, 0x0000000082200000|100%| O|  |TAMS 0x0000000082200000, 0x0000000082100000| Untracked 
|  34|0x0000000082200000, 0x0000000082300000, 0x0000000082300000|100%| O|  |TAMS 0x0000000082300000, 0x0000000082200000| Complete 
|  35|0x0000000082300000, 0x0000000082400000, 0x0000000082400000|100%| O|  |TAMS 0x0000000082400000, 0x0000000082300000| Untracked 
|  36|0x0000000082400000, 0x0000000082500000, 0x0000000082500000|100%|HS|  |TAMS 0x0000000082500000, 0x0000000082400000| Complete 
|  37|0x0000000082500000, 0x0000000082600000, 0x0000000082600000|100%|HC|  |TAMS 0x0000000082600000, 0x0000000082500000| Complete 
|  38|0x0000000082600000, 0x0000000082700000, 0x0000000082700000|100%|HC|  |TAMS 0x0000000082700000, 0x0000000082600000| Complete 
|  39|0x0000000082700000, 0x0000000082800000, 0x0000000082800000|100%|HC|  |TAMS 0x0000000082800000, 0x0000000082700000| Complete 
|  40|0x0000000082800000, 0x0000000082900000, 0x0000000082900000|100%|HC|  |TAMS 0x0000000082900000, 0x0000000082800000| Complete 
|  41|0x0000000082900000, 0x0000000082a00000, 0x0000000082a00000|100%| O|  |TAMS 0x0000000082a00000, 0x0000000082900000| Untracked 
|  42|0x0000000082a00000, 0x0000000082b00000, 0x0000000082b00000|100%|HS|  |TAMS 0x0000000082b00000, 0x0000000082a00000| Complete 
|  43|0x0000000082b00000, 0x0000000082c00000, 0x0000000082c00000|100%|HC|  |TAMS 0x0000000082c00000, 0x0000000082b00000| Complete 
|  44|0x0000000082c00000, 0x0000000082d00000, 0x0000000082d00000|100%|HC|  |TAMS 0x0000000082d00000, 0x0000000082c00000| Complete 
|  45|0x0000000082d00000, 0x0000000082e00000, 0x0000000082e00000|100%| O|  |TAMS 0x0000000082e00000, 0x0000000082d00000| Untracked 
|  46|0x0000000082e00000, 0x0000000082f00000, 0x0000000082f00000|100%| O|  |TAMS 0x0000000082f00000, 0x0000000082e00000| Untracked 
|  47|0x0000000082f00000, 0x0000000083000000, 0x0000000083000000|100%| O|  |TAMS 0x0000000083000000, 0x0000000082f00000| Untracked 
|  48|0x0000000083000000, 0x0000000083100000, 0x0000000083100000|100%| O|  |TAMS 0x0000000083100000, 0x0000000083000000| Untracked 
|  49|0x0000000083100000, 0x0000000083200000, 0x0000000083200000|100%| O|  |TAMS 0x0000000083200000, 0x0000000083100000| Untracked 
|  50|0x0000000083200000, 0x0000000083300000, 0x0000000083300000|100%| O|  |TAMS 0x0000000083300000, 0x0000000083200000| Complete 
|  51|0x0000000083300000, 0x0000000083400000, 0x0000000083400000|100%| O|  |TAMS 0x0000000083400000, 0x0000000083300000| Untracked 
|  52|0x0000000083400000, 0x0000000083500000, 0x0000000083500000|100%| O|  |TAMS 0x0000000083500000, 0x0000000083400000| Untracked 
|  53|0x0000000083500000, 0x0000000083600000, 0x0000000083600000|100%| O|  |TAMS 0x0000000083600000, 0x0000000083500000| Complete 
|  54|0x0000000083600000, 0x0000000083700000, 0x0000000083700000|100%| O|  |TAMS 0x0000000083700000, 0x0000000083600000| Complete 
|  55|0x0000000083700000, 0x0000000083800000, 0x0000000083800000|100%|HS|  |TAMS 0x0000000083800000, 0x0000000083700000| Complete 
|  56|0x0000000083800000, 0x0000000083900000, 0x0000000083900000|100%|HS|  |TAMS 0x0000000083900000, 0x0000000083800000| Complete 
|  57|0x0000000083900000, 0x0000000083a00000, 0x0000000083a00000|100%|HS|  |TAMS 0x0000000083a00000, 0x0000000083900000| Complete 
|  58|0x0000000083a00000, 0x0000000083b00000, 0x0000000083b00000|100%|HS|  |TAMS 0x0000000083b00000, 0x0000000083a00000| Complete 
|  59|0x0000000083b00000, 0x0000000083c00000, 0x0000000083c00000|100%|HC|  |TAMS 0x0000000083c00000, 0x0000000083b00000| Complete 
|  60|0x0000000083c00000, 0x0000000083d00000, 0x0000000083d00000|100%|HC|  |TAMS 0x0000000083d00000, 0x0000000083c00000| Complete 
|  61|0x0000000083d00000, 0x0000000083e00000, 0x0000000083e00000|100%|HS|  |TAMS 0x0000000083e00000, 0x0000000083d00000| Complete 
|  62|0x0000000083e00000, 0x0000000083f00000, 0x0000000083f00000|100%|HC|  |TAMS 0x0000000083f00000, 0x0000000083e00000| Complete 
|  63|0x0000000083f00000, 0x0000000084000000, 0x0000000084000000|100%| O|  |TAMS 0x0000000084000000, 0x0000000083f00000| Untracked 
|  64|0x0000000084000000, 0x0000000084100000, 0x0000000084100000|100%| O|  |TAMS 0x0000000084100000, 0x0000000084000000| Untracked 
|  65|0x0000000084100000, 0x0000000084200000, 0x0000000084200000|100%| O|  |TAMS 0x0000000084200000, 0x0000000084100000| Untracked 
|  66|0x0000000084200000, 0x0000000084300000, 0x0000000084300000|100%| O|  |TAMS 0x0000000084300000, 0x0000000084200000| Complete 
|  67|0x0000000084300000, 0x0000000084400000, 0x0000000084400000|100%| O|  |TAMS 0x0000000084400000, 0x0000000084300000| Complete 
|  68|0x0000000084400000, 0x0000000084500000, 0x0000000084500000|100%| O|  |TAMS 0x0000000084500000, 0x0000000084400000| Untracked 
|  69|0x0000000084500000, 0x0000000084600000, 0x0000000084600000|100%| O|  |TAMS 0x0000000084600000, 0x0000000084500000| Untracked 
|  70|0x0000000084600000, 0x0000000084700000, 0x0000000084700000|100%| O|  |TAMS 0x0000000084700000, 0x0000000084600000| Untracked 
|  71|0x0000000084700000, 0x0000000084800000, 0x0000000084800000|100%| O|  |TAMS 0x0000000084800000, 0x0000000084700000| Complete 
|  72|0x0000000084800000, 0x0000000084900000, 0x0000000084900000|100%| O|  |TAMS 0x0000000084900000, 0x0000000084800000| Complete 
|  73|0x0000000084900000, 0x0000000084a00000, 0x0000000084a00000|100%| O|  |TAMS 0x0000000084a00000, 0x0000000084900000| Complete 
|  74|0x0000000084a00000, 0x0000000084b00000, 0x0000000084b00000|100%| O|  |TAMS 0x0000000084b00000, 0x0000000084a00000| Complete 
|  75|0x0000000084b00000, 0x0000000084c00000, 0x0000000084c00000|100%| O|  |TAMS 0x0000000084c00000, 0x0000000084b00000| Complete 
|  76|0x0000000084c00000, 0x0000000084d00000, 0x0000000084d00000|100%| O|  |TAMS 0x0000000084d00000, 0x0000000084c00000| Complete 
|  77|0x0000000084d00000, 0x0000000084e00000, 0x0000000084e00000|100%| O|  |TAMS 0x0000000084e00000, 0x0000000084d00000| Complete 
|  78|0x0000000084e00000, 0x0000000084f00000, 0x0000000084f00000|100%| O|  |TAMS 0x0000000084f00000, 0x0000000084e00000| Untracked 
|  79|0x0000000084f00000, 0x0000000085000000, 0x0000000085000000|100%| O|  |TAMS 0x0000000085000000, 0x0000000084f00000| Untracked 
|  80|0x0000000085000000, 0x0000000085100000, 0x0000000085100000|100%| O|  |TAMS 0x0000000085100000, 0x0000000085000000| Untracked 
|  81|0x0000000085100000, 0x0000000085200000, 0x0000000085200000|100%| O|  |TAMS 0x0000000085200000, 0x0000000085100000| Untracked 
|  82|0x0000000085200000, 0x0000000085300000, 0x0000000085300000|100%| O|  |TAMS 0x0000000085300000, 0x0000000085200000| Complete 
|  83|0x0000000085300000, 0x0000000085400000, 0x0000000085400000|100%| O|  |TAMS 0x0000000085400000, 0x0000000085300000| Untracked 
|  84|0x0000000085400000, 0x0000000085500000, 0x0000000085500000|100%| O|  |TAMS 0x0000000085500000, 0x0000000085400000| Untracked 
|  85|0x0000000085500000, 0x0000000085600000, 0x0000000085600000|100%| O|  |TAMS 0x0000000085600000, 0x0000000085500000| Complete 
|  86|0x0000000085600000, 0x0000000085700000, 0x0000000085700000|100%| O|  |TAMS 0x0000000085700000, 0x0000000085600000| Complete 
|  87|0x0000000085700000, 0x0000000085800000, 0x0000000085800000|100%| O|  |TAMS 0x0000000085800000, 0x0000000085700000| Complete 
|  88|0x0000000085800000, 0x0000000085900000, 0x0000000085900000|100%| O|  |TAMS 0x0000000085900000, 0x0000000085800000| Complete 
|  89|0x0000000085900000, 0x0000000085a00000, 0x0000000085a00000|100%| O|  |TAMS 0x0000000085a00000, 0x0000000085900000| Complete 
|  90|0x0000000085a00000, 0x0000000085b00000, 0x0000000085b00000|100%| O|  |TAMS 0x0000000085b00000, 0x0000000085a00000| Untracked 
|  91|0x0000000085b00000, 0x0000000085c00000, 0x0000000085c00000|100%| O|  |TAMS 0x0000000085c00000, 0x0000000085b00000| Complete 
|  92|0x0000000085c00000, 0x0000000085d00000, 0x0000000085d00000|100%| O|  |TAMS 0x0000000085d00000, 0x0000000085c00000| Complete 
|  93|0x0000000085d00000, 0x0000000085e00000, 0x0000000085e00000|100%| O|  |TAMS 0x0000000085e00000, 0x0000000085d00000| Complete 
|  94|0x0000000085e00000, 0x0000000085f00000, 0x0000000085f00000|100%| O|  |TAMS 0x0000000085f00000, 0x0000000085e00000| Untracked 
|  95|0x0000000085f00000, 0x0000000086000000, 0x0000000086000000|100%| O|  |TAMS 0x0000000086000000, 0x0000000085f00000| Untracked 
|  96|0x0000000086000000, 0x0000000086100000, 0x0000000086100000|100%| O|  |TAMS 0x0000000086100000, 0x0000000086000000| Complete 
|  97|0x0000000086100000, 0x0000000086200000, 0x0000000086200000|100%| O|  |TAMS 0x0000000086200000, 0x0000000086100000| Untracked 
|  98|0x0000000086200000, 0x0000000086300000, 0x0000000086300000|100%| O|  |TAMS 0x0000000086300000, 0x0000000086200000| Complete 
|  99|0x0000000086300000, 0x0000000086400000, 0x0000000086400000|100%| O|  |TAMS 0x0000000086400000, 0x0000000086300000| Complete 
| 100|0x0000000086400000, 0x0000000086500000, 0x0000000086500000|100%| O|  |TAMS 0x0000000086500000, 0x0000000086400000| Untracked 
| 101|0x0000000086500000, 0x0000000086600000, 0x0000000086600000|100%| O|  |TAMS 0x0000000086600000, 0x0000000086500000| Complete 
| 102|0x0000000086600000, 0x0000000086700000, 0x0000000086700000|100%| O|  |TAMS 0x0000000086700000, 0x0000000086600000| Complete 
| 103|0x0000000086700000, 0x0000000086800000, 0x0000000086800000|100%| O|  |TAMS 0x0000000086800000, 0x0000000086700000| Untracked 
| 104|0x0000000086800000, 0x0000000086900000, 0x0000000086900000|100%| O|  |TAMS 0x0000000086900000, 0x0000000086800000| Complete 
| 105|0x0000000086900000, 0x0000000086a00000, 0x0000000086a00000|100%| O|  |TAMS 0x0000000086a00000, 0x0000000086900000| Complete 
| 106|0x0000000086a00000, 0x0000000086b00000, 0x0000000086b00000|100%| O|  |TAMS 0x0000000086b00000, 0x0000000086a00000| Complete 
| 107|0x0000000086b00000, 0x0000000086c00000, 0x0000000086c00000|100%| O|  |TAMS 0x0000000086c00000, 0x0000000086b00000| Complete 
| 108|0x0000000086c00000, 0x0000000086d00000, 0x0000000086d00000|100%| O|  |TAMS 0x0000000086d00000, 0x0000000086c00000| Untracked 
| 109|0x0000000086d00000, 0x0000000086e00000, 0x0000000086e00000|100%| O|  |TAMS 0x0000000086e00000, 0x0000000086d00000| Untracked 
| 110|0x0000000086e00000, 0x0000000086f00000, 0x0000000086f00000|100%| O|  |TAMS 0x0000000086f00000, 0x0000000086e00000| Untracked 
| 111|0x0000000086f00000, 0x0000000087000000, 0x0000000087000000|100%| O|  |TAMS 0x0000000087000000, 0x0000000086f00000| Complete 
| 112|0x0000000087000000, 0x0000000087100000, 0x0000000087100000|100%| O|  |TAMS 0x0000000087100000, 0x0000000087000000| Untracked 
| 113|0x0000000087100000, 0x0000000087200000, 0x0000000087200000|100%| O|  |TAMS 0x0000000087200000, 0x0000000087100000| Untracked 
| 114|0x0000000087200000, 0x0000000087300000, 0x0000000087300000|100%| O|  |TAMS 0x0000000087300000, 0x0000000087200000| Untracked 
| 115|0x0000000087300000, 0x0000000087400000, 0x0000000087400000|100%| O|  |TAMS 0x0000000087400000, 0x0000000087300000| Complete 
| 116|0x0000000087400000, 0x0000000087500000, 0x0000000087500000|100%| O|  |TAMS 0x0000000087500000, 0x0000000087400000| Complete 
| 117|0x0000000087500000, 0x0000000087600000, 0x0000000087600000|100%| O|  |TAMS 0x0000000087600000, 0x0000000087500000| Complete 
| 118|0x0000000087600000, 0x0000000087700000, 0x0000000087700000|100%| O|  |TAMS 0x0000000087700000, 0x0000000087600000| Complete 
| 119|0x0000000087700000, 0x0000000087800000, 0x0000000087800000|100%| O|  |TAMS 0x0000000087800000, 0x0000000087700000| Untracked 
| 120|0x0000000087800000, 0x0000000087900000, 0x0000000087900000|100%| O|  |TAMS 0x0000000087900000, 0x0000000087800000| Complete 
| 121|0x0000000087900000, 0x0000000087a00000, 0x0000000087a00000|100%| O|  |TAMS 0x0000000087a00000, 0x0000000087900000| Untracked 
| 122|0x0000000087a00000, 0x0000000087b00000, 0x0000000087b00000|100%| O|  |TAMS 0x0000000087b00000, 0x0000000087a00000| Untracked 
| 123|0x0000000087b00000, 0x0000000087c00000, 0x0000000087c00000|100%| O|  |TAMS 0x0000000087c00000, 0x0000000087b00000| Untracked 
| 124|0x0000000087c00000, 0x0000000087d00000, 0x0000000087d00000|100%| O|  |TAMS 0x0000000087d00000, 0x0000000087c00000| Complete 
| 125|0x0000000087d00000, 0x0000000087e00000, 0x0000000087e00000|100%| O|  |TAMS 0x0000000087e00000, 0x0000000087d00000| Untracked 
| 126|0x0000000087e00000, 0x0000000087f00000, 0x0000000087f00000|100%| O|  |TAMS 0x0000000087f00000, 0x0000000087e00000| Complete 
| 127|0x0000000087f00000, 0x0000000088000000, 0x0000000088000000|100%| O|  |TAMS 0x0000000088000000, 0x0000000087f00000| Untracked 
| 128|0x0000000088000000, 0x0000000088100000, 0x0000000088100000|100%| O|  |TAMS 0x0000000088100000, 0x0000000088000000| Complete 
| 129|0x0000000088100000, 0x0000000088200000, 0x0000000088200000|100%| O|  |TAMS 0x0000000088200000, 0x0000000088100000| Complete 
| 130|0x0000000088200000, 0x0000000088300000, 0x0000000088300000|100%| O|  |TAMS 0x0000000088300000, 0x0000000088200000| Untracked 
| 131|0x0000000088300000, 0x0000000088400000, 0x0000000088400000|100%| O|  |TAMS 0x0000000088400000, 0x0000000088300000| Complete 
| 132|0x0000000088400000, 0x0000000088500000, 0x0000000088500000|100%| O|  |TAMS 0x0000000088500000, 0x0000000088400000| Complete 
| 133|0x0000000088500000, 0x0000000088600000, 0x0000000088600000|100%| O|  |TAMS 0x0000000088600000, 0x0000000088500000| Complete 
| 134|0x0000000088600000, 0x0000000088700000, 0x0000000088700000|100%| O|  |TAMS 0x0000000088700000, 0x0000000088600000| Untracked 
| 135|0x0000000088700000, 0x0000000088800000, 0x0000000088800000|100%| O|  |TAMS 0x0000000088800000, 0x0000000088700000| Untracked 
| 136|0x0000000088800000, 0x0000000088900000, 0x0000000088900000|100%| O|  |TAMS 0x0000000088900000, 0x0000000088800000| Untracked 
| 137|0x0000000088900000, 0x0000000088a00000, 0x0000000088a00000|100%| O|  |TAMS 0x0000000088a00000, 0x0000000088900000| Complete 
| 138|0x0000000088a00000, 0x0000000088b00000, 0x0000000088b00000|100%| O|  |TAMS 0x0000000088b00000, 0x0000000088a00000| Complete 
| 139|0x0000000088b00000, 0x0000000088c00000, 0x0000000088c00000|100%| O|  |TAMS 0x0000000088c00000, 0x0000000088b00000| Untracked 
| 140|0x0000000088c00000, 0x0000000088d00000, 0x0000000088d00000|100%| O|  |TAMS 0x0000000088d00000, 0x0000000088c00000| Complete 
| 141|0x0000000088d00000, 0x0000000088e00000, 0x0000000088e00000|100%| O|  |TAMS 0x0000000088e00000, 0x0000000088d00000| Complete 
| 142|0x0000000088e00000, 0x0000000088f00000, 0x0000000088f00000|100%| O|  |TAMS 0x0000000088f00000, 0x0000000088e00000| Complete 
| 143|0x0000000088f00000, 0x0000000089000000, 0x0000000089000000|100%| O|  |TAMS 0x0000000089000000, 0x0000000088f00000| Complete 
| 144|0x0000000089000000, 0x0000000089100000, 0x0000000089100000|100%| O|  |TAMS 0x0000000089100000, 0x0000000089000000| Untracked 
| 145|0x0000000089100000, 0x0000000089200000, 0x0000000089200000|100%| O|  |TAMS 0x0000000089200000, 0x0000000089100000| Untracked 
| 146|0x0000000089200000, 0x0000000089300000, 0x0000000089300000|100%| O|  |TAMS 0x0000000089300000, 0x0000000089200000| Untracked 
| 147|0x0000000089300000, 0x0000000089400000, 0x0000000089400000|100%| O|  |TAMS 0x0000000089400000, 0x0000000089300000| Untracked 
| 148|0x0000000089400000, 0x0000000089500000, 0x0000000089500000|100%| O|  |TAMS 0x0000000089500000, 0x0000000089400000| Untracked 
| 149|0x0000000089500000, 0x0000000089600000, 0x0000000089600000|100%| O|  |TAMS 0x0000000089600000, 0x0000000089500000| Untracked 
| 150|0x0000000089600000, 0x0000000089700000, 0x0000000089700000|100%| O|  |TAMS 0x0000000089700000, 0x0000000089600000| Untracked 
| 151|0x0000000089700000, 0x0000000089800000, 0x0000000089800000|100%| O|  |TAMS 0x0000000089800000, 0x0000000089700000| Untracked 
| 152|0x0000000089800000, 0x0000000089900000, 0x0000000089900000|100%| O|  |TAMS 0x0000000089900000, 0x0000000089800000| Untracked 
| 153|0x0000000089900000, 0x0000000089a00000, 0x0000000089a00000|100%| O|  |TAMS 0x0000000089a00000, 0x0000000089900000| Complete 
| 154|0x0000000089a00000, 0x0000000089b00000, 0x0000000089b00000|100%| O|  |TAMS 0x0000000089b00000, 0x0000000089a00000| Untracked 
| 155|0x0000000089b00000, 0x0000000089c00000, 0x0000000089c00000|100%| O|  |TAMS 0x0000000089c00000, 0x0000000089b00000| Untracked 
| 156|0x0000000089c00000, 0x0000000089d00000, 0x0000000089d00000|100%| O|  |TAMS 0x0000000089d00000, 0x0000000089c00000| Untracked 
| 157|0x0000000089d00000, 0x0000000089e00000, 0x0000000089e00000|100%| O|  |TAMS 0x0000000089e00000, 0x0000000089d00000| Untracked 
| 158|0x0000000089e00000, 0x0000000089f00000, 0x0000000089f00000|100%| O|  |TAMS 0x0000000089f00000, 0x0000000089e00000| Untracked 
| 159|0x0000000089f00000, 0x000000008a000000, 0x000000008a000000|100%| O|  |TAMS 0x000000008a000000, 0x0000000089f00000| Complete 
| 160|0x000000008a000000, 0x000000008a100000, 0x000000008a100000|100%| O|  |TAMS 0x000000008a100000, 0x000000008a000000| Untracked 
| 161|0x000000008a100000, 0x000000008a200000, 0x000000008a200000|100%| O|  |TAMS 0x000000008a200000, 0x000000008a100000| Complete 
| 162|0x000000008a200000, 0x000000008a300000, 0x000000008a300000|100%| O|  |TAMS 0x000000008a300000, 0x000000008a200000| Untracked 
| 163|0x000000008a300000, 0x000000008a400000, 0x000000008a400000|100%| O|  |TAMS 0x000000008a400000, 0x000000008a300000| Untracked 
| 164|0x000000008a400000, 0x000000008a500000, 0x000000008a500000|100%| O|  |TAMS 0x000000008a500000, 0x000000008a400000| Untracked 
| 165|0x000000008a500000, 0x000000008a600000, 0x000000008a600000|100%| O|  |TAMS 0x000000008a600000, 0x000000008a500000| Complete 
| 166|0x000000008a600000, 0x000000008a700000, 0x000000008a700000|100%| O|  |TAMS 0x000000008a700000, 0x000000008a600000| Untracked 
| 167|0x000000008a700000, 0x000000008a800000, 0x000000008a800000|100%| O|  |TAMS 0x000000008a800000, 0x000000008a700000| Untracked 
| 168|0x000000008a800000, 0x000000008a900000, 0x000000008a900000|100%| O|  |TAMS 0x000000008a900000, 0x000000008a800000| Complete 
| 169|0x000000008a900000, 0x000000008aa00000, 0x000000008aa00000|100%| O|  |TAMS 0x000000008aa00000, 0x000000008a900000| Complete 
| 170|0x000000008aa00000, 0x000000008ab00000, 0x000000008ab00000|100%| O|  |TAMS 0x000000008ab00000, 0x000000008aa00000| Untracked 
| 171|0x000000008ab00000, 0x000000008ac00000, 0x000000008ac00000|100%| O|  |TAMS 0x000000008ac00000, 0x000000008ab00000| Complete 
| 172|0x000000008ac00000, 0x000000008ad00000, 0x000000008ad00000|100%| O|  |TAMS 0x000000008ad00000, 0x000000008ac00000| Complete 
| 173|0x000000008ad00000, 0x000000008ae00000, 0x000000008ae00000|100%| O|  |TAMS 0x000000008ae00000, 0x000000008ad00000| Untracked 
| 174|0x000000008ae00000, 0x000000008af00000, 0x000000008af00000|100%| O|  |TAMS 0x000000008af00000, 0x000000008ae00000| Complete 
| 175|0x000000008af00000, 0x000000008b000000, 0x000000008b000000|100%| O|  |TAMS 0x000000008b000000, 0x000000008af00000| Untracked 
| 176|0x000000008b000000, 0x000000008b100000, 0x000000008b100000|100%| O|  |TAMS 0x000000008b100000, 0x000000008b000000| Untracked 
| 177|0x000000008b100000, 0x000000008b200000, 0x000000008b200000|100%| O|  |TAMS 0x000000008b200000, 0x000000008b100000| Untracked 
| 178|0x000000008b200000, 0x000000008b300000, 0x000000008b300000|100%| O|  |TAMS 0x000000008b300000, 0x000000008b200000| Untracked 
| 179|0x000000008b300000, 0x000000008b400000, 0x000000008b400000|100%| O|  |TAMS 0x000000008b400000, 0x000000008b300000| Untracked 
| 180|0x000000008b400000, 0x000000008b500000, 0x000000008b500000|100%| O|  |TAMS 0x000000008b500000, 0x000000008b400000| Untracked 
| 181|0x000000008b500000, 0x000000008b600000, 0x000000008b600000|100%| O|  |TAMS 0x000000008b600000, 0x000000008b500000| Complete 
| 182|0x000000008b600000, 0x000000008b700000, 0x000000008b700000|100%| O|  |TAMS 0x000000008b700000, 0x000000008b600000| Untracked 
| 183|0x000000008b700000, 0x000000008b800000, 0x000000008b800000|100%| O|  |TAMS 0x000000008b800000, 0x000000008b700000| Complete 
| 184|0x000000008b800000, 0x000000008b880000, 0x000000008b900000| 50%| O|  |TAMS 0x000000008b880000, 0x000000008b800000| Untracked 
| 185|0x000000008b900000, 0x000000008b900000, 0x000000008ba00000|  0%| F|  |TAMS 0x000000008b900000, 0x000000008b900000| Untracked 
| 186|0x000000008ba00000, 0x000000008ba00000, 0x000000008bb00000|  0%| F|  |TAMS 0x000000008ba00000, 0x000000008ba00000| Untracked 
| 187|0x000000008bb00000, 0x000000008bb00000, 0x000000008bc00000|  0%| F|  |TAMS 0x000000008bb00000, 0x000000008bb00000| Untracked 
| 188|0x000000008bc00000, 0x000000008bc00000, 0x000000008bd00000|  0%| F|  |TAMS 0x000000008bc00000, 0x000000008bc00000| Untracked 
| 189|0x000000008bd00000, 0x000000008bd00000, 0x000000008be00000|  0%| F|  |TAMS 0x000000008bd00000, 0x000000008bd00000| Untracked 
| 190|0x000000008be00000, 0x000000008be00000, 0x000000008bf00000|  0%| F|  |TAMS 0x000000008be00000, 0x000000008be00000| Untracked 
| 191|0x000000008bf00000, 0x000000008bf00000, 0x000000008c000000|  0%| F|  |TAMS 0x000000008bf00000, 0x000000008bf00000| Untracked 
| 192|0x000000008c000000, 0x000000008c000000, 0x000000008c100000|  0%| F|  |TAMS 0x000000008c000000, 0x000000008c000000| Untracked 
| 193|0x000000008c100000, 0x000000008c100000, 0x000000008c200000|  0%| F|  |TAMS 0x000000008c100000, 0x000000008c100000| Untracked 
| 194|0x000000008c200000, 0x000000008c200000, 0x000000008c300000|  0%| F|  |TAMS 0x000000008c200000, 0x000000008c200000| Untracked 
| 195|0x000000008c300000, 0x000000008c300000, 0x000000008c400000|  0%| F|  |TAMS 0x000000008c300000, 0x000000008c300000| Untracked 
| 196|0x000000008c400000, 0x000000008c400000, 0x000000008c500000|  0%| F|  |TAMS 0x000000008c400000, 0x000000008c400000| Untracked 
| 197|0x000000008c500000, 0x000000008c500000, 0x000000008c600000|  0%| F|  |TAMS 0x000000008c500000, 0x000000008c500000| Untracked 
| 198|0x000000008c600000, 0x000000008c600000, 0x000000008c700000|  0%| F|  |TAMS 0x000000008c600000, 0x000000008c600000| Untracked 
| 199|0x000000008c700000, 0x000000008c700000, 0x000000008c800000|  0%| F|  |TAMS 0x000000008c700000, 0x000000008c700000| Untracked 
| 200|0x000000008c800000, 0x000000008c800000, 0x000000008c900000|  0%| F|  |TAMS 0x000000008c800000, 0x000000008c800000| Untracked 
| 201|0x000000008c900000, 0x000000008c900000, 0x000000008ca00000|  0%| F|  |TAMS 0x000000008c900000, 0x000000008c900000| Untracked 
| 202|0x000000008ca00000, 0x000000008ca00000, 0x000000008cb00000|  0%| F|  |TAMS 0x000000008ca00000, 0x000000008ca00000| Untracked 
| 203|0x000000008cb00000, 0x000000008cb00000, 0x000000008cc00000|  0%| F|  |TAMS 0x000000008cb00000, 0x000000008cb00000| Untracked 
| 204|0x000000008cc00000, 0x000000008cc00000, 0x000000008cd00000|  0%| F|  |TAMS 0x000000008cc00000, 0x000000008cc00000| Untracked 
| 205|0x000000008cd00000, 0x000000008cd00000, 0x000000008ce00000|  0%| F|  |TAMS 0x000000008cd00000, 0x000000008cd00000| Untracked 
| 206|0x000000008ce00000, 0x000000008ce00000, 0x000000008cf00000|  0%| F|  |TAMS 0x000000008ce00000, 0x000000008ce00000| Untracked 
| 207|0x000000008cf00000, 0x000000008cf00000, 0x000000008d000000|  0%| F|  |TAMS 0x000000008cf00000, 0x000000008cf00000| Untracked 
| 208|0x000000008d000000, 0x000000008d000000, 0x000000008d100000|  0%| F|  |TAMS 0x000000008d000000, 0x000000008d000000| Untracked 
| 209|0x000000008d100000, 0x000000008d100000, 0x000000008d200000|  0%| F|  |TAMS 0x000000008d100000, 0x000000008d100000| Untracked 
| 210|0x000000008d200000, 0x000000008d200000, 0x000000008d300000|  0%| F|  |TAMS 0x000000008d200000, 0x000000008d200000| Untracked 
| 211|0x000000008d300000, 0x000000008d300000, 0x000000008d400000|  0%| F|  |TAMS 0x000000008d300000, 0x000000008d300000| Untracked 
| 212|0x000000008d400000, 0x000000008d400000, 0x000000008d500000|  0%| F|  |TAMS 0x000000008d400000, 0x000000008d400000| Untracked 
| 213|0x000000008d500000, 0x000000008d500000, 0x000000008d600000|  0%| F|  |TAMS 0x000000008d500000, 0x000000008d500000| Untracked 
| 214|0x000000008d600000, 0x000000008d600000, 0x000000008d700000|  0%| F|  |TAMS 0x000000008d600000, 0x000000008d600000| Untracked 
| 215|0x000000008d700000, 0x000000008d700000, 0x000000008d800000|  0%| F|  |TAMS 0x000000008d700000, 0x000000008d700000| Untracked 
| 216|0x000000008d800000, 0x000000008d800000, 0x000000008d900000|  0%| F|  |TAMS 0x000000008d800000, 0x000000008d800000| Untracked 
| 217|0x000000008d900000, 0x000000008d900000, 0x000000008da00000|  0%| F|  |TAMS 0x000000008d900000, 0x000000008d900000| Untracked 
| 218|0x000000008da00000, 0x000000008da00000, 0x000000008db00000|  0%| F|  |TAMS 0x000000008da00000, 0x000000008da00000| Untracked 
| 219|0x000000008db00000, 0x000000008db00000, 0x000000008dc00000|  0%| F|  |TAMS 0x000000008db00000, 0x000000008db00000| Untracked 
| 220|0x000000008dc00000, 0x000000008dc00000, 0x000000008dd00000|  0%| F|  |TAMS 0x000000008dc00000, 0x000000008dc00000| Untracked 
| 221|0x000000008dd00000, 0x000000008dd00000, 0x000000008de00000|  0%| F|  |TAMS 0x000000008dd00000, 0x000000008dd00000| Untracked 
| 222|0x000000008de00000, 0x000000008de00000, 0x000000008df00000|  0%| F|  |TAMS 0x000000008de00000, 0x000000008de00000| Untracked 
| 223|0x000000008df00000, 0x000000008df00000, 0x000000008e000000|  0%| F|  |TAMS 0x000000008df00000, 0x000000008df00000| Untracked 
| 224|0x000000008e000000, 0x000000008e000000, 0x000000008e100000|  0%| F|  |TAMS 0x000000008e000000, 0x000000008e000000| Untracked 
| 225|0x000000008e100000, 0x000000008e100000, 0x000000008e200000|  0%| F|  |TAMS 0x000000008e100000, 0x000000008e100000| Untracked 
| 226|0x000000008e200000, 0x000000008e200000, 0x000000008e300000|  0%| F|  |TAMS 0x000000008e200000, 0x000000008e200000| Untracked 
| 227|0x000000008e300000, 0x000000008e300000, 0x000000008e400000|  0%| F|  |TAMS 0x000000008e300000, 0x000000008e300000| Untracked 
| 228|0x000000008e400000, 0x000000008e400000, 0x000000008e500000|  0%| F|  |TAMS 0x000000008e400000, 0x000000008e400000| Untracked 
| 229|0x000000008e500000, 0x000000008e500000, 0x000000008e600000|  0%| F|  |TAMS 0x000000008e500000, 0x000000008e500000| Untracked 
| 230|0x000000008e600000, 0x000000008e600000, 0x000000008e700000|  0%| F|  |TAMS 0x000000008e600000, 0x000000008e600000| Untracked 
| 231|0x000000008e700000, 0x000000008e700000, 0x000000008e800000|  0%| F|  |TAMS 0x000000008e700000, 0x000000008e700000| Untracked 
| 232|0x000000008e800000, 0x000000008e800000, 0x000000008e900000|  0%| F|  |TAMS 0x000000008e800000, 0x000000008e800000| Untracked 
| 233|0x000000008e900000, 0x000000008e900000, 0x000000008ea00000|  0%| F|  |TAMS 0x000000008e900000, 0x000000008e900000| Untracked 
| 234|0x000000008ea00000, 0x000000008ea00000, 0x000000008eb00000|  0%| F|  |TAMS 0x000000008ea00000, 0x000000008ea00000| Untracked 
| 235|0x000000008eb00000, 0x000000008eb00000, 0x000000008ec00000|  0%| F|  |TAMS 0x000000008eb00000, 0x000000008eb00000| Untracked 
| 236|0x000000008ec00000, 0x000000008ec00000, 0x000000008ed00000|  0%| F|  |TAMS 0x000000008ec00000, 0x000000008ec00000| Untracked 
| 237|0x000000008ed00000, 0x000000008ed00000, 0x000000008ee00000|  0%| F|  |TAMS 0x000000008ed00000, 0x000000008ed00000| Untracked 
| 238|0x000000008ee00000, 0x000000008ee00000, 0x000000008ef00000|  0%| F|  |TAMS 0x000000008ee00000, 0x000000008ee00000| Untracked 
| 239|0x000000008ef00000, 0x000000008ef00000, 0x000000008f000000|  0%| F|  |TAMS 0x000000008ef00000, 0x000000008ef00000| Untracked 
| 240|0x000000008f000000, 0x000000008f000000, 0x000000008f100000|  0%| F|  |TAMS 0x000000008f000000, 0x000000008f000000| Untracked 
| 241|0x000000008f100000, 0x000000008f100000, 0x000000008f200000|  0%| F|  |TAMS 0x000000008f100000, 0x000000008f100000| Untracked 
| 242|0x000000008f200000, 0x000000008f200000, 0x000000008f300000|  0%| F|  |TAMS 0x000000008f200000, 0x000000008f200000| Untracked 
| 243|0x000000008f300000, 0x000000008f300000, 0x000000008f400000|  0%| F|  |TAMS 0x000000008f300000, 0x000000008f300000| Untracked 
| 244|0x000000008f400000, 0x000000008f400000, 0x000000008f500000|  0%| F|  |TAMS 0x000000008f400000, 0x000000008f400000| Untracked 
| 245|0x000000008f500000, 0x000000008f500000, 0x000000008f600000|  0%| F|  |TAMS 0x000000008f500000, 0x000000008f500000| Untracked 
| 246|0x000000008f600000, 0x000000008f600000, 0x000000008f700000|  0%| F|  |TAMS 0x000000008f600000, 0x000000008f600000| Untracked 
| 247|0x000000008f700000, 0x000000008f700000, 0x000000008f800000|  0%| F|  |TAMS 0x000000008f700000, 0x000000008f700000| Untracked 
| 248|0x000000008f800000, 0x000000008f800000, 0x000000008f900000|  0%| F|  |TAMS 0x000000008f800000, 0x000000008f800000| Untracked 
| 249|0x000000008f900000, 0x000000008f900000, 0x000000008fa00000|  0%| F|  |TAMS 0x000000008f900000, 0x000000008f900000| Untracked 
| 250|0x000000008fa00000, 0x000000008fa00000, 0x000000008fb00000|  0%| F|  |TAMS 0x000000008fa00000, 0x000000008fa00000| Untracked 
| 251|0x000000008fb00000, 0x000000008fb00000, 0x000000008fc00000|  0%| F|  |TAMS 0x000000008fb00000, 0x000000008fb00000| Untracked 
| 252|0x000000008fc00000, 0x000000008fc00000, 0x000000008fd00000|  0%| F|  |TAMS 0x000000008fc00000, 0x000000008fc00000| Untracked 
| 253|0x000000008fd00000, 0x000000008fd00000, 0x000000008fe00000|  0%| F|  |TAMS 0x000000008fd00000, 0x000000008fd00000| Untracked 
| 254|0x000000008fe00000, 0x000000008fe00000, 0x000000008ff00000|  0%| F|  |TAMS 0x000000008fe00000, 0x000000008fe00000| Untracked 
| 255|0x000000008ff00000, 0x000000008ff00000, 0x0000000090000000|  0%| F|  |TAMS 0x000000008ff00000, 0x000000008ff00000| Untracked 
| 256|0x0000000090000000, 0x0000000090000000, 0x0000000090100000|  0%| F|  |TAMS 0x0000000090000000, 0x0000000090000000| Untracked 
| 257|0x0000000090100000, 0x0000000090100000, 0x0000000090200000|  0%| F|  |TAMS 0x0000000090100000, 0x0000000090100000| Untracked 
| 258|0x0000000090200000, 0x0000000090200000, 0x0000000090300000|  0%| F|  |TAMS 0x0000000090200000, 0x0000000090200000| Untracked 
| 259|0x0000000090300000, 0x0000000090300000, 0x0000000090400000|  0%| F|  |TAMS 0x0000000090300000, 0x0000000090300000| Untracked 
| 260|0x0000000090400000, 0x0000000090400000, 0x0000000090500000|  0%| F|  |TAMS 0x0000000090400000, 0x0000000090400000| Untracked 
| 261|0x0000000090500000, 0x0000000090500000, 0x0000000090600000|  0%| F|  |TAMS 0x0000000090500000, 0x0000000090500000| Untracked 
| 262|0x0000000090600000, 0x0000000090600000, 0x0000000090700000|  0%| F|  |TAMS 0x0000000090600000, 0x0000000090600000| Untracked 
| 263|0x0000000090700000, 0x0000000090700000, 0x0000000090800000|  0%| F|  |TAMS 0x0000000090700000, 0x0000000090700000| Untracked 
| 264|0x0000000090800000, 0x00000000908c08a0, 0x0000000090900000| 75%| S|CS|TAMS 0x0000000090800000, 0x0000000090800000| Complete 
| 265|0x0000000090900000, 0x0000000090a00000, 0x0000000090a00000|100%| S|CS|TAMS 0x0000000090900000, 0x0000000090900000| Complete 
| 266|0x0000000090a00000, 0x0000000090b00000, 0x0000000090b00000|100%| S|CS|TAMS 0x0000000090a00000, 0x0000000090a00000| Complete 
| 267|0x0000000090b00000, 0x0000000090c00000, 0x0000000090c00000|100%| S|CS|TAMS 0x0000000090b00000, 0x0000000090b00000| Complete 
| 268|0x0000000090c00000, 0x0000000090c00000, 0x0000000090d00000|  0%| F|  |TAMS 0x0000000090c00000, 0x0000000090c00000| Untracked 
| 269|0x0000000090d00000, 0x0000000090d00000, 0x0000000090e00000|  0%| F|  |TAMS 0x0000000090d00000, 0x0000000090d00000| Untracked 
| 270|0x0000000090e00000, 0x0000000090e00000, 0x0000000090f00000|  0%| F|  |TAMS 0x0000000090e00000, 0x0000000090e00000| Untracked 
| 271|0x0000000090f00000, 0x0000000090f00000, 0x0000000091000000|  0%| F|  |TAMS 0x0000000090f00000, 0x0000000090f00000| Untracked 
| 272|0x0000000091000000, 0x0000000091000000, 0x0000000091100000|  0%| F|  |TAMS 0x0000000091000000, 0x0000000091000000| Untracked 
| 273|0x0000000091100000, 0x0000000091100000, 0x0000000091200000|  0%| F|  |TAMS 0x0000000091100000, 0x0000000091100000| Untracked 
| 274|0x0000000091200000, 0x0000000091200000, 0x0000000091300000|  0%| F|  |TAMS 0x0000000091200000, 0x0000000091200000| Untracked 
| 275|0x0000000091300000, 0x0000000091300000, 0x0000000091400000|  0%| F|  |TAMS 0x0000000091300000, 0x0000000091300000| Untracked 
| 276|0x0000000091400000, 0x0000000091400000, 0x0000000091500000|  0%| F|  |TAMS 0x0000000091400000, 0x0000000091400000| Untracked 
| 277|0x0000000091500000, 0x0000000091500000, 0x0000000091600000|  0%| F|  |TAMS 0x0000000091500000, 0x0000000091500000| Untracked 
| 278|0x0000000091600000, 0x0000000091600000, 0x0000000091700000|  0%| F|  |TAMS 0x0000000091600000, 0x0000000091600000| Untracked 
| 279|0x0000000091700000, 0x0000000091700000, 0x0000000091800000|  0%| F|  |TAMS 0x0000000091700000, 0x0000000091700000| Untracked 
| 280|0x0000000091800000, 0x0000000091800000, 0x0000000091900000|  0%| F|  |TAMS 0x0000000091800000, 0x0000000091800000| Untracked 
| 281|0x0000000091900000, 0x0000000091900000, 0x0000000091a00000|  0%| F|  |TAMS 0x0000000091900000, 0x0000000091900000| Untracked 
| 282|0x0000000091a00000, 0x0000000091a00000, 0x0000000091b00000|  0%| F|  |TAMS 0x0000000091a00000, 0x0000000091a00000| Untracked 
| 283|0x0000000091b00000, 0x0000000091b00000, 0x0000000091c00000|  0%| F|  |TAMS 0x0000000091b00000, 0x0000000091b00000| Untracked 
| 284|0x0000000091c00000, 0x0000000091c00000, 0x0000000091d00000|  0%| F|  |TAMS 0x0000000091c00000, 0x0000000091c00000| Untracked 
| 285|0x0000000091d00000, 0x0000000091d00000, 0x0000000091e00000|  0%| F|  |TAMS 0x0000000091d00000, 0x0000000091d00000| Untracked 
| 286|0x0000000091e00000, 0x0000000091e00000, 0x0000000091f00000|  0%| F|  |TAMS 0x0000000091e00000, 0x0000000091e00000| Untracked 
| 287|0x0000000091f00000, 0x0000000091f00000, 0x0000000092000000|  0%| F|  |TAMS 0x0000000091f00000, 0x0000000091f00000| Untracked 
| 288|0x0000000092000000, 0x0000000092000000, 0x0000000092100000|  0%| F|  |TAMS 0x0000000092000000, 0x0000000092000000| Untracked 
| 289|0x0000000092100000, 0x0000000092100000, 0x0000000092200000|  0%| F|  |TAMS 0x0000000092100000, 0x0000000092100000| Untracked 
| 290|0x0000000092200000, 0x0000000092200000, 0x0000000092300000|  0%| F|  |TAMS 0x0000000092200000, 0x0000000092200000| Untracked 
| 291|0x0000000092300000, 0x0000000092300000, 0x0000000092400000|  0%| F|  |TAMS 0x0000000092300000, 0x0000000092300000| Untracked 
| 292|0x0000000092400000, 0x0000000092400000, 0x0000000092500000|  0%| F|  |TAMS 0x0000000092400000, 0x0000000092400000| Untracked 
| 293|0x0000000092500000, 0x0000000092500000, 0x0000000092600000|  0%| F|  |TAMS 0x0000000092500000, 0x0000000092500000| Untracked 
| 294|0x0000000092600000, 0x0000000092600000, 0x0000000092700000|  0%| F|  |TAMS 0x0000000092600000, 0x0000000092600000| Untracked 
| 295|0x0000000092700000, 0x0000000092700000, 0x0000000092800000|  0%| F|  |TAMS 0x0000000092700000, 0x0000000092700000| Untracked 
| 296|0x0000000092800000, 0x0000000092800000, 0x0000000092900000|  0%| F|  |TAMS 0x0000000092800000, 0x0000000092800000| Untracked 
| 297|0x0000000092900000, 0x0000000092900000, 0x0000000092a00000|  0%| F|  |TAMS 0x0000000092900000, 0x0000000092900000| Untracked 
| 298|0x0000000092a00000, 0x0000000092a00000, 0x0000000092b00000|  0%| F|  |TAMS 0x0000000092a00000, 0x0000000092a00000| Untracked 
| 299|0x0000000092b00000, 0x0000000092b00000, 0x0000000092c00000|  0%| F|  |TAMS 0x0000000092b00000, 0x0000000092b00000| Untracked 
| 300|0x0000000092c00000, 0x0000000092c00000, 0x0000000092d00000|  0%| F|  |TAMS 0x0000000092c00000, 0x0000000092c00000| Untracked 
| 301|0x0000000092d00000, 0x0000000092d00000, 0x0000000092e00000|  0%| F|  |TAMS 0x0000000092d00000, 0x0000000092d00000| Untracked 
| 302|0x0000000092e00000, 0x0000000092e00000, 0x0000000092f00000|  0%| F|  |TAMS 0x0000000092e00000, 0x0000000092e00000| Untracked 
| 303|0x0000000092f00000, 0x0000000092f00000, 0x0000000093000000|  0%| F|  |TAMS 0x0000000092f00000, 0x0000000092f00000| Untracked 
| 304|0x0000000093000000, 0x0000000093000000, 0x0000000093100000|  0%| F|  |TAMS 0x0000000093000000, 0x0000000093000000| Untracked 
| 305|0x0000000093100000, 0x0000000093100000, 0x0000000093200000|  0%| F|  |TAMS 0x0000000093100000, 0x0000000093100000| Untracked 
| 306|0x0000000093200000, 0x0000000093200000, 0x0000000093300000|  0%| F|  |TAMS 0x0000000093200000, 0x0000000093200000| Untracked 
| 307|0x0000000093300000, 0x0000000093300000, 0x0000000093400000|  0%| F|  |TAMS 0x0000000093300000, 0x0000000093300000| Untracked 
| 308|0x0000000093400000, 0x0000000093400000, 0x0000000093500000|  0%| F|  |TAMS 0x0000000093400000, 0x0000000093400000| Untracked 
| 309|0x0000000093500000, 0x0000000093500000, 0x0000000093600000|  0%| F|  |TAMS 0x0000000093500000, 0x0000000093500000| Untracked 
| 310|0x0000000093600000, 0x0000000093600000, 0x0000000093700000|  0%| F|  |TAMS 0x0000000093600000, 0x0000000093600000| Untracked 
| 311|0x0000000093700000, 0x0000000093700000, 0x0000000093800000|  0%| F|  |TAMS 0x0000000093700000, 0x0000000093700000| Untracked 
| 312|0x0000000093800000, 0x0000000093800000, 0x0000000093900000|  0%| F|  |TAMS 0x0000000093800000, 0x0000000093800000| Untracked 
| 313|0x0000000093900000, 0x0000000093900000, 0x0000000093a00000|  0%| F|  |TAMS 0x0000000093900000, 0x0000000093900000| Untracked 
| 314|0x0000000093a00000, 0x0000000093a00000, 0x0000000093b00000|  0%| F|  |TAMS 0x0000000093a00000, 0x0000000093a00000| Untracked 
| 315|0x0000000093b00000, 0x0000000093b00000, 0x0000000093c00000|  0%| F|  |TAMS 0x0000000093b00000, 0x0000000093b00000| Untracked 
| 316|0x0000000093c00000, 0x0000000093c00000, 0x0000000093d00000|  0%| F|  |TAMS 0x0000000093c00000, 0x0000000093c00000| Untracked 
| 317|0x0000000093d00000, 0x0000000093d00000, 0x0000000093e00000|  0%| F|  |TAMS 0x0000000093d00000, 0x0000000093d00000| Untracked 
| 318|0x0000000093e00000, 0x0000000093e00000, 0x0000000093f00000|  0%| F|  |TAMS 0x0000000093e00000, 0x0000000093e00000| Untracked 
| 319|0x0000000093f00000, 0x0000000093f00000, 0x0000000094000000|  0%| F|  |TAMS 0x0000000093f00000, 0x0000000093f00000| Untracked 
| 320|0x0000000094000000, 0x0000000094000000, 0x0000000094100000|  0%| F|  |TAMS 0x0000000094000000, 0x0000000094000000| Untracked 
| 321|0x0000000094100000, 0x0000000094100000, 0x0000000094200000|  0%| F|  |TAMS 0x0000000094100000, 0x0000000094100000| Untracked 
| 322|0x0000000094200000, 0x0000000094200000, 0x0000000094300000|  0%| F|  |TAMS 0x0000000094200000, 0x0000000094200000| Untracked 
| 323|0x0000000094300000, 0x0000000094300000, 0x0000000094400000|  0%| F|  |TAMS 0x0000000094300000, 0x0000000094300000| Untracked 
| 324|0x0000000094400000, 0x0000000094400000, 0x0000000094500000|  0%| F|  |TAMS 0x0000000094400000, 0x0000000094400000| Untracked 
| 325|0x0000000094500000, 0x0000000094500000, 0x0000000094600000|  0%| F|  |TAMS 0x0000000094500000, 0x0000000094500000| Untracked 
| 326|0x0000000094600000, 0x0000000094600000, 0x0000000094700000|  0%| F|  |TAMS 0x0000000094600000, 0x0000000094600000| Untracked 
| 327|0x0000000094700000, 0x0000000094700000, 0x0000000094800000|  0%| F|  |TAMS 0x0000000094700000, 0x0000000094700000| Untracked 
| 328|0x0000000094800000, 0x0000000094800000, 0x0000000094900000|  0%| F|  |TAMS 0x0000000094800000, 0x0000000094800000| Untracked 
| 329|0x0000000094900000, 0x0000000094900000, 0x0000000094a00000|  0%| F|  |TAMS 0x0000000094900000, 0x0000000094900000| Untracked 
| 330|0x0000000094a00000, 0x0000000094a00000, 0x0000000094b00000|  0%| F|  |TAMS 0x0000000094a00000, 0x0000000094a00000| Untracked 
| 331|0x0000000094b00000, 0x0000000094b00000, 0x0000000094c00000|  0%| F|  |TAMS 0x0000000094b00000, 0x0000000094b00000| Untracked 
| 332|0x0000000094c00000, 0x0000000094c00000, 0x0000000094d00000|  0%| F|  |TAMS 0x0000000094c00000, 0x0000000094c00000| Untracked 
| 333|0x0000000094d00000, 0x0000000094d00000, 0x0000000094e00000|  0%| F|  |TAMS 0x0000000094d00000, 0x0000000094d00000| Untracked 
| 334|0x0000000094e00000, 0x0000000094e00000, 0x0000000094f00000|  0%| F|  |TAMS 0x0000000094e00000, 0x0000000094e00000| Untracked 
| 335|0x0000000094f00000, 0x0000000094f00000, 0x0000000095000000|  0%| F|  |TAMS 0x0000000094f00000, 0x0000000094f00000| Untracked 
| 336|0x0000000095000000, 0x0000000095000000, 0x0000000095100000|  0%| F|  |TAMS 0x0000000095000000, 0x0000000095000000| Untracked 
| 337|0x0000000095100000, 0x0000000095100000, 0x0000000095200000|  0%| F|  |TAMS 0x0000000095100000, 0x0000000095100000| Untracked 
| 338|0x0000000095200000, 0x0000000095200000, 0x0000000095300000|  0%| F|  |TAMS 0x0000000095200000, 0x0000000095200000| Untracked 
| 339|0x0000000095300000, 0x0000000095300000, 0x0000000095400000|  0%| F|  |TAMS 0x0000000095300000, 0x0000000095300000| Untracked 
| 340|0x0000000095400000, 0x0000000095400000, 0x0000000095500000|  0%| F|  |TAMS 0x0000000095400000, 0x0000000095400000| Untracked 
| 341|0x0000000095500000, 0x0000000095500000, 0x0000000095600000|  0%| F|  |TAMS 0x0000000095500000, 0x0000000095500000| Untracked 
| 342|0x0000000095600000, 0x0000000095600000, 0x0000000095700000|  0%| F|  |TAMS 0x0000000095600000, 0x0000000095600000| Untracked 
| 343|0x0000000095700000, 0x0000000095700000, 0x0000000095800000|  0%| F|  |TAMS 0x0000000095700000, 0x0000000095700000| Untracked 
| 344|0x0000000095800000, 0x0000000095800000, 0x0000000095900000|  0%| F|  |TAMS 0x0000000095800000, 0x0000000095800000| Untracked 
| 345|0x0000000095900000, 0x0000000095900000, 0x0000000095a00000|  0%| F|  |TAMS 0x0000000095900000, 0x0000000095900000| Untracked 
| 346|0x0000000095a00000, 0x0000000095a00000, 0x0000000095b00000|  0%| F|  |TAMS 0x0000000095a00000, 0x0000000095a00000| Untracked 
| 347|0x0000000095b00000, 0x0000000095b00000, 0x0000000095c00000|  0%| F|  |TAMS 0x0000000095b00000, 0x0000000095b00000| Untracked 
| 348|0x0000000095c00000, 0x0000000095c00000, 0x0000000095d00000|  0%| F|  |TAMS 0x0000000095c00000, 0x0000000095c00000| Untracked 
| 349|0x0000000095d00000, 0x0000000095d00000, 0x0000000095e00000|  0%| F|  |TAMS 0x0000000095d00000, 0x0000000095d00000| Untracked 
| 350|0x0000000095e00000, 0x0000000095e00000, 0x0000000095f00000|  0%| F|  |TAMS 0x0000000095e00000, 0x0000000095e00000| Untracked 
| 351|0x0000000095f00000, 0x0000000095f00000, 0x0000000096000000|  0%| F|  |TAMS 0x0000000095f00000, 0x0000000095f00000| Untracked 
| 352|0x0000000096000000, 0x0000000096000000, 0x0000000096100000|  0%| F|  |TAMS 0x0000000096000000, 0x0000000096000000| Untracked 
| 353|0x0000000096100000, 0x0000000096100000, 0x0000000096200000|  0%| F|  |TAMS 0x0000000096100000, 0x0000000096100000| Untracked 
| 354|0x0000000096200000, 0x0000000096200000, 0x0000000096300000|  0%| F|  |TAMS 0x0000000096200000, 0x0000000096200000| Untracked 
| 355|0x0000000096300000, 0x0000000096300000, 0x0000000096400000|  0%| F|  |TAMS 0x0000000096300000, 0x0000000096300000| Untracked 
| 356|0x0000000096400000, 0x0000000096400000, 0x0000000096500000|  0%| F|  |TAMS 0x0000000096400000, 0x0000000096400000| Untracked 
| 357|0x0000000096500000, 0x0000000096500000, 0x0000000096600000|  0%| F|  |TAMS 0x0000000096500000, 0x0000000096500000| Untracked 
| 358|0x0000000096600000, 0x0000000096600000, 0x0000000096700000|  0%| F|  |TAMS 0x0000000096600000, 0x0000000096600000| Untracked 
| 359|0x0000000096700000, 0x0000000096700000, 0x0000000096800000|  0%| F|  |TAMS 0x0000000096700000, 0x0000000096700000| Untracked 
| 360|0x0000000096800000, 0x0000000096800000, 0x0000000096900000|  0%| F|  |TAMS 0x0000000096800000, 0x0000000096800000| Untracked 
| 361|0x0000000096900000, 0x0000000096900000, 0x0000000096a00000|  0%| F|  |TAMS 0x0000000096900000, 0x0000000096900000| Untracked 
| 362|0x0000000096a00000, 0x0000000096a00000, 0x0000000096b00000|  0%| F|  |TAMS 0x0000000096a00000, 0x0000000096a00000| Untracked 
| 363|0x0000000096b00000, 0x0000000096b00000, 0x0000000096c00000|  0%| F|  |TAMS 0x0000000096b00000, 0x0000000096b00000| Untracked 

Card table byte_map: [0x000001f33b100000,0x000001f33b500000] _byte_map_base: 0x000001f33ad00000

Marking Bits (Prev, Next): (CMBitMap*) 0x000001f32640cd10, (CMBitMap*) 0x000001f32640ccd8
 Prev Bits: [0x000001f33d900000, 0x000001f33f900000)
 Next Bits: [0x000001f33b900000, 0x000001f33d900000)

Polling page: 0x000001f326200000

Metaspace:

Usage:
  Non-class:    129.54 MB capacity,   126.18 MB ( 97%) used,     2.82 MB (  2%) free+waste,   548.88 KB ( <1%) overhead. 
      Class:     20.05 MB capacity,    18.23 MB ( 91%) used,     1.59 MB (  8%) free+waste,   248.56 KB (  1%) overhead. 
       Both:    149.59 MB capacity,   144.41 MB ( 97%) used,     4.40 MB (  3%) free+waste,   797.44 KB ( <1%) overhead. 

Virtual space:
  Non-class space:      130.00 MB reserved,     129.75 MB (>99%) committed 
      Class space:        1.00 GB reserved,      20.13 MB (  2%) committed 
             Both:        1.13 GB reserved,     149.88 MB ( 13%) committed 

Chunk freelists:
   Non-Class:  27.00 KB
       Class:  8.00 KB
        Both:  35.00 KB

MaxMetaspaceSize: 17179869184.00 GB
CompressedClassSpaceSize: 1.00 GB

CodeHeap 'non-profiled nmethods': size=120064Kb used=12547Kb max_used=12959Kb free=107516Kb
 bounds [0x000001f333190000, 0x000001f333e40000, 0x000001f33a6d0000]
CodeHeap 'profiled nmethods': size=120000Kb used=52294Kb max_used=52294Kb free=67705Kb
 bounds [0x000001f32bc60000, 0x000001f32efe0000, 0x000001f333190000]
CodeHeap 'non-nmethods': size=5696Kb used=2411Kb max_used=2459Kb free=3284Kb
 bounds [0x000001f32b6d0000, 0x000001f32b940000, 0x000001f32bc60000]
 total_blobs=24112 nmethods=23055 adapters=967
 compilation: enabled
              stopped_count=0, restarted_count=0
 full_count=0

Compilation events (20 events):
Event: 807.409 Thread 0x000001f3428a0000 nmethod 25230 0x000001f333404010 code [0x000001f3334041c0, 0x000001f333404278]
Event: 807.409 Thread 0x000001f3428a0000 25231       1       com.android.tools.r8.internal.wz::a (5 bytes)
Event: 807.409 Thread 0x000001f3428a0000 nmethod 25231 0x000001f333403d10 code [0x000001f333403ec0, 0x000001f333403f58]
Event: 807.409 Thread 0x000001f3428a0000 25233       1       com.android.tools.r8.internal.IG::Z1 (3 bytes)
Event: 807.409 Thread 0x000001f3428a0000 nmethod 25233 0x000001f333403a10 code [0x000001f333403bc0, 0x000001f333403c78]
Event: 807.409 Thread 0x000001f3428a0000 25234       1       com.android.tools.r8.internal.IG::Y1 (3 bytes)
Event: 807.410 Thread 0x000001f3428a0000 nmethod 25234 0x000001f333406b90 code [0x000001f333406d40, 0x000001f333406df8]
Event: 807.413 Thread 0x000001f3428a0000 25235       1       com.android.tools.r8.internal.QG::w (5 bytes)
Event: 807.413 Thread 0x000001f3428a0000 nmethod 25235 0x000001f333428010 code [0x000001f3334281c0, 0x000001f333428278]
Event: 807.414 Thread 0x000001f3428a0000 25236       2       com.android.tools.r8.internal.Os::T0 (70 bytes)
Event: 807.415 Thread 0x000001f3428a0000 nmethod 25236 0x000001f32c887b90 code [0x000001f32c887dc0, 0x000001f32c888148]
Event: 807.415 Thread 0x000001f3428a0000 25237       2       com.android.tools.r8.internal.u1::l (2 bytes)
Event: 807.415 Thread 0x000001f3428a0000 nmethod 25237 0x000001f32c869a90 code [0x000001f32c869c40, 0x000001f32c869d38]
Event: 807.416 Thread 0x000001f3428a0000 25238 %     3       com.android.tools.r8.internal.t2::a @ 6 (36 bytes)
Event: 807.416 Thread 0x000001f3428a0000 nmethod 25238% 0x000001f32c932a90 code [0x000001f32c932c60, 0x000001f32c932fe8]
Event: 807.417 Thread 0x000001f3428a0000 25239       3       com.android.tools.r8.internal.t2::a (36 bytes)
Event: 807.417 Thread 0x000001f3428a0000 nmethod 25239 0x000001f32c93c610 code [0x000001f32c93c7e0, 0x000001f32c93cac8]
Event: 807.420 Thread 0x000001f3428a0000 25240       2       com.android.tools.r8.graph.C::a (77 bytes)
Event: 807.421 Thread 0x000001f3428a0000 nmethod 25240 0x000001f32c949590 code [0x000001f32c9497c0, 0x000001f32c949bc8]
Event: 807.423 Thread 0x000001f3428a0000 25241 %     3       com.android.tools.r8.internal.ka::a @ 437 (1420 bytes)

GC Heap History (20 events):
Event: 798.363 GC heap after
{Heap after GC invocations=95 (full 0):
 garbage-first heap   total 238592K, used 171200K [0x0000000080000000, 0x0000000100000000)
  region size 1024K, 2 young (2048K), 2 survivors (2048K)
 Metaspace       used 134490K, capacity 139262K, committed 139520K, reserved 1169408K
  class space    used 16960K, capacity 18646K, committed 18688K, reserved 1048576K
}
Event: 798.917 GC heap before
{Heap before GC invocations=95 (full 0):
 garbage-first heap   total 238592K, used 191680K [0x0000000080000000, 0x0000000100000000)
  region size 1024K, 33 young (33792K), 2 survivors (2048K)
 Metaspace       used 136332K, capacity 141111K, committed 141312K, reserved 1171456K
  class space    used 17166K, capacity 18856K, committed 18944K, reserved 1048576K
}
Event: 798.929 GC heap after
{Heap after GC invocations=96 (full 0):
 garbage-first heap   total 238592K, used 160952K [0x0000000080000000, 0x0000000100000000)
  region size 1024K, 3 young (3072K), 3 survivors (3072K)
 Metaspace       used 136332K, capacity 141111K, committed 141312K, reserved 1171456K
  class space    used 17166K, capacity 18856K, committed 18944K, reserved 1048576K
}
Event: 799.957 GC heap before
{Heap before GC invocations=97 (full 0):
 garbage-first heap   total 238592K, used 197816K [0x0000000080000000, 0x0000000100000000)
  region size 1024K, 40 young (40960K), 3 survivors (3072K)
 Metaspace       used 136734K, capacity 141536K, committed 141824K, reserved 1171456K
  class space    used 17197K, capacity 18890K, committed 18944K, reserved 1048576K
}
Event: 799.971 GC heap after
{Heap after GC invocations=98 (full 0):
 garbage-first heap   total 286720K, used 161410K [0x0000000080000000, 0x0000000100000000)
  region size 1024K, 3 young (3072K), 3 survivors (3072K)
 Metaspace       used 136734K, capacity 141536K, committed 141824K, reserved 1171456K
  class space    used 17197K, capacity 18890K, committed 18944K, reserved 1048576K
}
Event: 800.196 GC heap before
{Heap before GC invocations=98 (full 0):
 garbage-first heap   total 286720K, used 172674K [0x0000000080000000, 0x0000000100000000)
  region size 1024K, 14 young (14336K), 3 survivors (3072K)
 Metaspace       used 136970K, capacity 141862K, committed 142208K, reserved 1173504K
  class space    used 17212K, capacity 18955K, committed 19072K, reserved 1048576K
}
Event: 800.221 GC heap after
{Heap after GC invocations=99 (full 0):
 garbage-first heap   total 286720K, used 152290K [0x0000000080000000, 0x0000000100000000)
  region size 1024K, 2 young (2048K), 2 survivors (2048K)
 Metaspace       used 136970K, capacity 141862K, committed 142208K, reserved 1173504K
  class space    used 17212K, capacity 18955K, committed 19072K, reserved 1048576K
}
Event: 801.002 GC heap before
{Heap before GC invocations=99 (full 0):
 garbage-first heap   total 286720K, used 213730K [0x0000000080000000, 0x0000000100000000)
  region size 1024K, 63 young (64512K), 2 survivors (2048K)
 Metaspace       used 137741K, capacity 142588K, committed 142720K, reserved 1173504K
  class space    used 17283K, capacity 19000K, committed 19072K, reserved 1048576K
}
Event: 801.021 GC heap after
{Heap after GC invocations=100 (full 0):
 garbage-first heap   total 286720K, used 155693K [0x0000000080000000, 0x0000000100000000)
  region size 1024K, 6 young (6144K), 6 survivors (6144K)
 Metaspace       used 137741K, capacity 142588K, committed 142720K, reserved 1173504K
  class space    used 17283K, capacity 19000K, committed 19072K, reserved 1048576K
}
Event: 802.224 GC heap before
{Heap before GC invocations=101 (full 0):
 garbage-first heap   total 286720K, used 218157K [0x0000000080000000, 0x0000000100000000)
  region size 1024K, 68 young (69632K), 6 survivors (6144K)
 Metaspace       used 139602K, capacity 144548K, committed 144768K, reserved 1175552K
  class space    used 17550K, capacity 19289K, committed 19328K, reserved 1048576K
}
Event: 802.251 GC heap after
{Heap after GC invocations=102 (full 0):
 garbage-first heap   total 286720K, used 167924K [0x0000000080000000, 0x0000000100000000)
  region size 1024K, 9 young (9216K), 9 survivors (9216K)
 Metaspace       used 139602K, capacity 144548K, committed 144768K, reserved 1175552K
  class space    used 17550K, capacity 19289K, committed 19328K, reserved 1048576K
}
Event: 802.320 GC heap before
{Heap before GC invocations=102 (full 0):
 garbage-first heap   total 286720K, used 173044K [0x0000000080000000, 0x0000000100000000)
  region size 1024K, 14 young (14336K), 9 survivors (9216K)
 Metaspace       used 139887K, capacity 144839K, committed 145024K, reserved 1175552K
  class space    used 17585K, capacity 19322K, committed 19328K, reserved 1048576K
}
Event: 802.354 GC heap after
{Heap after GC invocations=103 (full 0):
 garbage-first heap   total 372736K, used 161792K [0x0000000080000000, 0x0000000100000000)
  region size 1024K, 2 young (2048K), 2 survivors (2048K)
 Metaspace       used 139887K, capacity 144839K, committed 145024K, reserved 1175552K
  class space    used 17585K, capacity 19322K, committed 19328K, reserved 1048576K
}
Event: 803.439 GC heap before
{Heap before GC invocations=103 (full 0):
 garbage-first heap   total 372736K, used 256000K [0x0000000080000000, 0x0000000100000000)
  region size 1024K, 94 young (96256K), 2 survivors (2048K)
 Metaspace       used 143285K, capacity 148322K, committed 148480K, reserved 1177600K
  class space    used 18102K, capacity 19886K, committed 19968K, reserved 1048576K
}
Event: 803.491 GC heap after
{Heap after GC invocations=104 (full 0):
 garbage-first heap   total 372736K, used 178113K [0x0000000080000000, 0x0000000100000000)
  region size 1024K, 12 young (12288K), 12 survivors (12288K)
 Metaspace       used 143285K, capacity 148322K, committed 148480K, reserved 1177600K
  class space    used 18102K, capacity 19886K, committed 19968K, reserved 1048576K
}
Event: 804.794 GC heap before
{Heap before GC invocations=105 (full 0):
 garbage-first heap   total 372736K, used 270273K [0x0000000080000000, 0x0000000100000000)
  region size 1024K, 102 young (104448K), 12 survivors (12288K)
 Metaspace       used 145586K, capacity 150726K, committed 150784K, reserved 1179648K
  class space    used 18424K, capacity 20221K, committed 20224K, reserved 1048576K
}
Event: 804.853 GC heap after
{Heap after GC invocations=106 (full 0):
 garbage-first heap   total 372736K, used 188684K [0x0000000080000000, 0x0000000100000000)
  region size 1024K, 10 young (10240K), 10 survivors (10240K)
 Metaspace       used 145586K, capacity 150726K, committed 150784K, reserved 1179648K
  class space    used 18424K, capacity 20221K, committed 20224K, reserved 1048576K
}
Event: 805.766 GC heap before
{Heap before GC invocations=106 (full 0):
 garbage-first heap   total 372736K, used 279820K [0x0000000080000000, 0x0000000100000000)
  region size 1024K, 99 young (101376K), 10 survivors (10240K)
 Metaspace       used 146793K, capacity 152004K, committed 152064K, reserved 1181696K
  class space    used 18589K, capacity 20433K, committed 20480K, reserved 1048576K
}
Event: 805.795 GC heap after
{Heap after GC invocations=107 (full 0):
 garbage-first heap   total 372736K, used 191445K [0x0000000080000000, 0x0000000100000000)
  region size 1024K, 3 young (3072K), 3 survivors (3072K)
 Metaspace       used 146793K, capacity 152004K, committed 152064K, reserved 1181696K
  class space    used 18589K, capacity 20433K, committed 20480K, reserved 1048576K
}
Event: 807.453 GC heap before
{Heap before GC invocations=108 (full 0):
 garbage-first heap   total 372736K, used 286677K [0x0000000080000000, 0x0000000100000000)
  region size 1024K, 96 young (98304K), 3 survivors (3072K)
 Metaspace       used 147873K, capacity 153181K, committed 153472K, reserved 1181696K
  class space    used 18662K, capacity 20536K, committed 20608K, reserved 1048576K
}

Deoptimization events (20 events):
Event: 807.175 Thread 0x000001f346ccb000 DEOPT PACKING pc=0x000001f32ebf4b1f sp=0x00000069f89f8e30
Event: 807.175 Thread 0x000001f346ccb000 DEOPT UNPACKING pc=0x000001f32b6f764e sp=0x00000069f89f82c0 mode 0
Event: 807.180 Thread 0x000001f346cc4800 DEOPT PACKING pc=0x000001f32ec0a1bb sp=0x00000069f87f94a0
Event: 807.180 Thread 0x000001f346cc4800 DEOPT UNPACKING pc=0x000001f32b6f764e sp=0x00000069f87f8b28 mode 0
Event: 807.201 Thread 0x000001f346cca000 DEOPT PACKING pc=0x000001f32ebf4b1f sp=0x00000069f86f8f10
Event: 807.201 Thread 0x000001f346cca000 DEOPT UNPACKING pc=0x000001f32b6f764e sp=0x00000069f86f83a0 mode 0
Event: 807.213 Thread 0x000001f346ccb000 DEOPT PACKING pc=0x000001f32ebf4b1f sp=0x00000069f89f9660
Event: 807.213 Thread 0x000001f346ccb000 DEOPT UNPACKING pc=0x000001f32b6f764e sp=0x00000069f89f8af0 mode 0
Event: 807.251 Thread 0x000001f346ccb000 DEOPT PACKING pc=0x000001f32ee8eb70 sp=0x00000069f89f90e0
Event: 807.251 Thread 0x000001f346ccb000 DEOPT UNPACKING pc=0x000001f32b6f764e sp=0x00000069f89f87d0 mode 0
Event: 807.270 Thread 0x000001f346ccb000 Uncommon trap: trap_request=0xffffff7e fr.pc=0x000001f3339adae4 relative=0x0000000000000244
Event: 807.271 Thread 0x000001f346ccb000 Uncommon trap: reason=predicate action=maybe_recompile pc=0x000001f3339adae4 method=com.android.tools.r8.graph.c0.a([C)I @ 8 c2
Event: 807.271 Thread 0x000001f346ccb000 DEOPT PACKING pc=0x000001f3339adae4 sp=0x00000069f89f96b0
Event: 807.271 Thread 0x000001f346ccb000 DEOPT UNPACKING pc=0x000001f32b6f782f sp=0x00000069f89f9638 mode 2
Event: 807.302 Thread 0x000001f346cc4800 DEOPT PACKING pc=0x000001f32ec8c6e5 sp=0x00000069f87f9240
Event: 807.302 Thread 0x000001f346cc4800 DEOPT UNPACKING pc=0x000001f32b6f764e sp=0x00000069f87f8890 mode 0
Event: 807.402 Thread 0x000001f346ccb000 DEOPT PACKING pc=0x000001f32ec3f241 sp=0x00000069f89f94e0
Event: 807.402 Thread 0x000001f346ccb000 DEOPT UNPACKING pc=0x000001f32b6f764e sp=0x00000069f89f8980 mode 0
Event: 807.417 Thread 0x000001f346ccb000 DEOPT PACKING pc=0x000001f32eb99683 sp=0x00000069f89f94e0
Event: 807.417 Thread 0x000001f346ccb000 DEOPT UNPACKING pc=0x000001f32b6f764e sp=0x00000069f89f8980 mode 0

Classes redefined (0 events):
No events

Internal exceptions (20 events):
Event: 802.024 Thread 0x000001f346cca000 Exception <a 'java/lang/IncompatibleClassChangeError'{0x000000008ed65400}: Found class java.lang.Object, but interface was expected> (0x000000008ed65400) thrown at [./src/hotspot/share/interpreter/linkResolver.cpp, line 839]
Event: 802.069 Thread 0x000001f346ccb000 Exception <a 'sun/nio/fs/WindowsException'{0x000000008e3cb5b8}> (0x000000008e3cb5b8) thrown at [./src/hotspot/share/prims/jni.cpp, line 615]
Event: 802.084 Thread 0x000001f346cca000 Exception <a 'java/lang/NoSuchMethodError'{0x000000008e25dd10}: 'long java.lang.invoke.DirectMethodHandle$Holder.invokeStatic(java.lang.Object, long, java.lang.Object)'> (0x000000008e25dd10) thrown at [./src/hotspot/share/interpreter/linkResolver.cpp, line 773]
Event: 802.166 Thread 0x000001f346cca000 Exception <a 'java/lang/NoSuchMethodError'{0x000000008decbff8}: 'void java.lang.invoke.DirectMethodHandle$Holder.invokeStatic(java.lang.Object, java.lang.Object, java.lang.Object, int)'> (0x000000008decbff8) thrown at [./src/hotspot/share/interpreter/linkResolver.cpp, line 773]
Event: 802.168 Thread 0x000001f346cca000 Exception <a 'java/lang/IncompatibleClassChangeError'{0x000000008ded6190}: Found class java.lang.Object, but interface was expected> (0x000000008ded6190) thrown at [./src/hotspot/share/interpreter/linkResolver.cpp, line 839]
Event: 802.901 Thread 0x000001f346cca000 Exception <a 'java/lang/NoSuchMethodError'{0x0000000093b52ee0}: 'java.lang.Object java.lang.invoke.DirectMethodHandle$Holder.invokeVirtual(java.lang.Object, java.lang.Object, int, java.lang.Object)'> (0x0000000093b52ee0) thrown at [./src/hotspot/share/interpreter/linkResolver.cpp, line 773]
Event: 802.985 Thread 0x000001f346cca000 Exception <a 'java/lang/IncompatibleClassChangeError'{0x00000000931e1dc0}: Found class java.lang.Object, but interface was expected> (0x00000000931e1dc0) thrown at [./src/hotspot/share/interpreter/linkResolver.cpp, line 839]
Event: 802.997 Thread 0x000001f346cca000 Exception <a 'java/lang/IncompatibleClassChangeError'{0x00000000931ec7a8}: Found class java.lang.Object, but interface was expected> (0x00000000931ec7a8) thrown at [./src/hotspot/share/interpreter/linkResolver.cpp, line 839]
Event: 803.047 Thread 0x000001f346cca000 Exception <a 'java/lang/NoSuchMethodError'{0x000000009289a4a0}: 'void java.lang.invoke.DirectMethodHandle$Holder.invokeVirtual(java.lang.Object, java.lang.Object, int, java.lang.Object)'> (0x000000009289a4a0) thrown at [./src/hotspot/share/interpreter/linkResolver.cpp, line 773]
Event: 803.331 Thread 0x000001f346cca000 Exception <a 'java/lang/NoSuchMethodError'{0x000000009158ce58}: 'java.lang.Object java.lang.invoke.DirectMethodHandle$Holder.newInvokeSpecial(java.lang.Object, int)'> (0x000000009158ce58) thrown at [./src/hotspot/share/interpreter/linkResolver.cpp, line 773]
Event: 804.206 Thread 0x000001f346cca000 Exception <a 'java/lang/NoSuchMethodError'{0x0000000094874468}: 'java.lang.Object java.lang.invoke.DirectMethodHandle$Holder.invokeInterface(java.lang.Object, java.lang.Object, int)'> (0x0000000094874468) thrown at [./src/hotspot/share/interpreter/linkResolver.cpp, line 773]
Event: 804.773 Thread 0x000001f346cca000 Exception <a 'java/lang/NoSuchMethodError'{0x0000000091303818}: 'int java.lang.invoke.DirectMethodHandle$Holder.invokeInterface(java.lang.Object, java.lang.Object, int)'> (0x0000000091303818) thrown at [./src/hotspot/share/interpreter/linkResolver.cpp, line 773]
Event: 805.553 Thread 0x000001f346cca000 Exception <a 'java/lang/NoSuchMethodError'{0x0000000092428b10}: 'void java.lang.invoke.DirectMethodHandle$Holder.invokeSpecial(java.lang.Object, java.lang.Object, int, java.lang.Object, java.lang.Object, java.lang.Object, java.lang.Object)'> (0x0000000092428b10) thrown at [./src/hotspot/share/interpreter/linkResolver.cpp, line 773]
Event: 805.554 Thread 0x000001f346cca000 Exception <a 'java/lang/NoSuchMethodError'{0x0000000092434460}: 'java.lang.Object java.lang.invoke.Invokers$Holder.linkToTargetMethod(java.lang.Object, int, java.lang.Object, java.lang.Object, java.lang.Object, java.lang.Object)'> (0x0000000092434460) thrown at [./src/hotspot/share/interpreter/linkResolver.cpp, line 773]
Event: 805.555 Thread 0x000001f346cca000 Exception <a 'java/lang/NoSuchMethodError'{0x0000000092438910}: 'void java.lang.invoke.DirectMethodHandle$Holder.invokeSpecial(java.lang.Object, java.lang.Object, java.lang.Object, java.lang.Object, java.lang.Object, java.lang.Object, java.lang.Object, java.lang.Object, java.lang.Object)'> (0x0000000092438910) thrown at [./src/hotspot/share/interpreter/linkResolver.cpp, line 773]
Event: 805.570 Thread 0x000001f346cca000 Exception <a 'java/lang/NoSuchMethodError'{0x0000000092301dc0}: 'void java.lang.invoke.DirectMethodHandle$Holder.invokeStatic(java.lang.Object, java.lang.Object, java.lang.Object, java.lang.Object, java.lang.Object, java.lang.Object, java.lang.Object, java.lang.Object)'> (0x0000000092301dc0) thrown at [./src/hotspot/share/interpreter/linkResolver.cpp, line 773]
Event: 805.705 Thread 0x000001f346cca000 Exception <a 'java/lang/IncompatibleClassChangeError'{0x0000000091703ae0}: Found class java.lang.Object, but interface was expected> (0x0000000091703ae0) thrown at [./src/hotspot/share/interpreter/linkResolver.cpp, line 839]
Event: 806.032 Thread 0x000001f346cca000 Exception <a 'java/lang/NoSuchMethodError'{0x00000000963a2ba0}: 'void java.lang.invoke.DirectMethodHandle$Holder.invokeVirtual(java.lang.Object, java.lang.Object, int)'> (0x00000000963a2ba0) thrown at [./src/hotspot/share/interpreter/linkResolver.cpp, line 773]
Event: 806.162 Thread 0x000001f346cca000 Exception <a 'sun/nio/fs/WindowsException'{0x0000000095d013a0}> (0x0000000095d013a0) thrown at [./src/hotspot/share/prims/jni.cpp, line 615]
Event: 807.102 Thread 0x000001f346cca000 Exception <a 'sun/nio/fs/WindowsException'{0x000000009402fe60}> (0x000000009402fe60) thrown at [./src/hotspot/share/prims/jni.cpp, line 615]

Events (20 events):
Event: 807.166 loading class com/android/tools/r8/graph/Q done
Event: 807.167 loading class com/android/tools/r8/graph/c0
Event: 807.167 loading class com/android/tools/r8/graph/c0 done
Event: 807.167 loading class com/android/tools/r8/graph/Q
Event: 807.167 loading class com/android/tools/r8/graph/Q done
Event: 807.167 loading class com/android/tools/r8/graph/d0
Event: 807.167 loading class com/android/tools/r8/graph/d0 done
Event: 807.195 loading class java/util/IdentityHashMap$ValueIterator
Event: 807.196 loading class java/util/IdentityHashMap$ValueIterator done
Event: 807.196 Executing VM operation: Deoptimize
Event: 807.199 Executing VM operation: Deoptimize done
Event: 807.242 loading class com/android/tools/r8/internal/zh
Event: 807.242 loading class com/android/tools/r8/internal/zh done
Event: 807.403 loading class com/android/tools/r8/code/K2
Event: 807.403 loading class com/android/tools/r8/code/K2 done
Event: 807.404 loading class com/android/tools/r8/code/J2
Event: 807.404 loading class com/android/tools/r8/code/J2 done
Event: 807.408 loading class com/android/tools/r8/internal/ut
Event: 807.408 loading class com/android/tools/r8/internal/ut done
Event: 807.453 Executing VM operation: G1CollectForAllocation


Dynamic libraries:
0x00007ff68e220000 - 0x00007ff68e22a000 	D:\Android\Android Studio\jre\bin\java.exe
0x00007ffc87b20000 - 0x00007ffc87d0d000 	C:\Windows\SYSTEM32\ntdll.dll
0x00007ffc86dc0000 - 0x00007ffc86e74000 	C:\Windows\System32\KERNEL32.DLL
0x00007ffc84840000 - 0x00007ffc84ad5000 	C:\Windows\System32\KERNELBASE.dll
0x00007ffc83cb0000 - 0x00007ffc83daa000 	C:\Windows\System32\ucrtbase.dll
0x00007ffc77b70000 - 0x00007ffc77b89000 	D:\Android\Android Studio\jre\bin\jli.dll
0x00007ffc87530000 - 0x00007ffc876c8000 	C:\Windows\System32\USER32.dll
0x00007ffc84820000 - 0x00007ffc84840000 	C:\Windows\System32\win32u.dll
0x00007ffc868d0000 - 0x00007ffc868f9000 	C:\Windows\System32\GDI32.dll
0x00007ffc84ae0000 - 0x00007ffc84c7c000 	C:\Windows\System32\gdi32full.dll
0x00007ffc84cb0000 - 0x00007ffc84d50000 	C:\Windows\System32\msvcp_win.dll
0x00007ffc6fdc0000 - 0x00007ffc6fdd7000 	D:\Android\Android Studio\jre\bin\VCRUNTIME140.dll
0x00007ffc74d80000 - 0x00007ffc74ff9000 	C:\Windows\WinSxS\amd64_microsoft.windows.common-controls_6595b64144ccf1df_6.0.17763.2183_none_de75a23453475286\COMCTL32.dll
0x00007ffc873b0000 - 0x00007ffc8744e000 	C:\Windows\System32\msvcrt.dll
0x00007ffc86910000 - 0x00007ffc86c3d000 	C:\Windows\System32\combase.dll
0x00007ffc879d0000 - 0x00007ffc87aef000 	C:\Windows\System32\RPCRT4.dll
0x00007ffc83e60000 - 0x00007ffc83ee2000 	C:\Windows\System32\bcryptPrimitives.dll
0x00007ffc86840000 - 0x00007ffc8686e000 	C:\Windows\System32\IMM32.DLL
0x00007ffc6eab0000 - 0x00007ffc6eb4d000 	D:\Android\Android Studio\jre\bin\msvcp140.dll
0x00007ffc59c00000 - 0x00007ffc5a6cf000 	D:\Android\Android Studio\jre\bin\server\jvm.dll
0x00007ffc876d0000 - 0x00007ffc87774000 	C:\Windows\System32\ADVAPI32.dll
0x00007ffc84d50000 - 0x00007ffc84dee000 	C:\Windows\System32\sechost.dll
0x00007ffc86c40000 - 0x00007ffc86c48000 	C:\Windows\System32\PSAPI.DLL
0x00007ffc80450000 - 0x00007ffc80459000 	C:\Windows\SYSTEM32\WSOCK32.dll
0x00007ffc87960000 - 0x00007ffc879cd000 	C:\Windows\System32\WS2_32.dll
0x00007ffc81c70000 - 0x00007ffc81c94000 	C:\Windows\SYSTEM32\WINMM.dll
0x00007ffc75ad0000 - 0x00007ffc75ada000 	C:\Windows\SYSTEM32\VERSION.dll
0x00007ffc81c10000 - 0x00007ffc81c3d000 	C:\Windows\SYSTEM32\WINMMBASE.dll
0x00007ffc83c40000 - 0x00007ffc83c8a000 	C:\Windows\System32\cfgmgr32.dll
0x00007ffc83b60000 - 0x00007ffc83b71000 	C:\Windows\System32\kernel.appcore.dll
0x00007ffc7ceb0000 - 0x00007ffc7cec1000 	D:\Android\Android Studio\jre\bin\verify.dll
0x00007ffc735c0000 - 0x00007ffc737ad000 	C:\Windows\SYSTEM32\DBGHELP.DLL
0x00007ffc73590000 - 0x00007ffc735ba000 	C:\Windows\SYSTEM32\dbgcore.DLL
0x00007ffc7c510000 - 0x00007ffc7c539000 	D:\Android\Android Studio\jre\bin\java.dll
0x00007ffc7fe10000 - 0x00007ffc7fe1b000 	D:\Android\Android Studio\jre\bin\jimage.dll
0x00007ffc7cb40000 - 0x00007ffc7cb58000 	D:\Android\Android Studio\jre\bin\zip.dll
0x00007ffc85340000 - 0x00007ffc86838000 	C:\Windows\System32\SHELL32.dll
0x00007ffc86cb0000 - 0x00007ffc86d58000 	C:\Windows\System32\shcore.dll
0x00007ffc83ef0000 - 0x00007ffc8463a000 	C:\Windows\System32\windows.storage.dll
0x00007ffc83b10000 - 0x00007ffc83b34000 	C:\Windows\System32\profapi.dll
0x00007ffc83b80000 - 0x00007ffc83bdd000 	C:\Windows\System32\powrprof.dll
0x00007ffc86d60000 - 0x00007ffc86db2000 	C:\Windows\System32\shlwapi.dll
0x00007ffc83c90000 - 0x00007ffc83ca7000 	C:\Windows\System32\cryptsp.dll
0x00007ffc7c590000 - 0x00007ffc7c5aa000 	D:\Android\Android Studio\jre\bin\net.dll
0x00007ffc7f5f0000 - 0x00007ffc7f6e1000 	C:\Windows\SYSTEM32\WINHTTP.dll
0x00007ffc83300000 - 0x00007ffc83367000 	C:\Windows\system32\mswsock.dll
0x00007ffc7c4d0000 - 0x00007ffc7c4e4000 	D:\Android\Android Studio\jre\bin\nio.dll
0x00007ffc80460000 - 0x00007ffc80487000 	C:\Users\Home\.gradle\native\8bec1ad78214c89d9ad589b4d07fe93259594b29d510b10fafb7a158f7737e5d\windows-amd64\native-platform.dll
0x00007ffc6eb50000 - 0x00007ffc6ec8d000 	C:\Users\Home\.gradle\native\53dbd7edfb1c66fb8903c78663c9afc45aea4f116125fa6feffd364cf09443e8\windows-amd64\native-platform-file-events.dll
0x00007ffc7e630000 - 0x00007ffc7e63a000 	D:\Android\Android Studio\jre\bin\management.dll
0x00007ffc7cea0000 - 0x00007ffc7ceac000 	D:\Android\Android Studio\jre\bin\management_ext.dll
0x00007ffc82e90000 - 0x00007ffc82ec3000 	C:\Windows\system32\rsaenh.dll
0x00007ffc84c80000 - 0x00007ffc84ca6000 	C:\Windows\System32\bcrypt.dll
0x00007ffc83a40000 - 0x00007ffc83a69000 	C:\Windows\SYSTEM32\USERENV.dll
0x00007ffc834d0000 - 0x00007ffc834dc000 	C:\Windows\SYSTEM32\CRYPTBASE.dll
0x00007ffc83020000 - 0x00007ffc8305d000 	C:\Windows\SYSTEM32\IPHLPAPI.DLL
0x00007ffc84fa0000 - 0x00007ffc84fa8000 	C:\Windows\System32\NSI.dll
0x00007ffc7bb10000 - 0x00007ffc7bb26000 	C:\Windows\SYSTEM32\dhcpcsvc6.DLL
0x00007ffc7cb20000 - 0x00007ffc7cb3c000 	C:\Windows\SYSTEM32\dhcpcsvc.DLL
0x00007ffc83060000 - 0x00007ffc83126000 	C:\Windows\SYSTEM32\DNSAPI.dll
0x00007ffc7aaf0000 - 0x00007ffc7ab17000 	D:\Android\Android Studio\jre\bin\sunec.dll
0x00007ffc7ae60000 - 0x00007ffc7ae6a000 	C:\Windows\System32\rasadhlp.dll
0x00007ffc7af70000 - 0x00007ffc7afe9000 	C:\Windows\System32\fwpuclnt.dll
0x00007ffc803b0000 - 0x00007ffc803ce000 	C:\Users\Home\AppData\Local\Temp\native-platform17374019825426984164dir\native-platform.dll
0x00007ffc803a0000 - 0x00007ffc803a8000 	D:\Android\Android Studio\jre\bin\rmi.dll
0x00007ffc6b660000 - 0x00007ffc6b676000 	C:\Windows\system32\napinsp.dll
0x00007ffc6b480000 - 0x00007ffc6b49a000 	C:\Windows\system32\pnrpnsp.dll
0x00007ffc6b420000 - 0x00007ffc6b42e000 	C:\Windows\System32\winrnr.dll
0x00007ffc80370000 - 0x00007ffc8038b000 	C:\Windows\system32\NLAapi.dll
0x00007ffc6b400000 - 0x00007ffc6b415000 	C:\Windows\system32\wshbth.dll

dbghelp: loaded successfully - version: 4.0.5 - missing functions: none
symbol engine: initialized successfully - sym options: 0x614 - pdb path: .;D:\Android\Android Studio\jre\bin;C:\Windows\SYSTEM32;C:\Windows\WinSxS\amd64_microsoft.windows.common-controls_6595b64144ccf1df_6.0.17763.2183_none_de75a23453475286;D:\Android\Android Studio\jre\bin\server;C:\Users\Home\.gradle\native\8bec1ad78214c89d9ad589b4d07fe93259594b29d510b10fafb7a158f7737e5d\windows-amd64;C:\Users\Home\.gradle\native\53dbd7edfb1c66fb8903c78663c9afc45aea4f116125fa6feffd364cf09443e8\windows-amd64;C:\Users\Home\AppData\Local\Temp\native-platform17374019825426984164dir

VM Arguments:
jvm_args: --add-opens=java.base/java.util=ALL-UNNAMED --add-opens=java.base/java.lang=ALL-UNNAMED --add-opens=java.base/java.lang.invoke=ALL-UNNAMED --add-opens=java.base/java.util=ALL-UNNAMED --add-opens=java.prefs/java.util.prefs=ALL-UNNAMED --add-opens=java.prefs/java.util.prefs=ALL-UNNAMED --add-opens=java.base/java.nio.charset=ALL-UNNAMED --add-opens=java.base/java.net=ALL-UNNAMED --add-opens=java.base/java.util.concurrent.atomic=ALL-UNNAMED -Xmx2048m -Dfile.encoding=UTF-8 -Duser.country=RU -Duser.language=ru -Duser.variant 
java_command: org.gradle.launcher.daemon.bootstrap.GradleDaemon 7.0.2
java_class_path (initial): C:\Users\Home\.gradle\wrapper\dists\gradle-7.0.2-bin\857tjihv64xamwrf0h14cai3r\gradle-7.0.2\lib\gradle-launcher-7.0.2.jar
Launcher Type: SUN_STANDARD

[Global flags]
     intx CICompilerCount                          = 3                                         {product} {ergonomic}
     uint ConcGCThreads                            = 1                                         {product} {ergonomic}
     uint G1ConcRefinementThreads                  = 4                                         {product} {ergonomic}
   size_t G1HeapRegionSize                         = 1048576                                   {product} {ergonomic}
    uintx GCDrainStackTargetSize                   = 64                                        {product} {ergonomic}
   size_t InitialHeapSize                          = 65011712                                  {product} {ergonomic}
   size_t MarkStackSize                            = 4194304                                   {product} {ergonomic}
   size_t MaxHeapSize                              = 2147483648                                {product} {command line}
   size_t MaxNewSize                               = 1287651328                                {product} {ergonomic}
   size_t MinHeapDeltaBytes                        = 1048576                                   {product} {ergonomic}
    uintx NonNMethodCodeHeapSize                   = 5830732                                {pd product} {ergonomic}
    uintx NonProfiledCodeHeapSize                  = 122913754                              {pd product} {ergonomic}
    uintx ProfiledCodeHeapSize                     = 122913754                              {pd product} {ergonomic}
    uintx ReservedCodeCacheSize                    = 251658240                              {pd product} {ergonomic}
     bool SegmentedCodeCache                       = true                                      {product} {ergonomic}
     bool UseCompressedClassPointers               = true                                 {lp64_product} {ergonomic}
     bool UseCompressedOops                        = true                                 {lp64_product} {ergonomic}
     bool UseG1GC                                  = true                                      {product} {ergonomic}
     bool UseLargePagesIndividualAllocation        = false                                  {pd product} {ergonomic}

Logging:
Log output configuration:
 #0: stdout all=warning uptime,level,tags
 #1: stderr all=off uptime,level,tags

Environment Variables:
PATH=C:\Program Files (x86)\Common Files\Oracle\Java\javapath;C:\Windows\system32;C:\Windows;C:\Windows\System32\Wbem;C:\Windows\System32\WindowsPowerShell\v1.0\;C:\Windows\System32\OpenSSH\;D:\AndroidProjects\Git\cmd;C:\Users\Home\AppData\Local\Microsoft\WindowsApps;
USERNAME=Home
OS=Windows_NT
PROCESSOR_IDENTIFIER=Intel64 Family 6 Model 42 Stepping 7, GenuineIntel



---------------  S Y S T E M  ---------------

OS: Windows 10 , 64 bit Build 17763 (10.0.17763.2145)
OS uptime: 0 days 0:41 hours

CPU:total 4 (initial active 4) (2 cores per cpu, 2 threads per core) family 6 model 42 stepping 7 microcode 0x2f, cmov, cx8, fxsr, mmx, sse, sse2, sse3, ssse3, sse4.1, sse4.2, popcnt, avx, clmul, ht, tsc, tscinvbit

Memory: 4k page, system-wide physical 3932M (331M free)
TotalPageFile size 4658M (AvailPageFile size 89M)
current process WorkingSet (physical memory assigned to process): 686M, peak: 687M
current process commit charge ("private bytes"): 818M, peak: 989M

vm_info: OpenJDK 64-Bit Server VM (11.0.10+0-b96-7249189) for windows-amd64 JRE (11.0.10+0-b96-7249189), built on Mar 31 2021 21:44:00 by "builder" with MS VC++ 14.0 (VS2015)

END.
